This is pdfTeX, Version 3.14159265-2.6-1.40.19 (MiKTeX 2.9.6670 64-bit) (preloaded format=pdflatex 2018.4.23)  13 MAR 2021 18:33
entering extended mode
**"./8_Pathological designs.tex"
("8_Pathological designs.tex"
LaTeX2e <2018-04-01> patch level 2
Babel <3.18> and hyphenation patterns for 75 language(s) loaded.
("C:\Program Files\MiKTeX 2.9\tex\latex\beamer\beamer.cls"
Document Class: beamer 2018/02/20 v3.50 A class for typesetting presentations
("C:\Program Files\MiKTeX 2.9\tex\latex\beamer\beamerbasemodes.sty"
("C:\Program Files\MiKTeX 2.9\tex\latex\etoolbox\etoolbox.sty"
Package: etoolbox 2018/02/11 v2.5e e-TeX tools for LaTeX (JAW)
\etb@tempcnta=\count80
)
\beamer@tempbox=\box26
\beamer@tempcount=\count81
\c@beamerpauses=\count82

("C:\Program Files\MiKTeX 2.9\tex\latex\beamer\beamerbasedecode.sty"
\beamer@slideinframe=\count83
\beamer@minimum=\count84
)
\beamer@commentbox=\box27
\beamer@modecount=\count85
)
("C:\Program Files\MiKTeX 2.9\tex\generic\oberdiek\ifpdf.sty"
Package: ifpdf 2017/03/15 v3.2 Provides the ifpdf switch
)
\headdp=\dimen102
\footheight=\dimen103
\sidebarheight=\dimen104
\beamer@tempdim=\dimen105
\beamer@finalheight=\dimen106
\beamer@animht=\dimen107
\beamer@animdp=\dimen108
\beamer@animwd=\dimen109
\beamer@leftmargin=\dimen110
\beamer@rightmargin=\dimen111
\beamer@leftsidebar=\dimen112
\beamer@rightsidebar=\dimen113
\beamer@boxsize=\dimen114
\beamer@vboxoffset=\dimen115
\beamer@descdefault=\dimen116
\beamer@descriptionwidth=\dimen117
\beamer@lastskip=\skip41
\beamer@areabox=\box28
\beamer@animcurrent=\box29
\beamer@animshowbox=\box30
\beamer@sectionbox=\box31
\beamer@logobox=\box32
\beamer@linebox=\box33
\beamer@sectioncount=\count86
\beamer@subsubsectionmax=\count87
\beamer@subsectionmax=\count88
\beamer@sectionmax=\count89
\beamer@totalheads=\count90
\beamer@headcounter=\count91
\beamer@partstartpage=\count92
\beamer@sectionstartpage=\count93
\beamer@subsectionstartpage=\count94
\beamer@animationtempa=\count95
\beamer@animationtempb=\count96
\beamer@xpos=\count97
\beamer@ypos=\count98
\beamer@ypos@offset=\count99
\beamer@showpartnumber=\count100
\beamer@currentsubsection=\count101
\beamer@coveringdepth=\count102
\beamer@sectionadjust=\count103
\beamer@tocsectionnumber=\count104

("C:\Program Files\MiKTeX 2.9\tex\latex\beamer\beamerbaseoptions.sty"
("C:\Program Files\MiKTeX 2.9\tex\latex\graphics\keyval.sty"
Package: keyval 2014/10/28 v1.15 key=value parser (DPC)
\KV@toks@=\toks14
))
\beamer@paperwidth=\skip42
\beamer@paperheight=\skip43

("C:\Program Files\MiKTeX 2.9\tex\latex\geometry\geometry.sty"
Package: geometry 2018/03/24 v5.7 Page Geometry

("C:\Program Files\MiKTeX 2.9\tex\generic\oberdiek\ifvtex.sty"
Package: ifvtex 2016/05/16 v1.6 Detect VTeX and its facilities (HO)
Package ifvtex Info: VTeX not detected.
)
("C:\Program Files\MiKTeX 2.9\tex\generic\ifxetex\ifxetex.sty"
Package: ifxetex 2010/09/12 v0.6 Provides ifxetex conditional
)
\Gm@cnth=\count105
\Gm@cntv=\count106
\c@Gm@tempcnt=\count107
\Gm@bindingoffset=\dimen118
\Gm@wd@mp=\dimen119
\Gm@odd@mp=\dimen120
\Gm@even@mp=\dimen121
\Gm@layoutwidth=\dimen122
\Gm@layoutheight=\dimen123
\Gm@layouthoffset=\dimen124
\Gm@layoutvoffset=\dimen125
\Gm@dimlist=\toks15

("C:\Program Files\MiKTeX 2.9\tex\latex\geometry\geometry.cfg"))
("C:\Program Files\MiKTeX 2.9\tex\latex\base\size11.clo"
File: size11.clo 2014/09/29 v1.4h Standard LaTeX file (size option)
)
("C:\Program Files\MiKTeX 2.9\tex\latex\pgf\basiclayer\pgfcore.sty"
("C:\Program Files\MiKTeX 2.9\tex\latex\graphics\graphicx.sty"
Package: graphicx 2017/06/01 v1.1a Enhanced LaTeX Graphics (DPC,SPQR)

("C:\Program Files\MiKTeX 2.9\tex\latex\graphics\graphics.sty"
Package: graphics 2017/06/25 v1.2c Standard LaTeX Graphics (DPC,SPQR)

("C:\Program Files\MiKTeX 2.9\tex\latex\graphics\trig.sty"
Package: trig 2016/01/03 v1.10 sin cos tan (DPC)
)
("C:\Program Files\MiKTeX 2.9\tex\latex\graphics-cfg\graphics.cfg"
File: graphics.cfg 2016/06/04 v1.11 sample graphics configuration
)
Package graphics Info: Driver file: pdftex.def on input line 99.

("C:\Program Files\MiKTeX 2.9\tex\latex\graphics-def\pdftex.def"
File: pdftex.def 2018/01/08 v1.0l Graphics/color driver for pdftex
))
\Gin@req@height=\dimen126
\Gin@req@width=\dimen127
)
("C:\Program Files\MiKTeX 2.9\tex\latex\pgf\systemlayer\pgfsys.sty"
("C:\Program Files\MiKTeX 2.9\tex\latex\pgf\utilities\pgfrcs.sty"
("C:\Program Files\MiKTeX 2.9\tex\generic\pgf\utilities\pgfutil-common.tex"
\pgfutil@everybye=\toks16
\pgfutil@tempdima=\dimen128
\pgfutil@tempdimb=\dimen129

("C:\Program Files\MiKTeX 2.9\tex\generic\pgf\utilities\pgfutil-common-lists.te
x")) ("C:\Program Files\MiKTeX 2.9\tex\generic\pgf\utilities\pgfutil-latex.def"
\pgfutil@abb=\box34
("C:\Program Files\MiKTeX 2.9\tex\latex\ms\everyshi.sty"
Package: everyshi 2001/05/15 v3.00 EveryShipout Package (MS)
))
("C:\Program Files\MiKTeX 2.9\tex\generic\pgf\utilities\pgfrcs.code.tex"
Package: pgfrcs 2015/08/07 v3.0.1a (rcs-revision 1.31)
))
("C:\Program Files\MiKTeX 2.9\tex\generic\pgf\systemlayer\pgfsys.code.tex"
Package: pgfsys 2014/07/09 v3.0.1a (rcs-revision 1.48)

("C:\Program Files\MiKTeX 2.9\tex\generic\pgf\utilities\pgfkeys.code.tex"
\pgfkeys@pathtoks=\toks17
\pgfkeys@temptoks=\toks18

("C:\Program Files\MiKTeX 2.9\tex\generic\pgf\utilities\pgfkeysfiltered.code.te
x"
\pgfkeys@tmptoks=\toks19
))
\pgf@x=\dimen130
\pgf@y=\dimen131
\pgf@xa=\dimen132
\pgf@ya=\dimen133
\pgf@xb=\dimen134
\pgf@yb=\dimen135
\pgf@xc=\dimen136
\pgf@yc=\dimen137
\w@pgf@writea=\write3
\r@pgf@reada=\read1
\c@pgf@counta=\count108
\c@pgf@countb=\count109
\c@pgf@countc=\count110
\c@pgf@countd=\count111
\t@pgf@toka=\toks20
\t@pgf@tokb=\toks21
\t@pgf@tokc=\toks22
 ("C:\Program Files\MiKTeX 2.9\tex\generic\pgf\systemlayer\pgf.cfg"
File: pgf.cfg 2008/05/14  (rcs-revision 1.7)
)
Driver file for pgf: pgfsys-pdftex.def

("C:\Program Files\MiKTeX 2.9\tex\generic\pgf\systemlayer\pgfsys-pdftex.def"
File: pgfsys-pdftex.def 2014/10/11  (rcs-revision 1.35)

("C:\Program Files\MiKTeX 2.9\tex\generic\pgf\systemlayer\pgfsys-common-pdf.def
"
File: pgfsys-common-pdf.def 2013/10/10  (rcs-revision 1.13)
)))
("C:\Program Files\MiKTeX 2.9\tex\generic\pgf\systemlayer\pgfsyssoftpath.code.t
ex"
File: pgfsyssoftpath.code.tex 2013/09/09  (rcs-revision 1.9)
\pgfsyssoftpath@smallbuffer@items=\count112
\pgfsyssoftpath@bigbuffer@items=\count113
)
("C:\Program Files\MiKTeX 2.9\tex\generic\pgf\systemlayer\pgfsysprotocol.code.t
ex"
File: pgfsysprotocol.code.tex 2006/10/16  (rcs-revision 1.4)
)) ("C:\Program Files\MiKTeX 2.9\tex\latex\xcolor\xcolor.sty"
Package: xcolor 2016/05/11 v2.12 LaTeX color extensions (UK)

("C:\Program Files\MiKTeX 2.9\tex\latex\graphics-cfg\color.cfg"
File: color.cfg 2016/01/02 v1.6 sample color configuration
)
Package xcolor Info: Driver file: pdftex.def on input line 225.
Package xcolor Info: Model `cmy' substituted by `cmy0' on input line 1348.
Package xcolor Info: Model `hsb' substituted by `rgb' on input line 1352.
Package xcolor Info: Model `RGB' extended on input line 1364.
Package xcolor Info: Model `HTML' substituted by `rgb' on input line 1366.
Package xcolor Info: Model `Hsb' substituted by `hsb' on input line 1367.
Package xcolor Info: Model `tHsb' substituted by `hsb' on input line 1368.
Package xcolor Info: Model `HSB' substituted by `hsb' on input line 1369.
Package xcolor Info: Model `Gray' substituted by `gray' on input line 1370.
Package xcolor Info: Model `wave' substituted by `hsb' on input line 1371.
)
("C:\Program Files\MiKTeX 2.9\tex\generic\pgf\basiclayer\pgfcore.code.tex"
Package: pgfcore 2010/04/11 v3.0.1a (rcs-revision 1.7)

("C:\Program Files\MiKTeX 2.9\tex\generic\pgf\math\pgfmath.code.tex"
("C:\Program Files\MiKTeX 2.9\tex\generic\pgf\math\pgfmathcalc.code.tex"
("C:\Program Files\MiKTeX 2.9\tex\generic\pgf\math\pgfmathutil.code.tex")
("C:\Program Files\MiKTeX 2.9\tex\generic\pgf\math\pgfmathparser.code.tex"
\pgfmath@dimen=\dimen138
\pgfmath@count=\count114
\pgfmath@box=\box35
\pgfmath@toks=\toks23
\pgfmath@stack@operand=\toks24
\pgfmath@stack@operation=\toks25
)
("C:\Program Files\MiKTeX 2.9\tex\generic\pgf\math\pgfmathfunctions.code.tex"
("C:\Program Files\MiKTeX 2.9\tex\generic\pgf\math\pgfmathfunctions.basic.code.
tex")
("C:\Program Files\MiKTeX 2.9\tex\generic\pgf\math\pgfmathfunctions.trigonometr
ic.code.tex")
("C:\Program Files\MiKTeX 2.9\tex\generic\pgf\math\pgfmathfunctions.random.code
.tex")
("C:\Program Files\MiKTeX 2.9\tex\generic\pgf\math\pgfmathfunctions.comparison.
code.tex")
("C:\Program Files\MiKTeX 2.9\tex\generic\pgf\math\pgfmathfunctions.base.code.t
ex")
("C:\Program Files\MiKTeX 2.9\tex\generic\pgf\math\pgfmathfunctions.round.code.
tex")
("C:\Program Files\MiKTeX 2.9\tex\generic\pgf\math\pgfmathfunctions.misc.code.t
ex")
("C:\Program Files\MiKTeX 2.9\tex\generic\pgf\math\pgfmathfunctions.integerarit
hmetics.code.tex")))
("C:\Program Files\MiKTeX 2.9\tex\generic\pgf\math\pgfmathfloat.code.tex"
\c@pgfmathroundto@lastzeros=\count115
))
("C:\Program Files\MiKTeX 2.9\tex\generic\pgf\basiclayer\pgfcorepoints.code.tex
"
File: pgfcorepoints.code.tex 2013/10/07  (rcs-revision 1.27)
\pgf@picminx=\dimen139
\pgf@picmaxx=\dimen140
\pgf@picminy=\dimen141
\pgf@picmaxy=\dimen142
\pgf@pathminx=\dimen143
\pgf@pathmaxx=\dimen144
\pgf@pathminy=\dimen145
\pgf@pathmaxy=\dimen146
\pgf@xx=\dimen147
\pgf@xy=\dimen148
\pgf@yx=\dimen149
\pgf@yy=\dimen150
\pgf@zx=\dimen151
\pgf@zy=\dimen152
)
("C:\Program Files\MiKTeX 2.9\tex\generic\pgf\basiclayer\pgfcorepathconstruct.c
ode.tex"
File: pgfcorepathconstruct.code.tex 2013/10/07  (rcs-revision 1.29)
\pgf@path@lastx=\dimen153
\pgf@path@lasty=\dimen154
)
("C:\Program Files\MiKTeX 2.9\tex\generic\pgf\basiclayer\pgfcorepathusage.code.
tex"
File: pgfcorepathusage.code.tex 2014/11/02  (rcs-revision 1.24)
\pgf@shorten@end@additional=\dimen155
\pgf@shorten@start@additional=\dimen156
)
("C:\Program Files\MiKTeX 2.9\tex\generic\pgf\basiclayer\pgfcorescopes.code.tex
"
File: pgfcorescopes.code.tex 2015/05/08  (rcs-revision 1.46)
\pgfpic=\box36
\pgf@hbox=\box37
\pgf@layerbox@main=\box38
\pgf@picture@serial@count=\count116
)
("C:\Program Files\MiKTeX 2.9\tex\generic\pgf\basiclayer\pgfcoregraphicstate.co
de.tex"
File: pgfcoregraphicstate.code.tex 2014/11/02  (rcs-revision 1.12)
\pgflinewidth=\dimen157
)
("C:\Program Files\MiKTeX 2.9\tex\generic\pgf\basiclayer\pgfcoretransformations
.code.tex"
File: pgfcoretransformations.code.tex 2015/08/07  (rcs-revision 1.20)
\pgf@pt@x=\dimen158
\pgf@pt@y=\dimen159
\pgf@pt@temp=\dimen160
)
("C:\Program Files\MiKTeX 2.9\tex\generic\pgf\basiclayer\pgfcorequick.code.tex"
File: pgfcorequick.code.tex 2008/10/09  (rcs-revision 1.3)
)
("C:\Program Files\MiKTeX 2.9\tex\generic\pgf\basiclayer\pgfcoreobjects.code.te
x"
File: pgfcoreobjects.code.tex 2006/10/11  (rcs-revision 1.2)
)
("C:\Program Files\MiKTeX 2.9\tex\generic\pgf\basiclayer\pgfcorepathprocessing.
code.tex"
File: pgfcorepathprocessing.code.tex 2013/09/09  (rcs-revision 1.9)
)
("C:\Program Files\MiKTeX 2.9\tex\generic\pgf\basiclayer\pgfcorearrows.code.tex
"
File: pgfcorearrows.code.tex 2015/05/14  (rcs-revision 1.43)
\pgfarrowsep=\dimen161
)
("C:\Program Files\MiKTeX 2.9\tex\generic\pgf\basiclayer\pgfcoreshade.code.tex"
File: pgfcoreshade.code.tex 2013/07/15  (rcs-revision 1.15)
\pgf@max=\dimen162
\pgf@sys@shading@range@num=\count117
) ("C:\Program Files\MiKTeX 2.9\tex\generic\pgf\basiclayer\pgfcoreimage.code.te
x"
File: pgfcoreimage.code.tex 2013/07/15  (rcs-revision 1.18)

("C:\Program Files\MiKTeX 2.9\tex\generic\pgf\basiclayer\pgfcoreexternal.code.t
ex"
File: pgfcoreexternal.code.tex 2014/07/09  (rcs-revision 1.21)
\pgfexternal@startupbox=\box39
))
("C:\Program Files\MiKTeX 2.9\tex\generic\pgf\basiclayer\pgfcorelayers.code.tex
"
File: pgfcorelayers.code.tex 2013/07/18  (rcs-revision 1.7)
)
("C:\Program Files\MiKTeX 2.9\tex\generic\pgf\basiclayer\pgfcoretransparency.co
de.tex"
File: pgfcoretransparency.code.tex 2013/09/30  (rcs-revision 1.5)
)
("C:\Program Files\MiKTeX 2.9\tex\generic\pgf\basiclayer\pgfcorepatterns.code.t
ex"
File: pgfcorepatterns.code.tex 2013/11/07  (rcs-revision 1.5)
))) ("C:\Program Files\MiKTeX 2.9\tex\latex\pgf\utilities\xxcolor.sty"
Package: xxcolor 2003/10/24 ver 0.1
\XC@nummixins=\count118
\XC@countmixins=\count119
)
("C:\Program Files\MiKTeX 2.9\tex\generic\oberdiek\atbegshi.sty"
Package: atbegshi 2016/06/09 v1.18 At begin shipout hook (HO)

("C:\Program Files\MiKTeX 2.9\tex\generic\oberdiek\infwarerr.sty"
Package: infwarerr 2016/05/16 v1.4 Providing info/warning/error messages (HO)
)
("C:\Program Files\MiKTeX 2.9\tex\generic\oberdiek\ltxcmds.sty"
Package: ltxcmds 2016/05/16 v1.23 LaTeX kernel commands for general use (HO)
))
("C:\Program Files\MiKTeX 2.9\tex\latex\hyperref\hyperref.sty"
Package: hyperref 2018/02/06 v6.86b Hypertext links for LaTeX

("C:\Program Files\MiKTeX 2.9\tex\generic\oberdiek\hobsub-hyperref.sty"
Package: hobsub-hyperref 2016/05/16 v1.14 Bundle oberdiek, subset hyperref (HO)


("C:\Program Files\MiKTeX 2.9\tex\generic\oberdiek\hobsub-generic.sty"
Package: hobsub-generic 2016/05/16 v1.14 Bundle oberdiek, subset generic (HO)
Package: hobsub 2016/05/16 v1.14 Construct package bundles (HO)
Package hobsub Info: Skipping package `infwarerr' (already loaded).
Package hobsub Info: Skipping package `ltxcmds' (already loaded).
Package: ifluatex 2016/05/16 v1.4 Provides the ifluatex switch (HO)
Package ifluatex Info: LuaTeX not detected.
Package hobsub Info: Skipping package `ifvtex' (already loaded).
Package: intcalc 2016/05/16 v1.2 Expandable calculations with integers (HO)
Package hobsub Info: Skipping package `ifpdf' (already loaded).
Package: etexcmds 2016/05/16 v1.6 Avoid name clashes with e-TeX commands (HO)
Package etexcmds Info: Could not find \expanded.
(etexcmds)             That can mean that you are not using pdfTeX 1.50 or
(etexcmds)             that some package has redefined \expanded.
(etexcmds)             In the latter case, load this package earlier.
Package: kvsetkeys 2016/05/16 v1.17 Key value parser (HO)
Package: kvdefinekeys 2016/05/16 v1.4 Define keys (HO)
Package: pdftexcmds 2018/01/30 v0.27 Utility functions of pdfTeX for LuaTeX (HO
)
Package pdftexcmds Info: LuaTeX not detected.
Package pdftexcmds Info: \pdf@primitive is available.
Package pdftexcmds Info: \pdf@ifprimitive is available.
Package pdftexcmds Info: \pdfdraftmode found.
Package: pdfescape 2016/05/16 v1.14 Implements pdfTeX's escape features (HO)
Package: bigintcalc 2016/05/16 v1.4 Expandable calculations on big integers (HO
)
Package: bitset 2016/05/16 v1.2 Handle bit-vector datatype (HO)
Package: uniquecounter 2016/05/16 v1.3 Provide unlimited unique counter (HO)
)
Package hobsub Info: Skipping package `hobsub' (already loaded).
Package: letltxmacro 2016/05/16 v1.5 Let assignment for LaTeX macros (HO)
Package: hopatch 2016/05/16 v1.3 Wrapper for package hooks (HO)
Package: xcolor-patch 2016/05/16 xcolor patch
Package: atveryend 2016/05/16 v1.9 Hooks at the very end of document (HO)
Package hobsub Info: Skipping package `atbegshi' (already loaded).
Package: refcount 2016/05/16 v3.5 Data extraction from label references (HO)
Package: hycolor 2016/05/16 v1.8 Color options for hyperref/bookmark (HO)
)
("C:\Program Files\MiKTeX 2.9\tex\latex\oberdiek\auxhook.sty"
Package: auxhook 2016/05/16 v1.4 Hooks for auxiliary files (HO)
)
("C:\Program Files\MiKTeX 2.9\tex\latex\oberdiek\kvoptions.sty"
Package: kvoptions 2016/05/16 v3.12 Key value format for package options (HO)
)
\@linkdim=\dimen163
\Hy@linkcounter=\count120
\Hy@pagecounter=\count121

("C:\Program Files\MiKTeX 2.9\tex\latex\hyperref\pd1enc.def"
File: pd1enc.def 2018/02/06 v6.86b Hyperref: PDFDocEncoding definition (HO)
Now handling font encoding PD1 ...
... no UTF-8 mapping file for font encoding PD1
)
\Hy@SavedSpaceFactor=\count122

("C:\Program Files\MiKTeX 2.9\tex\latex\00miktex\hyperref.cfg"
File: hyperref.cfg 2002/06/06 v1.2 hyperref configuration of TeXLive
)
Package hyperref Info: Option `bookmarks' set `true' on input line 4383.
Package hyperref Info: Option `bookmarksopen' set `true' on input line 4383.
Package hyperref Info: Option `implicit' set `false' on input line 4383.
Package hyperref Info: Hyper figures OFF on input line 4509.
Package hyperref Info: Link nesting OFF on input line 4514.
Package hyperref Info: Hyper index ON on input line 4517.
Package hyperref Info: Plain pages OFF on input line 4524.
Package hyperref Info: Backreferencing OFF on input line 4529.
Package hyperref Info: Implicit mode OFF; no redefinition of LaTeX internals.
Package hyperref Info: Bookmarks ON on input line 4762.
\c@Hy@tempcnt=\count123

("C:\Program Files\MiKTeX 2.9\tex\latex\url\url.sty"
\Urlmuskip=\muskip10
Package: url 2013/09/16  ver 3.4  Verb mode for urls, etc.
)
LaTeX Info: Redefining \url on input line 5115.
\XeTeXLinkMargin=\dimen164
\Fld@menulength=\count124
\Field@Width=\dimen165
\Fld@charsize=\dimen166
Package hyperref Info: Hyper figures OFF on input line 6369.
Package hyperref Info: Link nesting OFF on input line 6374.
Package hyperref Info: Hyper index ON on input line 6377.
Package hyperref Info: backreferencing OFF on input line 6384.
Package hyperref Info: Link coloring OFF on input line 6389.
Package hyperref Info: Link coloring with OCG OFF on input line 6394.
Package hyperref Info: PDF/A mode OFF on input line 6399.
LaTeX Info: Redefining \ref on input line 6439.
LaTeX Info: Redefining \pageref on input line 6443.
\Hy@abspage=\count125


Package hyperref Message: Stopped early.

)
Package hyperref Info: Driver (autodetected): hpdftex.
 ("C:\Program Files\MiKTeX 2.9\tex\latex\hyperref\hpdftex.def"
File: hpdftex.def 2018/02/06 v6.86b Hyperref driver for pdfTeX
\Fld@listcount=\count126
\c@bookmark@seq@number=\count127

("C:\Program Files\MiKTeX 2.9\tex\latex\oberdiek\rerunfilecheck.sty"
Package: rerunfilecheck 2016/05/16 v1.8 Rerun checks for auxiliary files (HO)
Package uniquecounter Info: New unique counter `rerunfilecheck' on input line 2
82.
))
("C:\Program Files\MiKTeX 2.9\tex\latex\beamer\beamerbaserequires.sty"
("C:\Program Files\MiKTeX 2.9\tex\latex\beamer\beamerbasecompatibility.sty")
("C:\Program Files\MiKTeX 2.9\tex\latex\beamer\beamerbasefont.sty"
("C:\Program Files\MiKTeX 2.9\tex\latex\amsfonts\amssymb.sty"
Package: amssymb 2013/01/14 v3.01 AMS font symbols

("C:\Program Files\MiKTeX 2.9\tex\latex\amsfonts\amsfonts.sty"
Package: amsfonts 2013/01/14 v3.01 Basic AMSFonts support
\@emptytoks=\toks26
\symAMSa=\mathgroup4
\symAMSb=\mathgroup5
LaTeX Font Info:    Overwriting math alphabet `\mathfrak' in version `bold'
(Font)                  U/euf/m/n --> U/euf/b/n on input line 106.
))
("C:\Program Files\MiKTeX 2.9\tex\latex\sansmathaccent\sansmathaccent.sty"
Package: sansmathaccent 2013/03/28

("C:\Program Files\MiKTeX 2.9\tex\latex\filehook\filehook.sty"
Package: filehook 2011/10/12 v0.5d Hooks for input files
)))
("C:\Program Files\MiKTeX 2.9\tex\latex\beamer\beamerbasetranslator.sty"
("C:\Program Files\MiKTeX 2.9\tex\latex\translator\translator.sty"
Package: translator 2018/01/04 v1.12 Easy translation of strings in LaTeX
))
("C:\Program Files\MiKTeX 2.9\tex\latex\beamer\beamerbasemisc.sty")
("C:\Program Files\MiKTeX 2.9\tex\latex\beamer\beamerbasetwoscreens.sty")
("C:\Program Files\MiKTeX 2.9\tex\latex\beamer\beamerbaseoverlay.sty"
\beamer@argscount=\count128
\beamer@lastskipcover=\skip44
\beamer@trivlistdepth=\count129
)
("C:\Program Files\MiKTeX 2.9\tex\latex\beamer\beamerbasetitle.sty")
("C:\Program Files\MiKTeX 2.9\tex\latex\beamer\beamerbasesection.sty"
\c@lecture=\count130
\c@part=\count131
\c@section=\count132
\c@subsection=\count133
\c@subsubsection=\count134
)
("C:\Program Files\MiKTeX 2.9\tex\latex\beamer\beamerbaseframe.sty"
\beamer@framebox=\box40
\beamer@frametitlebox=\box41
\beamer@zoombox=\box42
\beamer@zoomcount=\count135
\beamer@zoomframecount=\count136
\beamer@frametextheight=\dimen167
\c@subsectionslide=\count137
\beamer@frametopskip=\skip45
\beamer@framebottomskip=\skip46
\beamer@frametopskipautobreak=\skip47
\beamer@framebottomskipautobreak=\skip48
\beamer@envbody=\toks27
\framewidth=\dimen168
\c@framenumber=\count138
)
("C:\Program Files\MiKTeX 2.9\tex\latex\beamer\beamerbaseverbatim.sty"
\beamer@verbatimfileout=\write4
)
("C:\Program Files\MiKTeX 2.9\tex\latex\beamer\beamerbaseframesize.sty"
\beamer@splitbox=\box43
\beamer@autobreakcount=\count139
\beamer@autobreaklastheight=\dimen169
\beamer@frametitletoks=\toks28
\beamer@framesubtitletoks=\toks29
)
("C:\Program Files\MiKTeX 2.9\tex\latex\beamer\beamerbaseframecomponents.sty"
\beamer@footins=\box44
)
("C:\Program Files\MiKTeX 2.9\tex\latex\beamer\beamerbasecolor.sty"
\beamer@bg@ht=\dimen170
\beamer@bg@wd=\dimen171
\beamer@bg@dp=\dimen172
)
("C:\Program Files\MiKTeX 2.9\tex\latex\beamer\beamerbasenotes.sty"
\beamer@frameboxcopy=\box45
)
("C:\Program Files\MiKTeX 2.9\tex\latex\beamer\beamerbasetoc.sty")
("C:\Program Files\MiKTeX 2.9\tex\latex\beamer\beamerbasetemplates.sty"
\beamer@sbttoks=\toks30

("C:\Program Files\MiKTeX 2.9\tex\latex\beamer\beamerbaseauxtemplates.sty"
("C:\Program Files\MiKTeX 2.9\tex\latex\beamer\beamerbaseboxes.sty"
\bmb@box=\box46
\bmb@colorbox=\box47
\bmb@boxshadow=\box48
\bmb@boxshadowball=\box49
\bmb@boxshadowballlarge=\box50
\bmb@temp=\dimen173
\bmb@dima=\dimen174
\bmb@dimb=\dimen175
\bmb@prevheight=\dimen176
)
\beamer@blockheadheight=\dimen177
))
("C:\Program Files\MiKTeX 2.9\tex\latex\beamer\beamerbaselocalstructure.sty"
("C:\Program Files\MiKTeX 2.9\tex\latex\tools\enumerate.sty"
Package: enumerate 2015/07/23 v3.00 enumerate extensions (DPC)
\@enLab=\toks31
)
\c@figure=\count140
\c@table=\count141
\abovecaptionskip=\skip49
\belowcaptionskip=\skip50
)
("C:\Program Files\MiKTeX 2.9\tex\latex\beamer\beamerbasenavigation.sty"
\beamer@section@min@dim=\dimen178
)
("C:\Program Files\MiKTeX 2.9\tex\latex\beamer\beamerbasetheorems.sty"
("C:\Program Files\MiKTeX 2.9\tex\latex\amsmath\amsmath.sty"
Package: amsmath 2017/09/02 v2.17a AMS math features
\@mathmargin=\skip51

For additional information on amsmath, use the `?' option.
("C:\Program Files\MiKTeX 2.9\tex\latex\amsmath\amstext.sty"
Package: amstext 2000/06/29 v2.01 AMS text

("C:\Program Files\MiKTeX 2.9\tex\latex\amsmath\amsgen.sty"
File: amsgen.sty 1999/11/30 v2.0 generic functions
\@emptytoks=\toks32
\ex@=\dimen179
))
("C:\Program Files\MiKTeX 2.9\tex\latex\amsmath\amsbsy.sty"
Package: amsbsy 1999/11/29 v1.2d Bold Symbols
\pmbraise@=\dimen180
)
("C:\Program Files\MiKTeX 2.9\tex\latex\amsmath\amsopn.sty"
Package: amsopn 2016/03/08 v2.02 operator names
)
\inf@bad=\count142
LaTeX Info: Redefining \frac on input line 213.
\uproot@=\count143
\leftroot@=\count144
LaTeX Info: Redefining \overline on input line 375.
\classnum@=\count145
\DOTSCASE@=\count146
LaTeX Info: Redefining \ldots on input line 472.
LaTeX Info: Redefining \dots on input line 475.
LaTeX Info: Redefining \cdots on input line 596.
\Mathstrutbox@=\box51
\strutbox@=\box52
\big@size=\dimen181
LaTeX Font Info:    Redeclaring font encoding OML on input line 712.
LaTeX Font Info:    Redeclaring font encoding OMS on input line 713.
\macc@depth=\count147
\c@MaxMatrixCols=\count148
\dotsspace@=\muskip11
\c@parentequation=\count149
\dspbrk@lvl=\count150
\tag@help=\toks33
\row@=\count151
\column@=\count152
\maxfields@=\count153
\andhelp@=\toks34
\eqnshift@=\dimen182
\alignsep@=\dimen183
\tagshift@=\dimen184
\tagwidth@=\dimen185
\totwidth@=\dimen186
\lineht@=\dimen187
\@envbody=\toks35
\multlinegap=\skip52
\multlinetaggap=\skip53
\mathdisplay@stack=\toks36
LaTeX Info: Redefining \[ on input line 2817.
LaTeX Info: Redefining \] on input line 2818.
)
("C:\Program Files\MiKTeX 2.9\tex\latex\amscls\amsthm.sty"
Package: amsthm 2017/10/31 v2.20.4
\thm@style=\toks37
\thm@bodyfont=\toks38
\thm@headfont=\toks39
\thm@notefont=\toks40
\thm@headpunct=\toks41
\thm@preskip=\skip54
\thm@postskip=\skip55
\thm@headsep=\skip56
\dth@everypar=\toks42
)
\c@theorem=\count154
)
("C:\Program Files\MiKTeX 2.9\tex\latex\beamer\beamerbasethemes.sty"))
("C:\Program Files\MiKTeX 2.9\tex\latex\beamer\beamerthemedefault.sty"
("C:\Program Files\MiKTeX 2.9\tex\latex\beamer\beamerfontthemedefault.sty")
("C:\Program Files\MiKTeX 2.9\tex\latex\beamer\beamercolorthemedefault.sty")
("C:\Program Files\MiKTeX 2.9\tex\latex\beamer\beamerinnerthemedefault.sty"
\beamer@dima=\dimen188
\beamer@dimb=\dimen189
)
("C:\Program Files\MiKTeX 2.9\tex\latex\beamer\beamerouterthemedefault.sty")))
("C:\Program Files\MiKTeX 2.9\tex\latex\pgf\basiclayer\pgf.sty"
Package: pgf 2015/08/07 v3.0.1a (rcs-revision 1.15)

("C:\Program Files\MiKTeX 2.9\tex\generic\pgf\modules\pgfmoduleshapes.code.tex"
File: pgfmoduleshapes.code.tex 2014/03/21  (rcs-revision 1.35)
\pgfnodeparttextbox=\box53
) ("C:\Program Files\MiKTeX 2.9\tex\generic\pgf\modules\pgfmoduleplot.code.tex"
File: pgfmoduleplot.code.tex 2015/08/03  (rcs-revision 1.13)
)
("C:\Program Files\MiKTeX 2.9\tex\latex\pgf\compatibility\pgfcomp-version-0-65.
sty"
Package: pgfcomp-version-0-65 2007/07/03 v3.0.1a (rcs-revision 1.7)
\pgf@nodesepstart=\dimen190
\pgf@nodesepend=\dimen191
)
("C:\Program Files\MiKTeX 2.9\tex\latex\pgf\compatibility\pgfcomp-version-1-18.
sty"
Package: pgfcomp-version-1-18 2007/07/23 v3.0.1a (rcs-revision 1.1)
)) ("C:\Program Files\MiKTeX 2.9\tex\latex\pgf\frontendlayer\tikz.sty"
("C:\Program Files\MiKTeX 2.9\tex\latex\pgf\utilities\pgffor.sty"
("C:\Program Files\MiKTeX 2.9\tex\latex\pgf\utilities\pgfkeys.sty"
("C:\Program Files\MiKTeX 2.9\tex\generic\pgf\utilities\pgfkeys.code.tex"))
("C:\Program Files\MiKTeX 2.9\tex\latex\pgf\math\pgfmath.sty"
("C:\Program Files\MiKTeX 2.9\tex\generic\pgf\math\pgfmath.code.tex"))
("C:\Program Files\MiKTeX 2.9\tex\generic\pgf\utilities\pgffor.code.tex"
Package: pgffor 2013/12/13 v3.0.1a (rcs-revision 1.25)

("C:\Program Files\MiKTeX 2.9\tex\generic\pgf\math\pgfmath.code.tex")
\pgffor@iter=\dimen192
\pgffor@skip=\dimen193
\pgffor@stack=\toks43
\pgffor@toks=\toks44
))
("C:\Program Files\MiKTeX 2.9\tex\generic\pgf\frontendlayer\tikz\tikz.code.tex"
Package: tikz 2015/08/07 v3.0.1a (rcs-revision 1.151)

("C:\Program Files\MiKTeX 2.9\tex\generic\pgf\libraries\pgflibraryplothandlers.
code.tex"
File: pgflibraryplothandlers.code.tex 2013/08/31 v3.0.1a (rcs-revision 1.20)
\pgf@plot@mark@count=\count155
\pgfplotmarksize=\dimen194
)
\tikz@lastx=\dimen195
\tikz@lasty=\dimen196
\tikz@lastxsaved=\dimen197
\tikz@lastysaved=\dimen198
\tikzleveldistance=\dimen199
\tikzsiblingdistance=\dimen256
\tikz@figbox=\box54
\tikz@figbox@bg=\box55
\tikz@tempbox=\box56
\tikz@tempbox@bg=\box57
\tikztreelevel=\count156
\tikznumberofchildren=\count157
\tikznumberofcurrentchild=\count158
\tikz@fig@count=\count159

("C:\Program Files\MiKTeX 2.9\tex\generic\pgf\modules\pgfmodulematrix.code.tex"
File: pgfmodulematrix.code.tex 2013/09/17  (rcs-revision 1.8)
\pgfmatrixcurrentrow=\count160
\pgfmatrixcurrentcolumn=\count161
\pgf@matrix@numberofcolumns=\count162
)
\tikz@expandcount=\count163

("C:\Program Files\MiKTeX 2.9\tex\generic\pgf\frontendlayer\tikz\libraries\tikz
librarytopaths.code.tex"
File: tikzlibrarytopaths.code.tex 2008/06/17 v3.0.1a (rcs-revision 1.2)
)))
("C:\Program Files\MiKTeX 2.9\tex\latex\tools\multicol.sty"
Package: multicol 2018/04/01 v1.8r multicolumn formatting (FMi)
\c@tracingmulticols=\count164
\mult@box=\box58
\multicol@leftmargin=\dimen257
\c@unbalance=\count165
\c@collectmore=\count166
\doublecol@number=\count167
\multicoltolerance=\count168
\multicolpretolerance=\count169
\full@width=\dimen258
\page@free=\dimen259
\premulticols=\dimen260
\postmulticols=\dimen261
\multicolsep=\skip57
\multicolbaselineskip=\skip58
\partial@page=\box59
\last@line=\box60
\maxbalancingoverflow=\dimen262
\mult@rightbox=\box61
\mult@grightbox=\box62
\mult@gfirstbox=\box63
\mult@firstbox=\box64
\@tempa=\box65
\@tempa=\box66
\@tempa=\box67
\@tempa=\box68
\@tempa=\box69
\@tempa=\box70
\@tempa=\box71
\@tempa=\box72
\@tempa=\box73
\@tempa=\box74
\@tempa=\box75
\@tempa=\box76
\@tempa=\box77
\@tempa=\box78
\@tempa=\box79
\@tempa=\box80
\@tempa=\box81
\c@columnbadness=\count170
\c@finalcolumnbadness=\count171
\last@try=\dimen263
\multicolovershoot=\dimen264
\multicolundershoot=\dimen265
\mult@nat@firstbox=\box82
\colbreak@box=\box83
\mc@col@check@num=\count172
)
("C:\Program Files\MiKTeX 2.9\tex\latex\eso-pic\eso-pic.sty"
Package: eso-pic 2015/07/21 v2.0g eso-pic (RN)
)
("C:\Program Files\MiKTeX 2.9\tex\generic\pgf\frontendlayer\tikz\libraries\tikz
librarypatterns.code.tex"
File: tikzlibrarypatterns.code.tex 2008/01/15 v3.0.1a (rcs-revision 1.2)

("C:\Program Files\MiKTeX 2.9\tex\generic\pgf\libraries\pgflibrarypatterns.code
.tex"
File: pgflibrarypatterns.code.tex 2008/03/03 v3.0.1a (rcs-revision 1.13)
))
("C:\Program Files\MiKTeX 2.9\tex\generic\pgf\frontendlayer\tikz\libraries\tikz
librarytrees.code.tex"
File: tikzlibrarytrees.code.tex 2008/02/24 v3.0.1a (rcs-revision 1.2)
)
("C:\Program Files\MiKTeX 2.9\tex\generic\pgf\frontendlayer\tikz\libraries\tikz
libraryarrows.code.tex"
File: tikzlibraryarrows.code.tex 2008/01/09 v3.0.1a (rcs-revision 1.1)

("C:\Program Files\MiKTeX 2.9\tex\generic\pgf\libraries\pgflibraryarrows.code.t
ex"
File: pgflibraryarrows.code.tex 2013/09/23 v3.0.1a (rcs-revision 1.16)
\arrowsize=\dimen266
))
("C:\Program Files\MiKTeX 2.9\tex\generic\pgf\frontendlayer\tikz\libraries\tikz
libraryautomata.code.tex"
File: tikzlibraryautomata.code.tex 2008/07/14 v3.0.1a (rcs-revision 1.3)

("C:\Program Files\MiKTeX 2.9\tex\generic\pgf\frontendlayer\tikz\libraries\tikz
libraryshapes.multipart.code.tex"
File: tikzlibraryshapes.multipart.code.tex 2008/01/09 v3.0.1a (rcs-revision 1.1
)

("C:\Program Files\MiKTeX 2.9\tex\generic\pgf\libraries\shapes\pgflibraryshapes
.multipart.code.tex"
File: pgflibraryshapes.multipart.code.tex 2010/01/07 v3.0.1a (rcs-revision 1.2)

\pgfnodepartlowerbox=\box84
\pgfnodeparttwobox=\box85
\pgfnodepartthreebox=\box86
\pgfnodepartfourbox=\box87
\pgfnodeparttwentybox=\box88
\pgfnodepartnineteenbox=\box89
\pgfnodeparteighteenbox=\box90
\pgfnodepartseventeenbox=\box91
\pgfnodepartsixteenbox=\box92
\pgfnodepartfifteenbox=\box93
\pgfnodepartfourteenbox=\box94
\pgfnodepartthirteenbox=\box95
\pgfnodeparttwelvebox=\box96
\pgfnodepartelevenbox=\box97
\pgfnodeparttenbox=\box98
\pgfnodepartninebox=\box99
\pgfnodeparteightbox=\box100
\pgfnodepartsevenbox=\box101
\pgfnodepartsixbox=\box102
\pgfnodepartfivebox=\box103
)))
("C:\Program Files\MiKTeX 2.9\tex\generic\pgf\frontendlayer\tikz\libraries\tikz
librarypositioning.code.tex"
File: tikzlibrarypositioning.code.tex 2008/10/06 v3.0.1a (rcs-revision 1.7)
)
("C:\Program Files\MiKTeX 2.9\tex\generic\pgf\frontendlayer\tikz\libraries\tikz
libraryshapes.code.tex"
File: tikzlibraryshapes.code.tex 2008/01/09 v3.0.1a (rcs-revision 1.1)

("C:\Program Files\MiKTeX 2.9\tex\generic\pgf\frontendlayer\tikz\libraries\tikz
libraryshapes.geometric.code.tex"
File: tikzlibraryshapes.geometric.code.tex 2008/01/09 v3.0.1a (rcs-revision 1.1
)

("C:\Program Files\MiKTeX 2.9\tex\generic\pgf\libraries\shapes\pgflibraryshapes
.geometric.code.tex"
File: pgflibraryshapes.geometric.code.tex 2008/06/26 v3.0.1a (rcs-revision 1.1)

))
("C:\Program Files\MiKTeX 2.9\tex\generic\pgf\frontendlayer\tikz\libraries\tikz
libraryshapes.misc.code.tex"
File: tikzlibraryshapes.misc.code.tex 2008/01/09 v3.0.1a (rcs-revision 1.1)

("C:\Program Files\MiKTeX 2.9\tex\generic\pgf\libraries\shapes\pgflibraryshapes
.misc.code.tex"
File: pgflibraryshapes.misc.code.tex 2013/07/18 v3.0.1a (rcs-revision 1.5)
))
("C:\Program Files\MiKTeX 2.9\tex\generic\pgf\frontendlayer\tikz\libraries\tikz
libraryshapes.symbols.code.tex"
File: tikzlibraryshapes.symbols.code.tex 2008/01/09 v3.0.1a (rcs-revision 1.1)

("C:\Program Files\MiKTeX 2.9\tex\generic\pgf\libraries\shapes\pgflibraryshapes
.symbols.code.tex"
File: pgflibraryshapes.symbols.code.tex 2013/09/11 v3.0.1a (rcs-revision 1.6)
))
("C:\Program Files\MiKTeX 2.9\tex\generic\pgf\frontendlayer\tikz\libraries\tikz
libraryshapes.arrows.code.tex"
File: tikzlibraryshapes.arrows.code.tex 2008/01/09 v3.0.1a (rcs-revision 1.1)

("C:\Program Files\MiKTeX 2.9\tex\generic\pgf\libraries\shapes\pgflibraryshapes
.arrows.code.tex"
File: pgflibraryshapes.arrows.code.tex 2008/06/26 v3.0.1a (rcs-revision 1.1)
))
("C:\Program Files\MiKTeX 2.9\tex\generic\pgf\frontendlayer\tikz\libraries\tikz
libraryshapes.callouts.code.tex"
("C:\Program Files\MiKTeX 2.9\tex\generic\pgf\libraries\shapes\pgflibraryshapes
.callouts.code.tex")))
("C:\Program Files\MiKTeX 2.9\tex\latex\tikz-qtree\tikz-qtree.sty"
("C:\Program Files\MiKTeX 2.9\tex\latex\tikz-qtree\pgftree.sty"
("C:\Program Files\MiKTeX 2.9\tex\latex\tikz-qtree\pgfsubpic.sty"
("C:\Program Files\MiKTeX 2.9\tex\generic\tikz-qtree\pgfsubpic.tex"
\pgf@subpicminx=\dimen267
\pgf@subpicminy=\dimen268
\pgf@subpicmaxx=\dimen269
\pgf@subpicmaxy=\dimen270
))
("C:\Program Files\MiKTeX 2.9\tex\generic\tikz-qtree\pgftree.tex"
\levelsep=\dimen271
\subtreesep=\dimen272
\smuggle@levelsep=\dimen273
\smuggle@subtreesep=\dimen274
\this@levelsep=\dimen275
\this@subtreesep=\dimen276
\pgftree@childx=\dimen277
\pgftree@savechildx=\dimen278
\pgftree@childy=\dimen279
\pgftree@savechildy=\dimen280
\pgftree@childi=\count173
\pgftree@savechildi=\count174
\pgftree@level=\count175
\pgftree@depth=\dimen281
\pgf@subpic@hbox@children=\box104
\pgf@subpic@minx@children=\dimen282
\pgf@subpic@miny@children=\dimen283
\pgf@subpic@maxx@children=\dimen284
\pgf@subpic@maxy@children=\dimen285
\pgftree@lastchildx=\dimen286
\pgftree@lastchildy=\dimen287
))
("C:\Program Files\MiKTeX 2.9\tex\generic\tikz-qtree\tikz-qtree.tex"
\@result=\toks45
\child@list=\toks46
\root@node=\toks47
))
("C:\Program Files\MiKTeX 2.9\tex\latex\tikz-qtree\tikz-qtree-compat.sty"
\@qrooflabel=\toks48
)
("C:\Program Files\MiKTeX 2.9\tex\latex\mathtools\mathtools.sty"
Package: mathtools 2018/01/08 v1.21 mathematical typesetting tools

("C:\Program Files\MiKTeX 2.9\tex\latex\tools\calc.sty"
Package: calc 2017/05/25 v4.3 Infix arithmetic (KKT,FJ)
\calc@Acount=\count176
\calc@Bcount=\count177
\calc@Adimen=\dimen288
\calc@Bdimen=\dimen289
\calc@Askip=\skip59
\calc@Bskip=\skip60
LaTeX Info: Redefining \setlength on input line 80.
LaTeX Info: Redefining \addtolength on input line 81.
\calc@Ccount=\count178
\calc@Cskip=\skip61
)
("C:\Program Files\MiKTeX 2.9\tex\latex\mathtools\mhsetup.sty"
Package: mhsetup 2017/03/31 v1.3 programming setup (MH)
)
LaTeX Info: Thecontrolsequence`\('isalreadyrobust on input line 129.
LaTeX Info: Thecontrolsequence`\)'isalreadyrobust on input line 129.
LaTeX Info: Thecontrolsequence`\['isalreadyrobust on input line 129.
LaTeX Info: Thecontrolsequence`\]'isalreadyrobust on input line 129.
\g_MT_multlinerow_int=\count179
\l_MT_multwidth_dim=\dimen290
\origjot=\skip62
\l_MT_shortvdotswithinadjustabove_dim=\dimen291
\l_MT_shortvdotswithinadjustbelow_dim=\dimen292
\l_MT_above_intertext_sep=\dimen293
\l_MT_below_intertext_sep=\dimen294
\l_MT_above_shortintertext_sep=\dimen295
\l_MT_below_shortintertext_sep=\dimen296
)
("C:\Program Files\MiKTeX 2.9\tex\latex\base\inputenc.sty"
Package: inputenc 2018/04/06 v1.3b Input encoding file
\inpenc@prehook=\toks49
\inpenc@posthook=\toks50
)
("C:\Program Files\MiKTeX 2.9\tex\latex\base\fontenc.sty"
Package: fontenc 2017/04/05 v2.0i Standard LaTeX package

("C:\Program Files\MiKTeX 2.9\tex\latex\base\t1enc.def"
File: t1enc.def 2017/04/05 v2.0i Standard LaTeX file
LaTeX Font Info:    Redeclaring font encoding T1 on input line 48.
))
("C:\Program Files\MiKTeX 2.9\tex\latex\multirow\multirow.sty"
Package: multirow 2016/11/25 v2.2 Span multiple rows of a table
\multirow@colwidth=\skip63
\multirow@cntb=\count180
\multirow@dima=\skip64
\bigstrutjot=\dimen297
)
("C:\Program Files\MiKTeX 2.9\tex\latex\adjustbox\adjustbox.sty"
Package: adjustbox 2018/04/08 v1.1 Adjusting TeX boxes (trim, clip, ...)

("C:\Program Files\MiKTeX 2.9\tex\latex\xkeyval\xkeyval.sty"
Package: xkeyval 2014/12/03 v2.7a package option processing (HA)

("C:\Program Files\MiKTeX 2.9\tex\generic\xkeyval\xkeyval.tex"
("C:\Program Files\MiKTeX 2.9\tex\generic\xkeyval\xkvutils.tex"
\XKV@toks=\toks51
\XKV@tempa@toks=\toks52
)
\XKV@depth=\count181
File: xkeyval.tex 2014/12/03 v2.7a key=value parser (HA)
))
("C:\Program Files\MiKTeX 2.9\tex\latex\adjustbox\adjcalc.sty"
Package: adjcalc 2012/05/16 v1.1 Provides advanced setlength with multiple back
-ends (calc, etex, pgfmath)
)
("C:\Program Files\MiKTeX 2.9\tex\latex\adjustbox\trimclip.sty"
Package: trimclip 2018/04/08 v1.1 Trim and clip general TeX material

("C:\Program Files\MiKTeX 2.9\tex\latex\collectbox\collectbox.sty"
Package: collectbox 2012/05/17 v0.4b Collect macro arguments as boxes
\collectedbox=\box105
)
\tc@llx=\dimen298
\tc@lly=\dimen299
\tc@urx=\dimen300
\tc@ury=\dimen301
Package trimclip Info: Using driver 'tc-pdftex.def'.

("C:\Program Files\MiKTeX 2.9\tex\latex\adjustbox\tc-pdftex.def"
File: tc-pdftex.def 2018/04/08 v2.1 Clipping driver for pdftex
))
\adjbox@Width=\dimen302
\adjbox@Height=\dimen303
\adjbox@Depth=\dimen304
\adjbox@Totalheight=\dimen305
\adjbox@pwidth=\dimen306
\adjbox@pheight=\dimen307
\adjbox@pdepth=\dimen308
\adjbox@ptotalheight=\dimen309

("C:\Program Files\MiKTeX 2.9\tex\latex\ifoddpage\ifoddpage.sty"
Package: ifoddpage 2016/04/23 v1.1 Conditionals for odd/even page detection
\c@checkoddpage=\count182
)
("C:\Program Files\MiKTeX 2.9\tex\latex\varwidth\varwidth.sty"
Package: varwidth 2009/03/30 ver 0.92;  Variable-width minipages
\@vwid@box=\box106
\sift@deathcycles=\count183
\@vwid@loff=\dimen310
\@vwid@roff=\dimen311
))
("C:\Program Files\MiKTeX 2.9\tex\latex\wrapfig\wrapfig.sty"
\wrapoverhang=\dimen312
\WF@size=\dimen313
\c@WF@wrappedlines=\count184
\WF@box=\box107
\WF@everypar=\toks53
Package: wrapfig 2003/01/31  v 3.6
)
("8_Pathological designs.aux")
\openout1 = `"8_Pathological designs.aux"'.

LaTeX Font Info:    Checking defaults for OML/cmm/m/it on input line 53.
LaTeX Font Info:    ... okay on input line 53.
LaTeX Font Info:    Checking defaults for T1/cmr/m/n on input line 53.
LaTeX Font Info:    ... okay on input line 53.
LaTeX Font Info:    Checking defaults for OT1/cmr/m/n on input line 53.
LaTeX Font Info:    ... okay on input line 53.
LaTeX Font Info:    Checking defaults for OMS/cmsy/m/n on input line 53.
LaTeX Font Info:    ... okay on input line 53.
LaTeX Font Info:    Checking defaults for OMX/cmex/m/n on input line 53.
LaTeX Font Info:    ... okay on input line 53.
LaTeX Font Info:    Checking defaults for U/cmr/m/n on input line 53.
LaTeX Font Info:    ... okay on input line 53.
LaTeX Font Info:    Checking defaults for PD1/pdf/m/n on input line 53.
LaTeX Font Info:    ... okay on input line 53.

*geometry* driver: auto-detecting
*geometry* detected driver: pdftex
*geometry* verbose mode - [ preamble ] result:
* driver: pdftex
* paper: custom
* layout: <same size as paper>
* layoutoffset:(h,v)=(0.0pt,0.0pt)
* modes: includehead includefoot 
* h-part:(L,W,R)=(28.45274pt, 307.28987pt, 28.45274pt)
* v-part:(T,H,B)=(0.0pt, 273.14662pt, 0.0pt)
* \paperwidth=364.19536pt
* \paperheight=273.14662pt
* \textwidth=307.28987pt
* \textheight=244.6939pt
* \oddsidemargin=-43.81725pt
* \evensidemargin=-43.81725pt
* \topmargin=-72.26999pt
* \headheight=14.22636pt
* \headsep=0.0pt
* \topskip=11.0pt
* \footskip=14.22636pt
* \marginparwidth=4.0pt
* \marginparsep=10.0pt
* \columnsep=10.0pt
* \skip\footins=10.0pt plus 4.0pt minus 2.0pt
* \hoffset=0.0pt
* \voffset=0.0pt
* \mag=1000
* \@twocolumnfalse
* \@twosidefalse
* \@mparswitchfalse
* \@reversemarginfalse
* (1in=72.27pt=25.4mm, 1cm=28.453pt)

("C:\Program Files\MiKTeX 2.9\tex\context\base\supp-pdf.mkii"
[Loading MPS to PDF converter (version 2006.09.02).]
\scratchcounter=\count185
\scratchdimen=\dimen314
\scratchbox=\box108
\nofMPsegments=\count186
\nofMParguments=\count187
\everyMPshowfont=\toks54
\MPscratchCnt=\count188
\MPscratchDim=\dimen315
\MPnumerator=\count189
\makeMPintoPDFobject=\count190
\everyMPtoPDFconversion=\toks55
) ("C:\Program Files\MiKTeX 2.9\tex\latex\oberdiek\epstopdf-base.sty"
Package: epstopdf-base 2016/05/15 v2.6 Base part for package epstopdf

("C:\Program Files\MiKTeX 2.9\tex\latex\oberdiek\grfext.sty"
Package: grfext 2016/05/16 v1.2 Manage graphics extensions (HO)
)
Package epstopdf-base Info: Redefining graphics rule for `.eps' on input line 4
38.
Package grfext Info: Graphics extension search list:
(grfext)             [.pdf,.png,.jpg,.mps,.jpeg,.jbig2,.jb2,.PDF,.PNG,.JPG,.JPE
G,.JBIG2,.JB2,.eps]
(grfext)             \AppendGraphicsExtensions on input line 456.
)
ABD: EveryShipout initializing macros
\AtBeginShipoutBox=\box109
Package hyperref Info: Link coloring OFF on input line 53.

("C:\Program Files\MiKTeX 2.9\tex\latex\hyperref\nameref.sty"
Package: nameref 2016/05/21 v2.44 Cross-referencing by name of section

("C:\Program Files\MiKTeX 2.9\tex\generic\oberdiek\gettitlestring.sty"
Package: gettitlestring 2016/05/16 v1.5 Cleanup title references (HO)
)
\c@section@level=\count191
)
LaTeX Info: Redefining \ref on input line 53.
LaTeX Info: Redefining \pageref on input line 53.
LaTeX Info: Redefining \nameref on input line 53.

("8_Pathological designs.out") ("8_Pathological designs.out")
\@outlinefile=\write5
\openout5 = `"8_Pathological designs.out"'.

LaTeX Font Info:    Overwriting symbol font `operators' in version `normal'
(Font)                  OT1/cmr/m/n --> OT1/cmss/m/n on input line 53.
LaTeX Font Info:    Overwriting symbol font `operators' in version `bold'
(Font)                  OT1/cmr/bx/n --> OT1/cmss/bx/n on input line 53.
\symnumbers=\mathgroup6
\sympureletters=\mathgroup7
LaTeX Font Info:    Overwriting math alphabet `\mathrm' in version `normal'
(Font)                  OT1/cmss/m/n --> T1/cmr/m/n on input line 53.
LaTeX Font Info:    Redeclaring math alphabet \mathbf on input line 53.
LaTeX Font Info:    Overwriting math alphabet `\mathbf' in version `normal'
(Font)                  OT1/cmr/bx/n --> T1/cmss/bx/n on input line 53.
LaTeX Font Info:    Overwriting math alphabet `\mathbf' in version `bold'
(Font)                  OT1/cmr/bx/n --> T1/cmss/bx/n on input line 53.
LaTeX Font Info:    Redeclaring math alphabet \mathsf on input line 53.
LaTeX Font Info:    Overwriting math alphabet `\mathsf' in version `normal'
(Font)                  OT1/cmss/m/n --> T1/cmss/m/n on input line 53.
LaTeX Font Info:    Overwriting math alphabet `\mathsf' in version `bold'
(Font)                  OT1/cmss/bx/n --> T1/cmss/m/n on input line 53.
LaTeX Font Info:    Redeclaring math alphabet \mathit on input line 53.
LaTeX Font Info:    Overwriting math alphabet `\mathit' in version `normal'
(Font)                  OT1/cmr/m/it --> T1/cmss/m/it on input line 53.
LaTeX Font Info:    Overwriting math alphabet `\mathit' in version `bold'
(Font)                  OT1/cmr/bx/it --> T1/cmss/m/it on input line 53.
LaTeX Font Info:    Redeclaring math alphabet \mathtt on input line 53.
LaTeX Font Info:    Overwriting math alphabet `\mathtt' in version `normal'
(Font)                  OT1/cmtt/m/n --> T1/cmtt/m/n on input line 53.
LaTeX Font Info:    Overwriting math alphabet `\mathtt' in version `bold'
(Font)                  OT1/cmtt/m/n --> T1/cmtt/m/n on input line 53.
LaTeX Font Info:    Overwriting symbol font `numbers' in version `bold'
(Font)                  T1/cmss/m/n --> T1/cmss/bx/n on input line 53.
LaTeX Font Info:    Overwriting symbol font `pureletters' in version `bold'
(Font)                  T1/cmss/m/it --> T1/cmss/bx/it on input line 53.
LaTeX Font Info:    Overwriting math alphabet `\mathrm' in version `bold'
(Font)                  OT1/cmss/bx/n --> T1/cmr/bx/n on input line 53.
LaTeX Font Info:    Overwriting math alphabet `\mathbf' in version `bold'
(Font)                  T1/cmss/bx/n --> T1/cmss/bx/n on input line 53.
LaTeX Font Info:    Overwriting math alphabet `\mathsf' in version `bold'
(Font)                  T1/cmss/m/n --> T1/cmss/bx/n on input line 53.
LaTeX Font Info:    Overwriting math alphabet `\mathit' in version `bold'
(Font)                  T1/cmss/m/it --> T1/cmss/bx/it on input line 53.
LaTeX Font Info:    Overwriting math alphabet `\mathtt' in version `bold'
(Font)                  T1/cmtt/m/n --> T1/cmtt/bx/n on input line 53.
LaTeX Font Info:    Redeclaring symbol font `pureletters' on input line 53.
LaTeX Font Info:    Encoding `T1' has changed to `OT1' for symbol font
(Font)              `pureletters' in the math version `normal' on input line 53
.
LaTeX Font Info:    Overwriting symbol font `pureletters' in version `normal'
(Font)                  T1/cmss/m/it --> OT1/mathkerncmss/m/sl on input line 53
.
LaTeX Font Info:    Encoding `T1' has changed to `OT1' for symbol font
(Font)              `pureletters' in the math version `bold' on input line 53.
LaTeX Font Info:    Overwriting symbol font `pureletters' in version `bold'
(Font)                  T1/cmss/bx/it --> OT1/mathkerncmss/m/sl on input line 5
3.
LaTeX Font Info:    Overwriting symbol font `pureletters' in version `bold'
(Font)                  OT1/mathkerncmss/m/sl --> OT1/mathkerncmss/bx/sl on inp
ut line 53.

("C:\Program Files\MiKTeX 2.9\tex\latex\translator\translator-basic-dictionary-
English.dict"
Dictionary: translator-basic-dictionary, Language: English 
)
("C:\Program Files\MiKTeX 2.9\tex\latex\translator\translator-bibliography-dict
ionary-English.dict"
Dictionary: translator-bibliography-dictionary, Language: English 
)
("C:\Program Files\MiKTeX 2.9\tex\latex\translator\translator-environment-dicti
onary-English.dict"
Dictionary: translator-environment-dictionary, Language: English 
)
("C:\Program Files\MiKTeX 2.9\tex\latex\translator\translator-months-dictionary
-English.dict"
Dictionary: translator-months-dictionary, Language: English 
)
("C:\Program Files\MiKTeX 2.9\tex\latex\translator\translator-numbers-dictionar
y-English.dict"
Dictionary: translator-numbers-dictionary, Language: English 
)
("C:\Program Files\MiKTeX 2.9\tex\latex\translator\translator-theorem-dictionar
y-English.dict"
Dictionary: translator-theorem-dictionary, Language: English 
) ("8_Pathological designs.nav") [1

{C:/Users/Mihai Lica Pura/AppData/Local/MiKTeX/2.9/pdftex/config/pdftex.map}]
LaTeX Font Info:    Try loading font information for U+msa on input line 107.

("C:\Program Files\MiKTeX 2.9\tex\latex\amsfonts\umsa.fd"
File: umsa.fd 2013/01/14 v3.01 AMS symbols A
)
LaTeX Font Info:    Try loading font information for U+msb on input line 107.

("C:\Program Files\MiKTeX 2.9\tex\latex\amsfonts\umsb.fd"
File: umsb.fd 2013/01/14 v3.01 AMS symbols B
)
LaTeX Font Info:    Try loading font information for OT1+mathkerncmss on input 
line 107.

("C:\Program Files\MiKTeX 2.9\tex\latex\sansmathaccent\ot1mathkerncmss.fd"
File: ot1mathkerncmss.fd 2013/03/27 Fontinst v1.933 font definitions for OT1/ma
thkerncmss.
)
Overfull \hbox (1.56544pt too wide) has occurred while \output is active
 $[]$ 
 []

[2

]
<./img/2_cezar.jpg, id=72, 341.02406pt x 420.82219pt>
File: ./img/2_cezar.jpg Graphic file (type jpg)
<use ./img/2_cezar.jpg>
Package pdftex.def Info: ./img/2_cezar.jpg  used on input line 128.
(pdftex.def)             Requested size: 168.32089pt x 207.7052pt.
<./img/2_cloudToRight.png, id=73, 247.6452pt x 133.9404pt>
File: ./img/2_cloudToRight.png Graphic file (type png)
<use ./img/2_cloudToRight.png>
Package pdftex.def Info: ./img/2_cloudToRight.png  used on input line 128.
(pdftex.def)             Requested size: 105.21568pt x 56.9055pt.
LaTeX Font Info:    Try loading font information for T1+comic on input line 128
.
 ("C:\Program Files\MiKTeX 2.9\tex\latex\comicsans\t1comic.fd"
File: t1comic.fd 2013/12/19 Fontinst v1.933 font definitions for T1/comic.
)
Overfull \vbox (1.35834pt too high) detected at line 128
 []

[3

 <./img/2_cezar.jpg> <./img/2_cloudToRight.png>]
<./img/3_witch.png, id=104, 284.56313pt x 350.81062pt>
File: ./img/3_witch.png Graphic file (type png)
<use ./img/3_witch.png>
Package pdftex.def Info: ./img/3_witch.png  used on input line 151.
(pdftex.def)             Requested size: 169.01036pt x 208.36287pt.
<./img/3_cloudToLeft.png, id=105, 164.7756pt x 179.2296pt>
File: ./img/3_cloudToLeft.png Graphic file (type png)
<use ./img/3_cloudToLeft.png>
Package pdftex.def Info: ./img/3_cloudToLeft.png  used on input line 151.
(pdftex.def)             Requested size: 87.62984pt x 95.3169pt.

Overfull \vbox (2.016pt too high) detected at line 151
 []

[4

 <./img/3_witch.png> <./img/3_cloudToLeft.png>]

LaTeX Font Warning: Font shape `T1/cmss/m/n' in size <15> not available
(Font)              size <14.4> substituted on input line 180.


LaTeX Font Warning: Font shape `T1/cmss/bx/n' in size <15> not available
(Font)              size <14.4> substituted on input line 180.

<./img/4_race.png, id=133, 523.20468pt x 376.40625pt>
File: ./img/4_race.png Graphic file (type png)
<use ./img/4_race.png>
Package pdftex.def Info: ./img/4_race.png  used on input line 180.
(pdftex.def)             Requested size: 271.94984pt x 195.65196pt.
<./img/4_cloudToRight.png, id=134, 122.3772pt x 134.4222pt>
File: ./img/4_cloudToRight.png Graphic file (type png)
<use ./img/4_cloudToRight.png>
Package pdftex.def Info: ./img/4_cloudToRight.png  used on input line 180.
(pdftex.def)             Requested size: 55.6929pt x 61.17325pt.
<./img/4_cloudToLeft.png, id=135, 138.2766pt x 76.1244pt>
File: ./img/4_cloudToLeft.png Graphic file (type png)
<use ./img/4_cloudToLeft.png>
Package pdftex.def Info: ./img/4_cloudToLeft.png  used on input line 180.
(pdftex.def)             Requested size: 64.60599pt x 35.56593pt.

Overfull \vbox (30.73148pt too high) detected at line 180
 []

[5

 <./img/4_race.png> <./img/4_cloudToRight.png> <./img/4_cloudToLeft.png>]

LaTeX Font Warning: Font shape `T1/cmss/m/n' in size <13> not available
(Font)              size <12> substituted on input line 212.


LaTeX Font Warning: Font shape `T1/cmss/bx/n' in size <13> not available
(Font)              size <12> substituted on input line 212.

<./img/5_racing.png, id=164, 319.94531pt x 384.6872pt>
File: ./img/5_racing.png Graphic file (type png)
<use ./img/5_racing.png>
Package pdftex.def Info: ./img/5_racing.png  used on input line 212.
(pdftex.def)             Requested size: 153.57199pt x 184.64775pt.
<./img/5_cloudToLeftBigger.png, id=165, 95.8782pt x 136.8312pt>
File: ./img/5_cloudToLeftBigger.png Graphic file (type png)
<use ./img/5_cloudToLeftBigger.png>
Package pdftex.def Info: ./img/5_cloudToLeftBigger.png  used on input line 212.

(pdftex.def)             Requested size: 39.87355pt x 56.9055pt.
<./img/5_cloudToLeft.png, id=166, 133.4586pt x 71.3064pt>
File: ./img/5_cloudToLeft.png Graphic file (type png)
<use ./img/5_cloudToLeft.png>
Package pdftex.def Info: ./img/5_cloudToLeft.png  used on input line 212.
(pdftex.def)             Requested size: 53.25215pt x 28.45274pt.

Overfull \vbox (33.32727pt too high) detected at line 212
 []

[6

 <./img/5_racing.png> <./img/5_cloudToLeftBigger.png> <./img/5_cloudToLeft.png>
]
<./img/6_chemestryWitch.png, id=197, 608.5134pt x 354.6048pt>
File: ./img/6_chemestryWitch.png Graphic file (type png)
<use ./img/6_chemestryWitch.png>
Package pdftex.def Info: ./img/6_chemestryWitch.png  used on input line 237.
(pdftex.def)             Requested size: 304.25595pt x 177.30196pt.
<./img/6_cloudToTheLeft.png, id=198, 128.1588pt x 157.0668pt>
File: ./img/6_cloudToTheLeft.png Graphic file (type png)
<use ./img/6_cloudToTheLeft.png>
Package pdftex.def Info: ./img/6_cloudToTheLeft.png  used on input line 237.
(pdftex.def)             Requested size: 69.64862pt x 85.35826pt.
 [7

 <./img/6_chemestryWitch.png> <./img/6_cloudToTheLeft.png>]
<./img/7_tractor.png, id=227, 358.941pt x 218.7372pt>
File: ./img/7_tractor.png Graphic file (type png)
<use ./img/7_tractor.png>
Package pdftex.def Info: ./img/7_tractor.png  used on input line 272.
(pdftex.def)             Requested size: 179.47005pt x 109.36832pt.
<./img/7_nature.png, id=228, 386.19281pt x 176.15813pt>
File: ./img/7_nature.png Graphic file (type png)
<use ./img/7_nature.png>
Package pdftex.def Info: ./img/7_nature.png  used on input line 272.
(pdftex.def)             Requested size: 198.88857pt x 90.7211pt.

Overfull \vbox (9.09052pt too high) detected at line 272
 []

[8

 <./img/7_tractor.png> <./img/7_nature.png>]
<./img/8_result.png, id=257, 274.1442pt x 86.2422pt>
File: ./img/8_result.png Graphic file (type png)
<use ./img/8_result.png>
Package pdftex.def Info: ./img/8_result.png  used on input line 301.
(pdftex.def)             Requested size: 109.65572pt x 34.49626pt.
<./img/8_tractors.png, id=258, 343.2825pt x 223.58531pt>
File: ./img/8_tractors.png Graphic file (type png)
<use ./img/8_tractors.png>
Package pdftex.def Info: ./img/8_tractors.png  used on input line 301.
(pdftex.def)             Requested size: 171.64082pt x 111.79237pt.
 [9

 <./img/8_result.png> <./img/8_tractors.png>]
<./img/41_tractor1.png, id=286, 369.5406pt x 146.4672pt>
File: ./img/41_tractor1.png Graphic file (type png)
<use ./img/41_tractor1.png>
Package pdftex.def Info: ./img/41_tractor1.png  used on input line 339.
(pdftex.def)             Requested size: 184.76984pt x 73.23341pt.
<./img/41_tractor2.png, id=287, 362.7954pt x 96.36pt>
File: ./img/41_tractor2.png Graphic file (type png)
<use ./img/41_tractor2.png>
Package pdftex.def Info: ./img/41_tractor2.png  used on input line 339.
(pdftex.def)             Requested size: 181.39725pt x 48.17987pt.
 [10

 <./img/41_tractor1.png> <./img/41_tractor2.png>]
LaTeX Font Info:    Try loading font information for OMS+cmss on input line 366
.
LaTeX Font Info:    No file OMScmss.fd. on input line 366.


LaTeX Font Warning: Font shape `OMS/cmss/m/n' undefined
(Font)              using `OMS/cmsy/m/n' instead
(Font)              for symbol `textbullet' on input line 366.

<./img/9_tractor.jpg, id=315, 307.1475pt x 246.1697pt>
File: ./img/9_tractor.jpg Graphic file (type jpg)
<use ./img/9_tractor.jpg>
Package pdftex.def Info: ./img/9_tractor.jpg  used on input line 366.
(pdftex.def)             Requested size: 153.57336pt x 123.08453pt.
[11

 <./img/9_tractor.jpg>] [12

]
<./img/11_human.png, id=367, 83.8332pt x 180.675pt>
File: ./img/11_human.png Graphic file (type png)
<use ./img/11_human.png>
Package pdftex.def Info: ./img/11_human.png  used on input line 442.
(pdftex.def)             Requested size: 25.15015pt x 54.20291pt.
<./img/11_microwave.png, id=368, 138.2766pt x 100.2144pt>
File: ./img/11_microwave.png Graphic file (type png)
<use ./img/11_microwave.png>
Package pdftex.def Info: ./img/11_microwave.png  used on input line 442.
(pdftex.def)             Requested size: 41.48329pt x 30.06454pt.
<./img/11_watch.png, id=369, 107.65219pt x 147.55125pt>
File: ./img/11_watch.png Graphic file (type png)
<use ./img/11_watch.png>
Package pdftex.def Info: ./img/11_watch.png  used on input line 442.
(pdftex.def)             Requested size: 43.0601pt x 59.01944pt.
 [13

 <./img/11_human.png> <./img/11_microwave.png> <./img/11_watch.png>]
<./img/12_manga.png, id=398, 432.86719pt x 542.025pt>
File: ./img/12_manga.png Graphic file (type png)
<use ./img/12_manga.png>
Package pdftex.def Info: ./img/12_manga.png  used on input line 455.
(pdftex.def)             Requested size: 225.09222pt x 281.85461pt.
 [14

 <./img/12_manga.png>]
<./img/13_remote.png, id=425, 170.5572pt x 542.025pt>
File: ./img/13_remote.png Graphic file (type png)
<use ./img/13_remote.png>
Package pdftex.def Info: ./img/13_remote.png  used on input line 478.
(pdftex.def)             Requested size: 51.16754pt x 162.60875pt.
 [15

 <./img/13_remote.png>]
<./img/14_remote.png, id=452, 149.358pt x 542.025pt>
File: ./img/14_remote.png Graphic file (type png)
<use ./img/14_remote.png>
Package pdftex.def Info: ./img/14_remote.png  used on input line 517.
(pdftex.def)             Requested size: 52.27608pt x 189.71158pt.

[16

 <./img/14_remote.png>]
<./img/15_controllers.jpg, id=479, 742.775pt x 432.61626pt>
File: ./img/15_controllers.jpg Graphic file (type jpg)
<use ./img/15_controllers.jpg>
Package pdftex.def Info: ./img/15_controllers.jpg  used on input line 540.
(pdftex.def)             Requested size: 297.10474pt x 173.04343pt.

Overfull \vbox (17.09659pt too high) detected at line 540
 []

[17

 <./img/15_controllers.jpg>]
<./img/16_slide_projector.png, id=505, 281.55188pt x 183.68625pt>
File: ./img/16_slide_projector.png Graphic file (type png)
<use ./img/16_slide_projector.png>
Package pdftex.def Info: ./img/16_slide_projector.png  used on input line 566.
(pdftex.def)             Requested size: 140.77559pt x 91.84288pt.
 [18

 <./img/16_slide_projector.png>]
<./img/40_controlroom.png, id=532, 315.579pt x 210.5466pt>
File: ./img/40_controlroom.png Graphic file (type png)
<use ./img/40_controlroom.png>
Package pdftex.def Info: ./img/40_controlroom.png  used on input line 597.
(pdftex.def)             Requested size: 157.78911pt x 105.27304pt.
 [19

 <./img/40_controlroom.png>]
<./img/17_telephone.png, id=561, 150.5625pt x 128.73094pt>
File: ./img/17_telephone.png Graphic file (type png)
<use ./img/17_telephone.png>
Package pdftex.def Info: ./img/17_telephone.png  used on input line 645.
(pdftex.def)             Requested size: 75.28105pt x 64.3653pt.
 [20

 <./img/17_telephone.png>]
<./img/18_clock.png, id=588, 124.21407pt x 85.06781pt>
File: ./img/18_clock.png Graphic file (type png)
<use ./img/18_clock.png>
Package pdftex.def Info: ./img/18_clock.png  used on input line 672.
(pdftex.def)             Requested size: 74.52899pt x 51.04108pt.
<./img/18_fax.png, id=589, 482.55281pt x 241.65282pt>
File: ./img/18_fax.png Graphic file (type png)
<use ./img/18_fax.png>
Package pdftex.def Info: ./img/18_fax.png  used on input line 672.
(pdftex.def)             Requested size: 241.2758pt x 120.82611pt.
 [21

 <./img/18_clock.png> <./img/18_fax.png>]
<./img/19_airplanes.png, id=615, 156.585pt x 134.4222pt>
File: ./img/19_airplanes.png Graphic file (type png)
<use ./img/19_airplanes.png>
Package pdftex.def Info: ./img/19_airplanes.png  used on input line 731.
(pdftex.def)             Requested size: 78.2923pt x 67.21092pt.
 [22

 <./img/19_airplanes.png>]
<./img/20_clock.png, id=642, 309.40594pt x 339.51843pt>
File: ./img/20_clock.png Graphic file (type png)
<use ./img/20_clock.png>
Package pdftex.def Info: ./img/20_clock.png  used on input line 787.
(pdftex.def)             Requested size: 154.70259pt x 169.75879pt.

Overfull \hbox (7.20477pt too wide) in paragraph at lines 787--787
 [] 
 []

[23

 <./img/20_clock.png>]
<./img/21_altimeter.png, id=669, 176.15813pt x 285.31593pt>
File: ./img/21_altimeter.png Graphic file (type png)
<use ./img/21_altimeter.png>
Package pdftex.def Info: ./img/21_altimeter.png  used on input line 830.
(pdftex.def)             Requested size: 88.07884pt x 142.65761pt.

Overfull \hbox (2.03806pt too wide) in paragraph at lines 830--830
 [] 
 []

[24

 <./img/21_altimeter.png>]
<./img/22_plane.png, id=695, 133.9404pt x 162.3666pt>
File: ./img/22_plane.png Graphic file (type png)
<use ./img/22_plane.png>
Package pdftex.def Info: ./img/22_plane.png  used on input line 881.
(pdftex.def)             Requested size: 66.97003pt x 81.18309pt.
<./img/22_land.png, id=696, 114.6684pt x 17.8266pt>
File: ./img/22_land.png Graphic file (type png)
<use ./img/22_land.png>
Package pdftex.def Info: ./img/22_land.png  used on input line 881.
(pdftex.def)             Requested size: 57.33405pt x 8.91327pt.

Overfull \vbox (7.95322pt too high) detected at line 881
 []

[25

 <./img/22_plane.png> <./img/22_land.png>]
<./img/23_panel.png, id=726, 262.73157pt x 301.8778pt>
File: ./img/23_panel.png Graphic file (type png)
<use ./img/23_panel.png>
Package pdftex.def Info: ./img/23_panel.png  used on input line 917.
(pdftex.def)             Requested size: 105.09076pt x 120.74898pt.
 [26

 <./img/23_panel.png>]
<./img/24_line.png, id=753, 0.9636pt x 444.7014pt>
File: ./img/24_line.png Graphic file (type png)
<use ./img/24_line.png>
Package pdftex.def Info: ./img/24_line.png  used on input line 982.
(pdftex.def)             Requested size: 0.48178pt x 222.35016pt.
<./img/24_panel_left.png, id=754, 262.73157pt x 301.8778pt>
File: ./img/24_panel_left.png Graphic file (type png)
<use ./img/24_panel_left.png>
Package pdftex.def Info: ./img/24_panel_left.png  used on input line 982.
(pdftex.def)             Requested size: 105.09076pt x 120.74898pt.
<./img/24_panel_right.png, id=755, 246.1697pt x 294.34969pt>
File: ./img/24_panel_right.png Graphic file (type png)
<use ./img/24_panel_right.png>
Package pdftex.def Info: ./img/24_panel_right.png  used on input line 982.
(pdftex.def)             Requested size: 98.46613pt x 117.73778pt.

[27

 <./img/24_line.png> <./img/24_panel_left.png> <./img/24_panel_right.png>]
<./img/25_alien.png, id=782, 384.93285pt x 452.63843pt>
File: ./img/25_alien.png Graphic file (type png)
<use ./img/25_alien.png>
Package pdftex.def Info: ./img/25_alien.png  used on input line 995.
(pdftex.def)             Requested size: 173.21817pt x 203.68541pt.

[28

 <./img/25_alien.png>]
<./img/26_road.png, id=809, 217.81375pt x 229.85875pt>
File: ./img/26_road.png Graphic file (type png)
<use ./img/26_road.png>
Package pdftex.def Info: ./img/26_road.png  used on input line 1029.
(pdftex.def)             Requested size: 108.9066pt x 114.92908pt.
 [29

 <./img/26_road.png>]
<./img/27_notme.png, id=836, 92.0238pt x 99.7326pt>
File: ./img/27_notme.png Graphic file (type png)
<use ./img/27_notme.png>
Package pdftex.def Info: ./img/27_notme.png  used on input line 1082.
(pdftex.def)             Requested size: 46.01178pt x 49.86617pt.
<./img/27_people.png, id=837, 144.54pt x 121.8954pt>
File: ./img/27_people.png Graphic file (type png)
<use ./img/27_people.png>
Package pdftex.def Info: ./img/27_people.png  used on input line 1082.
(pdftex.def)             Requested size: 72.2698pt x 60.94754pt.
 [30

 <./img/27_notme.png> <./img/27_people.png>] [31

]

LaTeX Font Warning: Font shape `T1/cmss/m/n' in size <2> not available
(Font)              size <3> substituted on input line 1151.

[32

] [33

] [34

] [35

] [36

] [37

]
<./img/ka1.png, id=1047, 213.1965pt x 199.34476pt>
File: ./img/ka1.png Graphic file (type png)
<use ./img/ka1.png>
Package pdftex.def Info: ./img/ka1.png  used on input line 1328.
(pdftex.def)             Requested size: 106.59798pt x 99.67212pt.
 [38

 <./img/ka1.png>]
<./img/ka2.png, id=1073, 230.66174pt x 240.29774pt>
File: ./img/ka2.png Graphic file (type png)
<use ./img/ka2.png>
Package pdftex.def Info: ./img/ka2.png  used on input line 1352.
(pdftex.def)             Requested size: 115.33058pt x 120.14857pt.
 [39

 <./img/ka2.png>]
<./img/ka3.png, id=1099, 80.7015pt x 49.3845pt>
File: ./img/ka3.png Graphic file (type png)
<use ./img/ka3.png>
Package pdftex.def Info: ./img/ka3.png  used on input line 1376.
(pdftex.def)             Requested size: 80.70131pt x 49.38437pt.

[40

 <./img/ka3.png>]
<./img/ka4.png, id=1125, 89.73524pt x 93.34875pt>
File: ./img/ka4.png Graphic file (type png)
<use ./img/ka4.png>
Package pdftex.def Info: ./img/ka4.png  used on input line 1402.
(pdftex.def)             Requested size: 89.735pt x 93.34851pt.
 [41

 <./img/ka4.png>]
<./img/ka5.png, id=1151, 293.898pt x 43.96425pt>
File: ./img/ka5.png Graphic file (type png)
<use ./img/ka5.png>
Package pdftex.def Info: ./img/ka5.png  used on input line 1429.
(pdftex.def)             Requested size: 293.89726pt x 43.96413pt.
 [42

 <./img/ka5.png>]
<./img/32_SourceSafe.png, id=1177, 307.56767pt x 115.06145pt>
File: ./img/32_SourceSafe.png Graphic file (type png)
<use ./img/32_SourceSafe.png>
Package pdftex.def Info: ./img/32_SourceSafe.png  used on input line 1483.
(pdftex.def)             Requested size: 147.95462pt x 56.90553pt.
<./img/32_AXE.png, id=1178, 326.11838pt x 115.632pt>
File: ./img/32_AXE.png Graphic file (type png)
<use ./img/32_AXE.png>
Package pdftex.def Info: ./img/32_AXE.png  used on input line 1483.
(pdftex.def)             Requested size: 162.18297pt x 56.90543pt.

Overfull \hbox (8.53804pt too wide) in paragraph at lines 1483--1483
[]  
 []

<./img/32_Saving.png, id=1179, 344.18588pt x 121.05225pt>
File: ./img/32_Saving.png Graphic file (type png)
<use ./img/32_Saving.png>
Package pdftex.def Info: ./img/32_Saving.png  used on input line 1483.
(pdftex.def)             Requested size: 150.80151pt x 56.90564pt.
<./img/32_ok.png, id=1180, 224.037pt x 89.43413pt>
File: ./img/32_ok.png Graphic file (type png)
<use ./img/32_ok.png>
Package pdftex.def Info: ./img/32_ok.png  used on input line 1483.
(pdftex.def)             Requested size: 93.89319pt x 42.67815pt.
[43

 <./img/32_SourceSafe.png> <./img/32_AXE.png> <./img/32_Saving.png> <./img/32_o
k.png>]
<./img/33_revision.png, id=1211, 375.804pt x 97.5645pt>
File: ./img/33_revision.png Graphic file (type png)
<use ./img/33_revision.png>
Package pdftex.def Info: ./img/33_revision.png  used on input line 1518.
(pdftex.def)             Requested size: 187.90154pt x 48.78212pt.
<./img/33_netinfo.png, id=1212, 348.70274pt x 139.11975pt>
File: ./img/33_netinfo.png Graphic file (type png)
<use ./img/33_netinfo.png>
Package pdftex.def Info: ./img/33_netinfo.png  used on input line 1518.
(pdftex.def)             Requested size: 174.35094pt x 69.5597pt.
<./img/33_mosaix.png, id=1213, 385.44pt x 232.61906pt>
File: ./img/33_mosaix.png Graphic file (type png)
<use ./img/33_mosaix.png>
Package pdftex.def Info: ./img/33_mosaix.png  used on input line 1518.
(pdftex.def)             Requested size: 192.71953pt x 116.30923pt.


LaTeX Font Warning: Font shape `T1/cmss/m/n' in size <0.5> not available
(Font)              size <3> substituted on input line 1518.

[44

 <./img/33_revision.png> <./img/33_netinfo.png> <./img/33_mosaix.png>]
<./img/34_javascript.png, id=1242, 451.6875pt x 278.2395pt>
File: ./img/34_javascript.png Graphic file (type png)
<use ./img/34_javascript.png>
Package pdftex.def Info: ./img/34_javascript.png  used on input line 1547.
(pdftex.def)             Requested size: 225.84319pt x 139.1194pt.

[45

 <./img/34_javascript.png>]
<./img/35_battery.png, id=1269, 326.11838pt x 164.41425pt>
File: ./img/35_battery.png Graphic file (type png)
<use ./img/35_battery.png>
Package pdftex.def Info: ./img/35_battery.png  used on input line 1587.
(pdftex.def)             Requested size: 163.05878pt x 82.20691pt.
<./img/35_optout.png, id=1270, 336.95888pt x 107.50162pt>
File: ./img/35_optout.png Graphic file (type png)
<use ./img/35_optout.png>
Package pdftex.def Info: ./img/35_optout.png  used on input line 1587.
(pdftex.def)             Requested size: 168.47902pt x 53.75067pt.
<./img/35_error.png, id=1271, 331.53862pt x 113.82526pt>
File: ./img/35_error.png Graphic file (type png)
<use ./img/35_error.png>
Package pdftex.def Info: ./img/35_error.png  used on input line 1587.
(pdftex.def)             Requested size: 165.7689pt x 56.91248pt.

Overfull \hbox (9.41385pt too wide) in paragraph at lines 1587--1587
[] 
 []


Overfull \hbox (14.83409pt too wide) in paragraph at lines 1587--1587
[] 
 []


Overfull \hbox (12.12398pt too wide) in paragraph at lines 1587--1587
[] 
 []

<./img/35_diff.png, id=1272, 331.53862pt x 112.0185pt>
File: ./img/35_diff.png Graphic file (type png)
<use ./img/35_diff.png>
Package pdftex.def Info: ./img/35_diff.png  used on input line 1587.
(pdftex.def)             Requested size: 165.7689pt x 56.0091pt.

Overfull \hbox (12.12398pt too wide) in paragraph at lines 1587--1587
[] 
 []

<./img/35_turbo.png, id=1273, 171.64125pt x 96.66112pt>
File: ./img/35_turbo.png Graphic file (type png)
<use ./img/35_turbo.png>
Package pdftex.def Info: ./img/35_turbo.png  used on input line 1587.
(pdftex.def)             Requested size: 85.8204pt x 48.33043pt.

Overfull \vbox (14.4779pt too high) detected at line 1587
 []

[46

 <./img/35_battery.png> <./img/35_optout.png> <./img/35_error.png> <./img/35_di
ff.png> <./img/35_turbo.png>]
<./img/27_duck.png, id=1304, 315.0972pt x 248.127pt>
File: ./img/27_duck.png Graphic file (type png)
<use ./img/27_duck.png>
Package pdftex.def Info: ./img/27_duck.png  used on input line 1604.
(pdftex.def)             Requested size: 157.5482pt x 124.06319pt.
 [47

 <./img/27_duck.png>] [48

] [49

] [50

]
LaTeX Font Info:    Try loading font information for T1+cmtt on input line 1709
.

("C:\Program Files\MiKTeX 2.9\tex\latex\base\t1cmtt.fd"
File: t1cmtt.fd 2014/09/29 v2.5h Standard LaTeX font definitions
) [51

]
\tf@nav=\write6
\openout6 = `"8_Pathological designs.nav"'.

\tf@toc=\write7
\openout7 = `"8_Pathological designs.toc"'.

\tf@snm=\write8
\openout8 = `"8_Pathological designs.snm"'.

Package atveryend Info: Empty hook `BeforeClearDocument' on input line 1713.
Package atveryend Info: Empty hook `AfterLastShipout' on input line 1713.

("8_Pathological designs.aux")
Package atveryend Info: Executing hook `AtVeryEndDocument' on input line 1713.
Package atveryend Info: Executing hook `AtEndAfterFileList' on input line 1713.

Package rerunfilecheck Info: File `"8_Pathological designs".out' has not change
d.
(rerunfilecheck)             Checksum: D41D8CD98F00B204E9800998ECF8427E;0.


LaTeX Font Warning: Size substitutions with differences
(Font)              up to 2.5pt have occurred.


LaTeX Font Warning: Some font shapes were not available, defaults substituted.

 )
(\end occurred inside a group at level 1)

### simple group (level 1) entered at line 1691 ({)
### bottom level 
Here is how much of TeX's memory you used:
 25078 strings out of 492976
 508891 string characters out of 3135959
 608204 words of memory out of 3000000
 28168 multiletter control sequences out of 15000+200000
 34601 words of font info for 78 fonts, out of 3000000 for 9000
 1141 hyphenation exceptions out of 8191
 56i,14n,67p,814b,725s stack positions out of 5000i,500n,10000p,200000b,50000s
 <C:\Users\Mihai Lica Pura\AppData\Local\MiKTeX\2.9\fonts\pk\lj
four\jknappen\ec\dpi600\ectt1095.pk> <C:\Users\Mihai Lica Pura\AppData\Local\Mi
KTeX\2.9\fonts\pk\ljfour\jknappen\ec\dpi600\ecsi1440.pk> <C:\Users\Mihai Lica P
ura\AppData\Local\MiKTeX\2.9\fonts\pk\ljfour\jknappen\ec\dpi360\ecss0500.pk> <C
:\Users\Mihai Lica Pura\AppData\Local\MiKTeX\2.9\fonts\pk\ljfour\jknappen\ec\dp
i600\ecsi1728.pk> <C:\Users\Mihai Lica Pura\AppData\Local\MiKTeX\2.9\fonts\pk\l
jfour\jknappen\ec\dpi600\ecss0800.pk> <C:\Users\Mihai Lica Pura\AppData\Local\M
iKTeX\2.9\fonts\pk\ljfour\jknappen\ec\dpi600\ecsi0900.pk> <C:\Users\Mihai Lica 
Pura\AppData\Local\MiKTeX\2.9\fonts\pk\ljfour\jknappen\ec\dpi600\ecss1440.pk> <
C:\Users\Mihai Lica Pura\AppData\Local\MiKTeX\2.9\fonts\pk\ljfour\jknappen\ec\d
pi600\ecss0900.pk> <C:\Users\Mihai Lica Pura\AppData\Local\MiKTeX\2.9\fonts\pk\
ljfour\jknappen\ec\dpi600\ecss1000.pk> <C:\Users\Mihai Lica Pura\AppData\Local\
MiKTeX\2.9\fonts\pk\ljfour\jknappen\ec\dpi600\ecsi1095.pk> <C:\Users\Mihai Lica
 Pura\AppData\Local\MiKTeX\2.9\fonts\pk\ljfour\jknappen\ec\dpi600\ecss1728.pk> 
<C:\Users\Mihai Lica Pura\AppData\Local\MiKTeX\2.9\fonts\pk\ljfour\jknappen\ec\
dpi600\ecsx0800.pk> <C:\Users\Mihai Lica Pura\AppData\Local\MiKTeX\2.9\fonts\pk
\ljfour\jknappen\ec\dpi600\ecsx1200.pk> <C:\Users\Mihai Lica Pura\AppData\Local
\MiKTeX\2.9\fonts\pk\ljfour\jknappen\ec\dpi600\ecsx1095.pk> <C:\Users\Mihai Lic
a Pura\AppData\Local\MiKTeX\2.9\fonts\pk\ljfour\jknappen\ec\dpi600\ecsx1440.pk>
 <C:\Users\Mihai Lica Pura\AppData\Local\MiKTeX\2.9\fonts\pk\ljfour\jknappen\ec
\dpi600\ecss1095.pk> <C:\Users\Mihai Lica Pura\AppData\Local\MiKTeX\2.9\fonts\p
k\ljfour\jknappen\ec\dpi600\ecss0600.pk> <C:\Users\Mihai Lica Pura\AppData\Loca
l\MiKTeX\2.9\fonts\pk\ljfour\jknappen\ec\dpi600\ecss0500.pk> <C:\Users\Mihai Li
ca Pura\AppData\Local\MiKTeX\2.9\fonts\pk\ljfour\jknappen\ec\dpi600\ecsi0700.pk
> <C:\Users\Mihai Lica Pura\AppData\Local\MiKTeX\2.9\fonts\pk\ljfour\jknappen\e
c\dpi600\ecsx0700.pk> <C:\Users\Mihai Lica Pura\AppData\Local\MiKTeX\2.9\fonts\
pk\ljfour\jknappen\ec\dpi600\ecss0700.pk> <C:\Users\Mihai Lica Pura\AppData\Loc
al\MiKTeX\2.9\fonts\pk\ljfour\jknappen\ec\dpi600\ecss1200.pk> <C:\Users\Mihai L
ica Pura\AppData\Local\MiKTeX\2.9\fonts\pk\ljfour\jknappen\ec\dpi600\ecsx2074.p
k><C:/Program Files/MiKTeX 2.9/fonts/type1/public/amsfonts/cm/cmsy10.pfb><C:/Pr
ogram Files/MiKTeX 2.9/fonts/type1/public/amsfonts/symbols/msam10.pfb>
Output written on "8_Pathological designs.pdf" (51 pages, 4740712 bytes).
PDF statistics:
 2375 PDF objects out of 2487 (max. 8388607)
 103 named destinations out of 1000 (max. 500000)
 362 words of extra memory for PDF output out of 10000 (max. 10000000)

