This is pdfTeX, Version 3.14159265-2.6-1.40.19 (MiKTeX 2.9.6670 64-bit) (preloaded format=pdflatex 2018.4.23)  13 MAR 2021 18:37
entering extended mode
**"./14_Graphical Screen Design.tex"
("14_Graphical Screen Design.tex"
LaTeX2e <2018-04-01> patch level 2
Babel <3.18> and hyphenation patterns for 75 language(s) loaded.
("C:\Program Files\MiKTeX 2.9\tex\latex\beamer\beamer.cls"
Document Class: beamer 2018/02/20 v3.50 A class for typesetting presentations
("C:\Program Files\MiKTeX 2.9\tex\latex\beamer\beamerbasemodes.sty"
("C:\Program Files\MiKTeX 2.9\tex\latex\etoolbox\etoolbox.sty"
Package: etoolbox 2018/02/11 v2.5e e-TeX tools for LaTeX (JAW)
\etb@tempcnta=\count80
)
\beamer@tempbox=\box26
\beamer@tempcount=\count81
\c@beamerpauses=\count82

("C:\Program Files\MiKTeX 2.9\tex\latex\beamer\beamerbasedecode.sty"
\beamer@slideinframe=\count83
\beamer@minimum=\count84
)
\beamer@commentbox=\box27
\beamer@modecount=\count85
)
("C:\Program Files\MiKTeX 2.9\tex\generic\oberdiek\ifpdf.sty"
Package: ifpdf 2017/03/15 v3.2 Provides the ifpdf switch
)
\headdp=\dimen102
\footheight=\dimen103
\sidebarheight=\dimen104
\beamer@tempdim=\dimen105
\beamer@finalheight=\dimen106
\beamer@animht=\dimen107
\beamer@animdp=\dimen108
\beamer@animwd=\dimen109
\beamer@leftmargin=\dimen110
\beamer@rightmargin=\dimen111
\beamer@leftsidebar=\dimen112
\beamer@rightsidebar=\dimen113
\beamer@boxsize=\dimen114
\beamer@vboxoffset=\dimen115
\beamer@descdefault=\dimen116
\beamer@descriptionwidth=\dimen117
\beamer@lastskip=\skip41
\beamer@areabox=\box28
\beamer@animcurrent=\box29
\beamer@animshowbox=\box30
\beamer@sectionbox=\box31
\beamer@logobox=\box32
\beamer@linebox=\box33
\beamer@sectioncount=\count86
\beamer@subsubsectionmax=\count87
\beamer@subsectionmax=\count88
\beamer@sectionmax=\count89
\beamer@totalheads=\count90
\beamer@headcounter=\count91
\beamer@partstartpage=\count92
\beamer@sectionstartpage=\count93
\beamer@subsectionstartpage=\count94
\beamer@animationtempa=\count95
\beamer@animationtempb=\count96
\beamer@xpos=\count97
\beamer@ypos=\count98
\beamer@ypos@offset=\count99
\beamer@showpartnumber=\count100
\beamer@currentsubsection=\count101
\beamer@coveringdepth=\count102
\beamer@sectionadjust=\count103
\beamer@tocsectionnumber=\count104

("C:\Program Files\MiKTeX 2.9\tex\latex\beamer\beamerbaseoptions.sty"
("C:\Program Files\MiKTeX 2.9\tex\latex\graphics\keyval.sty"
Package: keyval 2014/10/28 v1.15 key=value parser (DPC)
\KV@toks@=\toks14
))
\beamer@paperwidth=\skip42
\beamer@paperheight=\skip43

("C:\Program Files\MiKTeX 2.9\tex\latex\geometry\geometry.sty"
Package: geometry 2018/03/24 v5.7 Page Geometry

("C:\Program Files\MiKTeX 2.9\tex\generic\oberdiek\ifvtex.sty"
Package: ifvtex 2016/05/16 v1.6 Detect VTeX and its facilities (HO)
Package ifvtex Info: VTeX not detected.
)
("C:\Program Files\MiKTeX 2.9\tex\generic\ifxetex\ifxetex.sty"
Package: ifxetex 2010/09/12 v0.6 Provides ifxetex conditional
)
\Gm@cnth=\count105
\Gm@cntv=\count106
\c@Gm@tempcnt=\count107
\Gm@bindingoffset=\dimen118
\Gm@wd@mp=\dimen119
\Gm@odd@mp=\dimen120
\Gm@even@mp=\dimen121
\Gm@layoutwidth=\dimen122
\Gm@layoutheight=\dimen123
\Gm@layouthoffset=\dimen124
\Gm@layoutvoffset=\dimen125
\Gm@dimlist=\toks15

("C:\Program Files\MiKTeX 2.9\tex\latex\geometry\geometry.cfg"))
("C:\Program Files\MiKTeX 2.9\tex\latex\base\size11.clo"
File: size11.clo 2014/09/29 v1.4h Standard LaTeX file (size option)
)
("C:\Program Files\MiKTeX 2.9\tex\latex\pgf\basiclayer\pgfcore.sty"
("C:\Program Files\MiKTeX 2.9\tex\latex\graphics\graphicx.sty"
Package: graphicx 2017/06/01 v1.1a Enhanced LaTeX Graphics (DPC,SPQR)

("C:\Program Files\MiKTeX 2.9\tex\latex\graphics\graphics.sty"
Package: graphics 2017/06/25 v1.2c Standard LaTeX Graphics (DPC,SPQR)

("C:\Program Files\MiKTeX 2.9\tex\latex\graphics\trig.sty"
Package: trig 2016/01/03 v1.10 sin cos tan (DPC)
)
("C:\Program Files\MiKTeX 2.9\tex\latex\graphics-cfg\graphics.cfg"
File: graphics.cfg 2016/06/04 v1.11 sample graphics configuration
)
Package graphics Info: Driver file: pdftex.def on input line 99.

("C:\Program Files\MiKTeX 2.9\tex\latex\graphics-def\pdftex.def"
File: pdftex.def 2018/01/08 v1.0l Graphics/color driver for pdftex
))
\Gin@req@height=\dimen126
\Gin@req@width=\dimen127
)
("C:\Program Files\MiKTeX 2.9\tex\latex\pgf\systemlayer\pgfsys.sty"
("C:\Program Files\MiKTeX 2.9\tex\latex\pgf\utilities\pgfrcs.sty"
("C:\Program Files\MiKTeX 2.9\tex\generic\pgf\utilities\pgfutil-common.tex"
\pgfutil@everybye=\toks16
\pgfutil@tempdima=\dimen128
\pgfutil@tempdimb=\dimen129

("C:\Program Files\MiKTeX 2.9\tex\generic\pgf\utilities\pgfutil-common-lists.te
x")) ("C:\Program Files\MiKTeX 2.9\tex\generic\pgf\utilities\pgfutil-latex.def"
\pgfutil@abb=\box34
("C:\Program Files\MiKTeX 2.9\tex\latex\ms\everyshi.sty"
Package: everyshi 2001/05/15 v3.00 EveryShipout Package (MS)
))
("C:\Program Files\MiKTeX 2.9\tex\generic\pgf\utilities\pgfrcs.code.tex"
Package: pgfrcs 2015/08/07 v3.0.1a (rcs-revision 1.31)
))
("C:\Program Files\MiKTeX 2.9\tex\generic\pgf\systemlayer\pgfsys.code.tex"
Package: pgfsys 2014/07/09 v3.0.1a (rcs-revision 1.48)

("C:\Program Files\MiKTeX 2.9\tex\generic\pgf\utilities\pgfkeys.code.tex"
\pgfkeys@pathtoks=\toks17
\pgfkeys@temptoks=\toks18

("C:\Program Files\MiKTeX 2.9\tex\generic\pgf\utilities\pgfkeysfiltered.code.te
x"
\pgfkeys@tmptoks=\toks19
))
\pgf@x=\dimen130
\pgf@y=\dimen131
\pgf@xa=\dimen132
\pgf@ya=\dimen133
\pgf@xb=\dimen134
\pgf@yb=\dimen135
\pgf@xc=\dimen136
\pgf@yc=\dimen137
\w@pgf@writea=\write3
\r@pgf@reada=\read1
\c@pgf@counta=\count108
\c@pgf@countb=\count109
\c@pgf@countc=\count110
\c@pgf@countd=\count111
\t@pgf@toka=\toks20
\t@pgf@tokb=\toks21
\t@pgf@tokc=\toks22
 ("C:\Program Files\MiKTeX 2.9\tex\generic\pgf\systemlayer\pgf.cfg"
File: pgf.cfg 2008/05/14  (rcs-revision 1.7)
)
Driver file for pgf: pgfsys-pdftex.def

("C:\Program Files\MiKTeX 2.9\tex\generic\pgf\systemlayer\pgfsys-pdftex.def"
File: pgfsys-pdftex.def 2014/10/11  (rcs-revision 1.35)

("C:\Program Files\MiKTeX 2.9\tex\generic\pgf\systemlayer\pgfsys-common-pdf.def
"
File: pgfsys-common-pdf.def 2013/10/10  (rcs-revision 1.13)
)))
("C:\Program Files\MiKTeX 2.9\tex\generic\pgf\systemlayer\pgfsyssoftpath.code.t
ex"
File: pgfsyssoftpath.code.tex 2013/09/09  (rcs-revision 1.9)
\pgfsyssoftpath@smallbuffer@items=\count112
\pgfsyssoftpath@bigbuffer@items=\count113
)
("C:\Program Files\MiKTeX 2.9\tex\generic\pgf\systemlayer\pgfsysprotocol.code.t
ex"
File: pgfsysprotocol.code.tex 2006/10/16  (rcs-revision 1.4)
)) ("C:\Program Files\MiKTeX 2.9\tex\latex\xcolor\xcolor.sty"
Package: xcolor 2016/05/11 v2.12 LaTeX color extensions (UK)

("C:\Program Files\MiKTeX 2.9\tex\latex\graphics-cfg\color.cfg"
File: color.cfg 2016/01/02 v1.6 sample color configuration
)
Package xcolor Info: Driver file: pdftex.def on input line 225.
Package xcolor Info: Model `cmy' substituted by `cmy0' on input line 1348.
Package xcolor Info: Model `hsb' substituted by `rgb' on input line 1352.
Package xcolor Info: Model `RGB' extended on input line 1364.
Package xcolor Info: Model `HTML' substituted by `rgb' on input line 1366.
Package xcolor Info: Model `Hsb' substituted by `hsb' on input line 1367.
Package xcolor Info: Model `tHsb' substituted by `hsb' on input line 1368.
Package xcolor Info: Model `HSB' substituted by `hsb' on input line 1369.
Package xcolor Info: Model `Gray' substituted by `gray' on input line 1370.
Package xcolor Info: Model `wave' substituted by `hsb' on input line 1371.
)
("C:\Program Files\MiKTeX 2.9\tex\generic\pgf\basiclayer\pgfcore.code.tex"
Package: pgfcore 2010/04/11 v3.0.1a (rcs-revision 1.7)

("C:\Program Files\MiKTeX 2.9\tex\generic\pgf\math\pgfmath.code.tex"
("C:\Program Files\MiKTeX 2.9\tex\generic\pgf\math\pgfmathcalc.code.tex"
("C:\Program Files\MiKTeX 2.9\tex\generic\pgf\math\pgfmathutil.code.tex")
("C:\Program Files\MiKTeX 2.9\tex\generic\pgf\math\pgfmathparser.code.tex"
\pgfmath@dimen=\dimen138
\pgfmath@count=\count114
\pgfmath@box=\box35
\pgfmath@toks=\toks23
\pgfmath@stack@operand=\toks24
\pgfmath@stack@operation=\toks25
)
("C:\Program Files\MiKTeX 2.9\tex\generic\pgf\math\pgfmathfunctions.code.tex"
("C:\Program Files\MiKTeX 2.9\tex\generic\pgf\math\pgfmathfunctions.basic.code.
tex")
("C:\Program Files\MiKTeX 2.9\tex\generic\pgf\math\pgfmathfunctions.trigonometr
ic.code.tex")
("C:\Program Files\MiKTeX 2.9\tex\generic\pgf\math\pgfmathfunctions.random.code
.tex")
("C:\Program Files\MiKTeX 2.9\tex\generic\pgf\math\pgfmathfunctions.comparison.
code.tex")
("C:\Program Files\MiKTeX 2.9\tex\generic\pgf\math\pgfmathfunctions.base.code.t
ex")
("C:\Program Files\MiKTeX 2.9\tex\generic\pgf\math\pgfmathfunctions.round.code.
tex")
("C:\Program Files\MiKTeX 2.9\tex\generic\pgf\math\pgfmathfunctions.misc.code.t
ex")
("C:\Program Files\MiKTeX 2.9\tex\generic\pgf\math\pgfmathfunctions.integerarit
hmetics.code.tex")))
("C:\Program Files\MiKTeX 2.9\tex\generic\pgf\math\pgfmathfloat.code.tex"
\c@pgfmathroundto@lastzeros=\count115
))
("C:\Program Files\MiKTeX 2.9\tex\generic\pgf\basiclayer\pgfcorepoints.code.tex
"
File: pgfcorepoints.code.tex 2013/10/07  (rcs-revision 1.27)
\pgf@picminx=\dimen139
\pgf@picmaxx=\dimen140
\pgf@picminy=\dimen141
\pgf@picmaxy=\dimen142
\pgf@pathminx=\dimen143
\pgf@pathmaxx=\dimen144
\pgf@pathminy=\dimen145
\pgf@pathmaxy=\dimen146
\pgf@xx=\dimen147
\pgf@xy=\dimen148
\pgf@yx=\dimen149
\pgf@yy=\dimen150
\pgf@zx=\dimen151
\pgf@zy=\dimen152
)
("C:\Program Files\MiKTeX 2.9\tex\generic\pgf\basiclayer\pgfcorepathconstruct.c
ode.tex"
File: pgfcorepathconstruct.code.tex 2013/10/07  (rcs-revision 1.29)
\pgf@path@lastx=\dimen153
\pgf@path@lasty=\dimen154
)
("C:\Program Files\MiKTeX 2.9\tex\generic\pgf\basiclayer\pgfcorepathusage.code.
tex"
File: pgfcorepathusage.code.tex 2014/11/02  (rcs-revision 1.24)
\pgf@shorten@end@additional=\dimen155
\pgf@shorten@start@additional=\dimen156
)
("C:\Program Files\MiKTeX 2.9\tex\generic\pgf\basiclayer\pgfcorescopes.code.tex
"
File: pgfcorescopes.code.tex 2015/05/08  (rcs-revision 1.46)
\pgfpic=\box36
\pgf@hbox=\box37
\pgf@layerbox@main=\box38
\pgf@picture@serial@count=\count116
)
("C:\Program Files\MiKTeX 2.9\tex\generic\pgf\basiclayer\pgfcoregraphicstate.co
de.tex"
File: pgfcoregraphicstate.code.tex 2014/11/02  (rcs-revision 1.12)
\pgflinewidth=\dimen157
)
("C:\Program Files\MiKTeX 2.9\tex\generic\pgf\basiclayer\pgfcoretransformations
.code.tex"
File: pgfcoretransformations.code.tex 2015/08/07  (rcs-revision 1.20)
\pgf@pt@x=\dimen158
\pgf@pt@y=\dimen159
\pgf@pt@temp=\dimen160
)
("C:\Program Files\MiKTeX 2.9\tex\generic\pgf\basiclayer\pgfcorequick.code.tex"
File: pgfcorequick.code.tex 2008/10/09  (rcs-revision 1.3)
)
("C:\Program Files\MiKTeX 2.9\tex\generic\pgf\basiclayer\pgfcoreobjects.code.te
x"
File: pgfcoreobjects.code.tex 2006/10/11  (rcs-revision 1.2)
)
("C:\Program Files\MiKTeX 2.9\tex\generic\pgf\basiclayer\pgfcorepathprocessing.
code.tex"
File: pgfcorepathprocessing.code.tex 2013/09/09  (rcs-revision 1.9)
)
("C:\Program Files\MiKTeX 2.9\tex\generic\pgf\basiclayer\pgfcorearrows.code.tex
"
File: pgfcorearrows.code.tex 2015/05/14  (rcs-revision 1.43)
\pgfarrowsep=\dimen161
)
("C:\Program Files\MiKTeX 2.9\tex\generic\pgf\basiclayer\pgfcoreshade.code.tex"
File: pgfcoreshade.code.tex 2013/07/15  (rcs-revision 1.15)
\pgf@max=\dimen162
\pgf@sys@shading@range@num=\count117
) ("C:\Program Files\MiKTeX 2.9\tex\generic\pgf\basiclayer\pgfcoreimage.code.te
x"
File: pgfcoreimage.code.tex 2013/07/15  (rcs-revision 1.18)

("C:\Program Files\MiKTeX 2.9\tex\generic\pgf\basiclayer\pgfcoreexternal.code.t
ex"
File: pgfcoreexternal.code.tex 2014/07/09  (rcs-revision 1.21)
\pgfexternal@startupbox=\box39
))
("C:\Program Files\MiKTeX 2.9\tex\generic\pgf\basiclayer\pgfcorelayers.code.tex
"
File: pgfcorelayers.code.tex 2013/07/18  (rcs-revision 1.7)
)
("C:\Program Files\MiKTeX 2.9\tex\generic\pgf\basiclayer\pgfcoretransparency.co
de.tex"
File: pgfcoretransparency.code.tex 2013/09/30  (rcs-revision 1.5)
)
("C:\Program Files\MiKTeX 2.9\tex\generic\pgf\basiclayer\pgfcorepatterns.code.t
ex"
File: pgfcorepatterns.code.tex 2013/11/07  (rcs-revision 1.5)
))) ("C:\Program Files\MiKTeX 2.9\tex\latex\pgf\utilities\xxcolor.sty"
Package: xxcolor 2003/10/24 ver 0.1
\XC@nummixins=\count118
\XC@countmixins=\count119
)
("C:\Program Files\MiKTeX 2.9\tex\generic\oberdiek\atbegshi.sty"
Package: atbegshi 2016/06/09 v1.18 At begin shipout hook (HO)

("C:\Program Files\MiKTeX 2.9\tex\generic\oberdiek\infwarerr.sty"
Package: infwarerr 2016/05/16 v1.4 Providing info/warning/error messages (HO)
)
("C:\Program Files\MiKTeX 2.9\tex\generic\oberdiek\ltxcmds.sty"
Package: ltxcmds 2016/05/16 v1.23 LaTeX kernel commands for general use (HO)
))
("C:\Program Files\MiKTeX 2.9\tex\latex\hyperref\hyperref.sty"
Package: hyperref 2018/02/06 v6.86b Hypertext links for LaTeX

("C:\Program Files\MiKTeX 2.9\tex\generic\oberdiek\hobsub-hyperref.sty"
Package: hobsub-hyperref 2016/05/16 v1.14 Bundle oberdiek, subset hyperref (HO)


("C:\Program Files\MiKTeX 2.9\tex\generic\oberdiek\hobsub-generic.sty"
Package: hobsub-generic 2016/05/16 v1.14 Bundle oberdiek, subset generic (HO)
Package: hobsub 2016/05/16 v1.14 Construct package bundles (HO)
Package hobsub Info: Skipping package `infwarerr' (already loaded).
Package hobsub Info: Skipping package `ltxcmds' (already loaded).
Package: ifluatex 2016/05/16 v1.4 Provides the ifluatex switch (HO)
Package ifluatex Info: LuaTeX not detected.
Package hobsub Info: Skipping package `ifvtex' (already loaded).
Package: intcalc 2016/05/16 v1.2 Expandable calculations with integers (HO)
Package hobsub Info: Skipping package `ifpdf' (already loaded).
Package: etexcmds 2016/05/16 v1.6 Avoid name clashes with e-TeX commands (HO)
Package etexcmds Info: Could not find \expanded.
(etexcmds)             That can mean that you are not using pdfTeX 1.50 or
(etexcmds)             that some package has redefined \expanded.
(etexcmds)             In the latter case, load this package earlier.
Package: kvsetkeys 2016/05/16 v1.17 Key value parser (HO)
Package: kvdefinekeys 2016/05/16 v1.4 Define keys (HO)
Package: pdftexcmds 2018/01/30 v0.27 Utility functions of pdfTeX for LuaTeX (HO
)
Package pdftexcmds Info: LuaTeX not detected.
Package pdftexcmds Info: \pdf@primitive is available.
Package pdftexcmds Info: \pdf@ifprimitive is available.
Package pdftexcmds Info: \pdfdraftmode found.
Package: pdfescape 2016/05/16 v1.14 Implements pdfTeX's escape features (HO)
Package: bigintcalc 2016/05/16 v1.4 Expandable calculations on big integers (HO
)
Package: bitset 2016/05/16 v1.2 Handle bit-vector datatype (HO)
Package: uniquecounter 2016/05/16 v1.3 Provide unlimited unique counter (HO)
)
Package hobsub Info: Skipping package `hobsub' (already loaded).
Package: letltxmacro 2016/05/16 v1.5 Let assignment for LaTeX macros (HO)
Package: hopatch 2016/05/16 v1.3 Wrapper for package hooks (HO)
Package: xcolor-patch 2016/05/16 xcolor patch
Package: atveryend 2016/05/16 v1.9 Hooks at the very end of document (HO)
Package hobsub Info: Skipping package `atbegshi' (already loaded).
Package: refcount 2016/05/16 v3.5 Data extraction from label references (HO)
Package: hycolor 2016/05/16 v1.8 Color options for hyperref/bookmark (HO)
)
("C:\Program Files\MiKTeX 2.9\tex\latex\oberdiek\auxhook.sty"
Package: auxhook 2016/05/16 v1.4 Hooks for auxiliary files (HO)
)
("C:\Program Files\MiKTeX 2.9\tex\latex\oberdiek\kvoptions.sty"
Package: kvoptions 2016/05/16 v3.12 Key value format for package options (HO)
)
\@linkdim=\dimen163
\Hy@linkcounter=\count120
\Hy@pagecounter=\count121

("C:\Program Files\MiKTeX 2.9\tex\latex\hyperref\pd1enc.def"
File: pd1enc.def 2018/02/06 v6.86b Hyperref: PDFDocEncoding definition (HO)
Now handling font encoding PD1 ...
... no UTF-8 mapping file for font encoding PD1
)
\Hy@SavedSpaceFactor=\count122

("C:\Program Files\MiKTeX 2.9\tex\latex\00miktex\hyperref.cfg"
File: hyperref.cfg 2002/06/06 v1.2 hyperref configuration of TeXLive
)
Package hyperref Info: Option `bookmarks' set `true' on input line 4383.
Package hyperref Info: Option `bookmarksopen' set `true' on input line 4383.
Package hyperref Info: Option `implicit' set `false' on input line 4383.
Package hyperref Info: Hyper figures OFF on input line 4509.
Package hyperref Info: Link nesting OFF on input line 4514.
Package hyperref Info: Hyper index ON on input line 4517.
Package hyperref Info: Plain pages OFF on input line 4524.
Package hyperref Info: Backreferencing OFF on input line 4529.
Package hyperref Info: Implicit mode OFF; no redefinition of LaTeX internals.
Package hyperref Info: Bookmarks ON on input line 4762.
\c@Hy@tempcnt=\count123

("C:\Program Files\MiKTeX 2.9\tex\latex\url\url.sty"
\Urlmuskip=\muskip10
Package: url 2013/09/16  ver 3.4  Verb mode for urls, etc.
)
LaTeX Info: Redefining \url on input line 5115.
\XeTeXLinkMargin=\dimen164
\Fld@menulength=\count124
\Field@Width=\dimen165
\Fld@charsize=\dimen166
Package hyperref Info: Hyper figures OFF on input line 6369.
Package hyperref Info: Link nesting OFF on input line 6374.
Package hyperref Info: Hyper index ON on input line 6377.
Package hyperref Info: backreferencing OFF on input line 6384.
Package hyperref Info: Link coloring OFF on input line 6389.
Package hyperref Info: Link coloring with OCG OFF on input line 6394.
Package hyperref Info: PDF/A mode OFF on input line 6399.
LaTeX Info: Redefining \ref on input line 6439.
LaTeX Info: Redefining \pageref on input line 6443.
\Hy@abspage=\count125


Package hyperref Message: Stopped early.

)
Package hyperref Info: Driver (autodetected): hpdftex.
 ("C:\Program Files\MiKTeX 2.9\tex\latex\hyperref\hpdftex.def"
File: hpdftex.def 2018/02/06 v6.86b Hyperref driver for pdfTeX
\Fld@listcount=\count126
\c@bookmark@seq@number=\count127

("C:\Program Files\MiKTeX 2.9\tex\latex\oberdiek\rerunfilecheck.sty"
Package: rerunfilecheck 2016/05/16 v1.8 Rerun checks for auxiliary files (HO)
Package uniquecounter Info: New unique counter `rerunfilecheck' on input line 2
82.
))
("C:\Program Files\MiKTeX 2.9\tex\latex\beamer\beamerbaserequires.sty"
("C:\Program Files\MiKTeX 2.9\tex\latex\beamer\beamerbasecompatibility.sty")
("C:\Program Files\MiKTeX 2.9\tex\latex\beamer\beamerbasefont.sty"
("C:\Program Files\MiKTeX 2.9\tex\latex\amsfonts\amssymb.sty"
Package: amssymb 2013/01/14 v3.01 AMS font symbols

("C:\Program Files\MiKTeX 2.9\tex\latex\amsfonts\amsfonts.sty"
Package: amsfonts 2013/01/14 v3.01 Basic AMSFonts support
\@emptytoks=\toks26
\symAMSa=\mathgroup4
\symAMSb=\mathgroup5
LaTeX Font Info:    Overwriting math alphabet `\mathfrak' in version `bold'
(Font)                  U/euf/m/n --> U/euf/b/n on input line 106.
))
("C:\Program Files\MiKTeX 2.9\tex\latex\sansmathaccent\sansmathaccent.sty"
Package: sansmathaccent 2013/03/28

("C:\Program Files\MiKTeX 2.9\tex\latex\filehook\filehook.sty"
Package: filehook 2011/10/12 v0.5d Hooks for input files
)))
("C:\Program Files\MiKTeX 2.9\tex\latex\beamer\beamerbasetranslator.sty"
("C:\Program Files\MiKTeX 2.9\tex\latex\translator\translator.sty"
Package: translator 2018/01/04 v1.12 Easy translation of strings in LaTeX
))
("C:\Program Files\MiKTeX 2.9\tex\latex\beamer\beamerbasemisc.sty")
("C:\Program Files\MiKTeX 2.9\tex\latex\beamer\beamerbasetwoscreens.sty")
("C:\Program Files\MiKTeX 2.9\tex\latex\beamer\beamerbaseoverlay.sty"
\beamer@argscount=\count128
\beamer@lastskipcover=\skip44
\beamer@trivlistdepth=\count129
)
("C:\Program Files\MiKTeX 2.9\tex\latex\beamer\beamerbasetitle.sty")
("C:\Program Files\MiKTeX 2.9\tex\latex\beamer\beamerbasesection.sty"
\c@lecture=\count130
\c@part=\count131
\c@section=\count132
\c@subsection=\count133
\c@subsubsection=\count134
)
("C:\Program Files\MiKTeX 2.9\tex\latex\beamer\beamerbaseframe.sty"
\beamer@framebox=\box40
\beamer@frametitlebox=\box41
\beamer@zoombox=\box42
\beamer@zoomcount=\count135
\beamer@zoomframecount=\count136
\beamer@frametextheight=\dimen167
\c@subsectionslide=\count137
\beamer@frametopskip=\skip45
\beamer@framebottomskip=\skip46
\beamer@frametopskipautobreak=\skip47
\beamer@framebottomskipautobreak=\skip48
\beamer@envbody=\toks27
\framewidth=\dimen168
\c@framenumber=\count138
)
("C:\Program Files\MiKTeX 2.9\tex\latex\beamer\beamerbaseverbatim.sty"
\beamer@verbatimfileout=\write4
)
("C:\Program Files\MiKTeX 2.9\tex\latex\beamer\beamerbaseframesize.sty"
\beamer@splitbox=\box43
\beamer@autobreakcount=\count139
\beamer@autobreaklastheight=\dimen169
\beamer@frametitletoks=\toks28
\beamer@framesubtitletoks=\toks29
)
("C:\Program Files\MiKTeX 2.9\tex\latex\beamer\beamerbaseframecomponents.sty"
\beamer@footins=\box44
)
("C:\Program Files\MiKTeX 2.9\tex\latex\beamer\beamerbasecolor.sty"
\beamer@bg@ht=\dimen170
\beamer@bg@wd=\dimen171
\beamer@bg@dp=\dimen172
)
("C:\Program Files\MiKTeX 2.9\tex\latex\beamer\beamerbasenotes.sty"
\beamer@frameboxcopy=\box45
)
("C:\Program Files\MiKTeX 2.9\tex\latex\beamer\beamerbasetoc.sty")
("C:\Program Files\MiKTeX 2.9\tex\latex\beamer\beamerbasetemplates.sty"
\beamer@sbttoks=\toks30

("C:\Program Files\MiKTeX 2.9\tex\latex\beamer\beamerbaseauxtemplates.sty"
("C:\Program Files\MiKTeX 2.9\tex\latex\beamer\beamerbaseboxes.sty"
\bmb@box=\box46
\bmb@colorbox=\box47
\bmb@boxshadow=\box48
\bmb@boxshadowball=\box49
\bmb@boxshadowballlarge=\box50
\bmb@temp=\dimen173
\bmb@dima=\dimen174
\bmb@dimb=\dimen175
\bmb@prevheight=\dimen176
)
\beamer@blockheadheight=\dimen177
))
("C:\Program Files\MiKTeX 2.9\tex\latex\beamer\beamerbaselocalstructure.sty"
("C:\Program Files\MiKTeX 2.9\tex\latex\tools\enumerate.sty"
Package: enumerate 2015/07/23 v3.00 enumerate extensions (DPC)
\@enLab=\toks31
)
\c@figure=\count140
\c@table=\count141
\abovecaptionskip=\skip49
\belowcaptionskip=\skip50
)
("C:\Program Files\MiKTeX 2.9\tex\latex\beamer\beamerbasenavigation.sty"
\beamer@section@min@dim=\dimen178
)
("C:\Program Files\MiKTeX 2.9\tex\latex\beamer\beamerbasetheorems.sty"
("C:\Program Files\MiKTeX 2.9\tex\latex\amsmath\amsmath.sty"
Package: amsmath 2017/09/02 v2.17a AMS math features
\@mathmargin=\skip51

For additional information on amsmath, use the `?' option.
("C:\Program Files\MiKTeX 2.9\tex\latex\amsmath\amstext.sty"
Package: amstext 2000/06/29 v2.01 AMS text

("C:\Program Files\MiKTeX 2.9\tex\latex\amsmath\amsgen.sty"
File: amsgen.sty 1999/11/30 v2.0 generic functions
\@emptytoks=\toks32
\ex@=\dimen179
))
("C:\Program Files\MiKTeX 2.9\tex\latex\amsmath\amsbsy.sty"
Package: amsbsy 1999/11/29 v1.2d Bold Symbols
\pmbraise@=\dimen180
)
("C:\Program Files\MiKTeX 2.9\tex\latex\amsmath\amsopn.sty"
Package: amsopn 2016/03/08 v2.02 operator names
)
\inf@bad=\count142
LaTeX Info: Redefining \frac on input line 213.
\uproot@=\count143
\leftroot@=\count144
LaTeX Info: Redefining \overline on input line 375.
\classnum@=\count145
\DOTSCASE@=\count146
LaTeX Info: Redefining \ldots on input line 472.
LaTeX Info: Redefining \dots on input line 475.
LaTeX Info: Redefining \cdots on input line 596.
\Mathstrutbox@=\box51
\strutbox@=\box52
\big@size=\dimen181
LaTeX Font Info:    Redeclaring font encoding OML on input line 712.
LaTeX Font Info:    Redeclaring font encoding OMS on input line 713.
\macc@depth=\count147
\c@MaxMatrixCols=\count148
\dotsspace@=\muskip11
\c@parentequation=\count149
\dspbrk@lvl=\count150
\tag@help=\toks33
\row@=\count151
\column@=\count152
\maxfields@=\count153
\andhelp@=\toks34
\eqnshift@=\dimen182
\alignsep@=\dimen183
\tagshift@=\dimen184
\tagwidth@=\dimen185
\totwidth@=\dimen186
\lineht@=\dimen187
\@envbody=\toks35
\multlinegap=\skip52
\multlinetaggap=\skip53
\mathdisplay@stack=\toks36
LaTeX Info: Redefining \[ on input line 2817.
LaTeX Info: Redefining \] on input line 2818.
)
("C:\Program Files\MiKTeX 2.9\tex\latex\amscls\amsthm.sty"
Package: amsthm 2017/10/31 v2.20.4
\thm@style=\toks37
\thm@bodyfont=\toks38
\thm@headfont=\toks39
\thm@notefont=\toks40
\thm@headpunct=\toks41
\thm@preskip=\skip54
\thm@postskip=\skip55
\thm@headsep=\skip56
\dth@everypar=\toks42
)
\c@theorem=\count154
)
("C:\Program Files\MiKTeX 2.9\tex\latex\beamer\beamerbasethemes.sty"))
("C:\Program Files\MiKTeX 2.9\tex\latex\beamer\beamerthemedefault.sty"
("C:\Program Files\MiKTeX 2.9\tex\latex\beamer\beamerfontthemedefault.sty")
("C:\Program Files\MiKTeX 2.9\tex\latex\beamer\beamercolorthemedefault.sty")
("C:\Program Files\MiKTeX 2.9\tex\latex\beamer\beamerinnerthemedefault.sty"
\beamer@dima=\dimen188
\beamer@dimb=\dimen189
)
("C:\Program Files\MiKTeX 2.9\tex\latex\beamer\beamerouterthemedefault.sty")))
("C:\Program Files\MiKTeX 2.9\tex\latex\enumitem\enumitem.sty"
Package: enumitem 2011/09/28 v3.5.2 Customized lists
\labelindent=\skip57
\enit@outerparindent=\dimen190
\enit@toks=\toks43
\enit@inbox=\box53
\enitdp@description=\count155
)
("C:\Program Files\MiKTeX 2.9\tex\latex\bbding\bbding.sty"
Package: bbding 1999/04/15 v1.01 Dingbats symbols
)
("C:\Program Files\MiKTeX 2.9\tex\latex\psnfss\pifont.sty"
Package: pifont 2005/04/12 PSNFSS-v9.2a Pi font support (SPQR) 
LaTeX Font Info:    Try loading font information for U+pzd on input line 63.

("C:\Program Files\MiKTeX 2.9\tex\latex\psnfss\upzd.fd"
File: upzd.fd 2001/06/04 font definitions for U/pzd.
)
LaTeX Font Info:    Try loading font information for U+psy on input line 64.

("C:\Program Files\MiKTeX 2.9\tex\latex\psnfss\upsy.fd"
File: upsy.fd 2001/06/04 font definitions for U/psy.
))
("C:\Program Files\MiKTeX 2.9\tex\latex\pgf\basiclayer\pgf.sty"
Package: pgf 2015/08/07 v3.0.1a (rcs-revision 1.15)

("C:\Program Files\MiKTeX 2.9\tex\generic\pgf\modules\pgfmoduleshapes.code.tex"
File: pgfmoduleshapes.code.tex 2014/03/21  (rcs-revision 1.35)
\pgfnodeparttextbox=\box54
) ("C:\Program Files\MiKTeX 2.9\tex\generic\pgf\modules\pgfmoduleplot.code.tex"
File: pgfmoduleplot.code.tex 2015/08/03  (rcs-revision 1.13)
)
("C:\Program Files\MiKTeX 2.9\tex\latex\pgf\compatibility\pgfcomp-version-0-65.
sty"
Package: pgfcomp-version-0-65 2007/07/03 v3.0.1a (rcs-revision 1.7)
\pgf@nodesepstart=\dimen191
\pgf@nodesepend=\dimen192
)
("C:\Program Files\MiKTeX 2.9\tex\latex\pgf\compatibility\pgfcomp-version-1-18.
sty"
Package: pgfcomp-version-1-18 2007/07/23 v3.0.1a (rcs-revision 1.1)
)) ("C:\Program Files\MiKTeX 2.9\tex\latex\pgf\frontendlayer\tikz.sty"
("C:\Program Files\MiKTeX 2.9\tex\latex\pgf\utilities\pgffor.sty"
("C:\Program Files\MiKTeX 2.9\tex\latex\pgf\utilities\pgfkeys.sty"
("C:\Program Files\MiKTeX 2.9\tex\generic\pgf\utilities\pgfkeys.code.tex"))
("C:\Program Files\MiKTeX 2.9\tex\latex\pgf\math\pgfmath.sty"
("C:\Program Files\MiKTeX 2.9\tex\generic\pgf\math\pgfmath.code.tex"))
("C:\Program Files\MiKTeX 2.9\tex\generic\pgf\utilities\pgffor.code.tex"
Package: pgffor 2013/12/13 v3.0.1a (rcs-revision 1.25)

("C:\Program Files\MiKTeX 2.9\tex\generic\pgf\math\pgfmath.code.tex")
\pgffor@iter=\dimen193
\pgffor@skip=\dimen194
\pgffor@stack=\toks44
\pgffor@toks=\toks45
))
("C:\Program Files\MiKTeX 2.9\tex\generic\pgf\frontendlayer\tikz\tikz.code.tex"
Package: tikz 2015/08/07 v3.0.1a (rcs-revision 1.151)

("C:\Program Files\MiKTeX 2.9\tex\generic\pgf\libraries\pgflibraryplothandlers.
code.tex"
File: pgflibraryplothandlers.code.tex 2013/08/31 v3.0.1a (rcs-revision 1.20)
\pgf@plot@mark@count=\count156
\pgfplotmarksize=\dimen195
)
\tikz@lastx=\dimen196
\tikz@lasty=\dimen197
\tikz@lastxsaved=\dimen198
\tikz@lastysaved=\dimen199
\tikzleveldistance=\dimen256
\tikzsiblingdistance=\dimen257
\tikz@figbox=\box55
\tikz@figbox@bg=\box56
\tikz@tempbox=\box57
\tikz@tempbox@bg=\box58
\tikztreelevel=\count157
\tikznumberofchildren=\count158
\tikznumberofcurrentchild=\count159
\tikz@fig@count=\count160

("C:\Program Files\MiKTeX 2.9\tex\generic\pgf\modules\pgfmodulematrix.code.tex"
File: pgfmodulematrix.code.tex 2013/09/17  (rcs-revision 1.8)
\pgfmatrixcurrentrow=\count161
\pgfmatrixcurrentcolumn=\count162
\pgf@matrix@numberofcolumns=\count163
)
\tikz@expandcount=\count164

("C:\Program Files\MiKTeX 2.9\tex\generic\pgf\frontendlayer\tikz\libraries\tikz
librarytopaths.code.tex"
File: tikzlibrarytopaths.code.tex 2008/06/17 v3.0.1a (rcs-revision 1.2)
)))
("C:\Program Files\MiKTeX 2.9\tex\latex\tikz-qtree\tikz-qtree.sty"
("C:\Program Files\MiKTeX 2.9\tex\latex\tikz-qtree\pgftree.sty"
("C:\Program Files\MiKTeX 2.9\tex\latex\tikz-qtree\pgfsubpic.sty"
("C:\Program Files\MiKTeX 2.9\tex\generic\tikz-qtree\pgfsubpic.tex"
\pgf@subpicminx=\dimen258
\pgf@subpicminy=\dimen259
\pgf@subpicmaxx=\dimen260
\pgf@subpicmaxy=\dimen261
))
("C:\Program Files\MiKTeX 2.9\tex\generic\tikz-qtree\pgftree.tex"
\levelsep=\dimen262
\subtreesep=\dimen263
\smuggle@levelsep=\dimen264
\smuggle@subtreesep=\dimen265
\this@levelsep=\dimen266
\this@subtreesep=\dimen267
\pgftree@childx=\dimen268
\pgftree@savechildx=\dimen269
\pgftree@childy=\dimen270
\pgftree@savechildy=\dimen271
\pgftree@childi=\count165
\pgftree@savechildi=\count166
\pgftree@level=\count167
\pgftree@depth=\dimen272
\pgf@subpic@hbox@children=\box59
\pgf@subpic@minx@children=\dimen273
\pgf@subpic@miny@children=\dimen274
\pgf@subpic@maxx@children=\dimen275
\pgf@subpic@maxy@children=\dimen276
\pgftree@lastchildx=\dimen277
\pgftree@lastchildy=\dimen278
))
("C:\Program Files\MiKTeX 2.9\tex\generic\tikz-qtree\tikz-qtree.tex"
\@result=\toks46
\child@list=\toks47
\root@node=\toks48
))
("C:\Program Files\MiKTeX 2.9\tex\latex\tikz-qtree\tikz-qtree-compat.sty"
\@qrooflabel=\toks49
)
("C:\Program Files\MiKTeX 2.9\tex\generic\pgf\frontendlayer\tikz\libraries\tikz
librarytrees.code.tex"
File: tikzlibrarytrees.code.tex 2008/02/24 v3.0.1a (rcs-revision 1.2)
)
("C:\Program Files\MiKTeX 2.9\tex\generic\pgf\frontendlayer\tikz\libraries\tikz
libraryarrows.code.tex"
File: tikzlibraryarrows.code.tex 2008/01/09 v3.0.1a (rcs-revision 1.1)

("C:\Program Files\MiKTeX 2.9\tex\generic\pgf\libraries\pgflibraryarrows.code.t
ex"
File: pgflibraryarrows.code.tex 2013/09/23 v3.0.1a (rcs-revision 1.16)
\arrowsize=\dimen279
))
("C:\Program Files\MiKTeX 2.9\tex\generic\pgf\frontendlayer\tikz\libraries\tikz
libraryautomata.code.tex"
File: tikzlibraryautomata.code.tex 2008/07/14 v3.0.1a (rcs-revision 1.3)

("C:\Program Files\MiKTeX 2.9\tex\generic\pgf\frontendlayer\tikz\libraries\tikz
libraryshapes.multipart.code.tex"
File: tikzlibraryshapes.multipart.code.tex 2008/01/09 v3.0.1a (rcs-revision 1.1
)

("C:\Program Files\MiKTeX 2.9\tex\generic\pgf\libraries\shapes\pgflibraryshapes
.multipart.code.tex"
File: pgflibraryshapes.multipart.code.tex 2010/01/07 v3.0.1a (rcs-revision 1.2)

\pgfnodepartlowerbox=\box60
\pgfnodeparttwobox=\box61
\pgfnodepartthreebox=\box62
\pgfnodepartfourbox=\box63
\pgfnodeparttwentybox=\box64
\pgfnodepartnineteenbox=\box65
\pgfnodeparteighteenbox=\box66
\pgfnodepartseventeenbox=\box67
\pgfnodepartsixteenbox=\box68
\pgfnodepartfifteenbox=\box69
\pgfnodepartfourteenbox=\box70
\pgfnodepartthirteenbox=\box71
\pgfnodeparttwelvebox=\box72
\pgfnodepartelevenbox=\box73
\pgfnodeparttenbox=\box74
\pgfnodepartninebox=\box75
\pgfnodeparteightbox=\box76
\pgfnodepartsevenbox=\box77
\pgfnodepartsixbox=\box78
\pgfnodepartfivebox=\box79
)))
("C:\Program Files\MiKTeX 2.9\tex\generic\pgf\frontendlayer\tikz\libraries\tikz
librarypositioning.code.tex"
File: tikzlibrarypositioning.code.tex 2008/10/06 v3.0.1a (rcs-revision 1.7)
)
("C:\Program Files\MiKTeX 2.9\tex\generic\pgf\frontendlayer\tikz\libraries\tikz
libraryshapes.code.tex"
File: tikzlibraryshapes.code.tex 2008/01/09 v3.0.1a (rcs-revision 1.1)

("C:\Program Files\MiKTeX 2.9\tex\generic\pgf\frontendlayer\tikz\libraries\tikz
libraryshapes.geometric.code.tex"
File: tikzlibraryshapes.geometric.code.tex 2008/01/09 v3.0.1a (rcs-revision 1.1
)

("C:\Program Files\MiKTeX 2.9\tex\generic\pgf\libraries\shapes\pgflibraryshapes
.geometric.code.tex"
File: pgflibraryshapes.geometric.code.tex 2008/06/26 v3.0.1a (rcs-revision 1.1)

))
("C:\Program Files\MiKTeX 2.9\tex\generic\pgf\frontendlayer\tikz\libraries\tikz
libraryshapes.misc.code.tex"
File: tikzlibraryshapes.misc.code.tex 2008/01/09 v3.0.1a (rcs-revision 1.1)

("C:\Program Files\MiKTeX 2.9\tex\generic\pgf\libraries\shapes\pgflibraryshapes
.misc.code.tex"
File: pgflibraryshapes.misc.code.tex 2013/07/18 v3.0.1a (rcs-revision 1.5)
))
("C:\Program Files\MiKTeX 2.9\tex\generic\pgf\frontendlayer\tikz\libraries\tikz
libraryshapes.symbols.code.tex"
File: tikzlibraryshapes.symbols.code.tex 2008/01/09 v3.0.1a (rcs-revision 1.1)

("C:\Program Files\MiKTeX 2.9\tex\generic\pgf\libraries\shapes\pgflibraryshapes
.symbols.code.tex"
File: pgflibraryshapes.symbols.code.tex 2013/09/11 v3.0.1a (rcs-revision 1.6)
))
("C:\Program Files\MiKTeX 2.9\tex\generic\pgf\frontendlayer\tikz\libraries\tikz
libraryshapes.arrows.code.tex"
File: tikzlibraryshapes.arrows.code.tex 2008/01/09 v3.0.1a (rcs-revision 1.1)

("C:\Program Files\MiKTeX 2.9\tex\generic\pgf\libraries\shapes\pgflibraryshapes
.arrows.code.tex"
File: pgflibraryshapes.arrows.code.tex 2008/06/26 v3.0.1a (rcs-revision 1.1)
))
("C:\Program Files\MiKTeX 2.9\tex\generic\pgf\frontendlayer\tikz\libraries\tikz
libraryshapes.callouts.code.tex"
("C:\Program Files\MiKTeX 2.9\tex\generic\pgf\libraries\shapes\pgflibraryshapes
.callouts.code.tex")))
("C:\Program Files\MiKTeX 2.9\tex\latex\pgfornament\pgfornament.sty"
("C:\Program Files\MiKTeX 2.9\tex\latex\pgfopts\pgfopts.sty"
Package: pgfopts 2014/07/10 v2.1a LaTeX package options with pgfkeys
\pgfopts@list@add@a@toks=\toks50
\pgfopts@list@add@b@toks=\toks51
)
Package: pgfornament 2016/03/05 v0.21 vector ornaments

("C:\Program Files\MiKTeX 2.9\tex\latex\pgfornament\pgflibraryvectorian.code.te
x")) ("C:\Program Files\MiKTeX 2.9\tex\latex\eso-pic\eso-pic.sty"
Package: eso-pic 2015/07/21 v2.0g eso-pic (RN)
)
("C:\Program Files\MiKTeX 2.9\tex\latex\textpos\textpos.sty"
Package: textpos 2016/06/07 v1.8

Package: textpos 2016/06/07 1.8, absolute positioning of text on the page
\TP@textbox=\box80
\TP@holdbox=\box81
\TPHorizModule=\dimen280
\TPVertModule=\dimen281
\TP@margin=\dimen282
\TP@absmargin=\dimen283
Grid set 16 x 16 = 22.7622pt x 17.07166pt
\TPboxrulesize=\dimen284
\TP@ox=\dimen285
\TP@oy=\dimen286
\TP@tbargs=\toks52
\TP@prevdepth=\dimen287
TextBlockOrigin set to 0pt x 0pt
) ("C:\Program Files\MiKTeX 2.9\tex\latex\psnfss\helvet.sty"
Package: helvet 2005/04/12 PSNFSS-v9.2a (WaS) 
)
("C:\Program Files\MiKTeX 2.9\tex\latex\psnfss\times.sty"
Package: times 2005/04/12 PSNFSS-v9.2a (SPQR) 
)
("C:\Program Files\MiKTeX 2.9\tex\latex\psnfss\courier.sty"
Package: courier 2005/04/12 PSNFSS-v9.2a (WaS) 
)
("C:\Program Files\MiKTeX 2.9\tex\latex\rotunda\rotunda.sty"
Package: rotunda 2002/12/30 v1.0 package for Rotunda fonts
)
("C:\Program Files\MiKTeX 2.9\tex\latex\mathtools\mathtools.sty"
Package: mathtools 2018/01/08 v1.21 mathematical typesetting tools

("C:\Program Files\MiKTeX 2.9\tex\latex\tools\calc.sty"
Package: calc 2017/05/25 v4.3 Infix arithmetic (KKT,FJ)
\calc@Acount=\count168
\calc@Bcount=\count169
\calc@Adimen=\dimen288
\calc@Bdimen=\dimen289
\calc@Askip=\skip58
\calc@Bskip=\skip59
LaTeX Info: Redefining \setlength on input line 80.
LaTeX Info: Redefining \addtolength on input line 81.
\calc@Ccount=\count170
\calc@Cskip=\skip60
)
("C:\Program Files\MiKTeX 2.9\tex\latex\mathtools\mhsetup.sty"
Package: mhsetup 2017/03/31 v1.3 programming setup (MH)
)
LaTeX Info: Thecontrolsequence`\('isalreadyrobust on input line 129.
LaTeX Info: Thecontrolsequence`\)'isalreadyrobust on input line 129.
LaTeX Info: Thecontrolsequence`\['isalreadyrobust on input line 129.
LaTeX Info: Thecontrolsequence`\]'isalreadyrobust on input line 129.
\g_MT_multlinerow_int=\count171
\l_MT_multwidth_dim=\dimen290
\origjot=\skip61
\l_MT_shortvdotswithinadjustabove_dim=\dimen291
\l_MT_shortvdotswithinadjustbelow_dim=\dimen292
\l_MT_above_intertext_sep=\dimen293
\l_MT_below_intertext_sep=\dimen294
\l_MT_above_shortintertext_sep=\dimen295
\l_MT_below_shortintertext_sep=\dimen296
)
("C:\Program Files\MiKTeX 2.9\tex\latex\base\inputenc.sty"
Package: inputenc 2018/04/06 v1.3b Input encoding file
\inpenc@prehook=\toks53
\inpenc@posthook=\toks54
)
("C:\Program Files\MiKTeX 2.9\tex\latex\base\fontenc.sty"
Package: fontenc 2017/04/05 v2.0i Standard LaTeX package

("C:\Program Files\MiKTeX 2.9\tex\latex\base\t1enc.def"
File: t1enc.def 2017/04/05 v2.0i Standard LaTeX file
LaTeX Font Info:    Redeclaring font encoding T1 on input line 48.
))
("C:\Program Files\MiKTeX 2.9\tex\latex\overpic\overpic.sty"
Package: overpic 2017/10/06 1.0 picture overlays

("C:\Program Files\MiKTeX 2.9\tex\latex\eepic\epic.sty"
Enhancements to Picture Environment. Version 1.2 - Released June 1, 1986
\@@multicnt=\count172
\d@lta=\count173
\@delta=\dimen297
\@@delta=\dimen298
\@gridcnt=\count174
\@joinkind=\count175
\@dotgap=\dimen299
\@ddotgap=\dimen300
\@x@diff=\count176
\@y@diff=\count177
\x@diff=\dimen301
\y@diff=\dimen302
\@dotbox=\box82
\num@segments=\count178
\num@segmentsi=\count179
\@datafile=\read2
)) ("C:\Program Files\MiKTeX 2.9\tex\latex\minibox\minibox.sty"
("C:\Program Files\MiKTeX 2.9\tex\latex\l3kernel\expl3.sty"
Package: expl3 2018/03/05 L3 programming layer (loader) 

("C:\Program Files\MiKTeX 2.9\tex\latex\l3kernel\expl3-code.tex"
Package: expl3 2018/03/05 L3 programming layer (code)
\c_max_int=\count180
\l_tmpa_int=\count181
\l_tmpb_int=\count182
\g_tmpa_int=\count183
\g_tmpb_int=\count184
\g__intarray_font_int=\count185
\g__prg_map_int=\count186
\c_log_iow=\count187
\l_iow_line_count_int=\count188
\l__iow_line_target_int=\count189
\l__iow_one_indent_int=\count190
\l__iow_indent_int=\count191
\c_zero_dim=\dimen303
\c_max_dim=\dimen304
\l_tmpa_dim=\dimen305
\l_tmpb_dim=\dimen306
\g_tmpa_dim=\dimen307
\g_tmpb_dim=\dimen308
\c_zero_skip=\skip62
\c_max_skip=\skip63
\l_tmpa_skip=\skip64
\l_tmpb_skip=\skip65
\g_tmpa_skip=\skip66
\g_tmpb_skip=\skip67
\c_zero_muskip=\muskip12
\c_max_muskip=\muskip13
\l_tmpa_muskip=\muskip14
\l_tmpb_muskip=\muskip15
\g_tmpa_muskip=\muskip16
\g_tmpb_muskip=\muskip17
\l_keys_choice_int=\count192
\c__fp_leading_shift_int=\count193
\c__fp_middle_shift_int=\count194
\c__fp_trailing_shift_int=\count195
\c__fp_big_leading_shift_int=\count196
\c__fp_big_middle_shift_int=\count197
\c__fp_big_trailing_shift_int=\count198
\c__fp_Bigg_leading_shift_int=\count199
\c__fp_Bigg_middle_shift_int=\count266
\c__fp_Bigg_trailing_shift_int=\count267
\c__fp_rand_size_int=\count268
\c__fp_rand_four_int=\count269
\c__fp_rand_eight_int=\count270
\l__sort_length_int=\count271
\l__sort_min_int=\count272
\l__sort_top_int=\count273
\l__sort_max_int=\count274
\l__sort_true_max_int=\count275
\l__sort_block_int=\count276
\l__sort_begin_int=\count277
\l__sort_end_int=\count278
\l__sort_A_int=\count279
\l__sort_B_int=\count280
\l__sort_C_int=\count281
\l__tl_build_start_index_int=\count282
\l__tl_build_index_int=\count283
\l__tl_analysis_normal_int=\count284
\l__tl_analysis_index_int=\count285
\l__tl_analysis_nesting_int=\count286
\l__tl_analysis_type_int=\count287
\l__regex_internal_a_int=\count288
\l__regex_internal_b_int=\count289
\l__regex_internal_c_int=\count290
\l__regex_balance_int=\count291
\l__regex_group_level_int=\count292
\l__regex_mode_int=\count293
\c__regex_cs_in_class_mode_int=\count294
\c__regex_cs_mode_int=\count295
\l__regex_catcodes_int=\count296
\l__regex_default_catcodes_int=\count297
\c__regex_catcode_D_int=\count298
\c__regex_catcode_S_int=\count299
\c__regex_catcode_L_int=\count300
\c__regex_catcode_O_int=\count301
\c__regex_catcode_A_int=\count302
\c__regex_all_catcodes_int=\count303
\l__regex_show_lines_int=\count304
\l__regex_min_state_int=\count305
\l__regex_max_state_int=\count306
\l__regex_left_state_int=\count307
\l__regex_right_state_int=\count308
\l__regex_capturing_group_int=\count309
\l__regex_min_pos_int=\count310
\l__regex_max_pos_int=\count311
\l__regex_curr_pos_int=\count312
\l__regex_start_pos_int=\count313
\l__regex_success_pos_int=\count314
\l__regex_curr_char_int=\count315
\l__regex_curr_catcode_int=\count316
\l__regex_last_char_int=\count317
\l__regex_case_changed_char_int=\count318
\l__regex_curr_state_int=\count319
\l__regex_step_int=\count320
\l__regex_min_active_int=\count321
\l__regex_max_active_int=\count322
\l__regex_replacement_csnames_int=\count323
\l__regex_match_count_int=\count324
\l__regex_min_submatch_int=\count325
\l__regex_submatch_int=\count326
\l__regex_zeroth_submatch_int=\count327
\g__regex_trace_regex_int=\count328
\c_empty_box=\box83
\l_tmpa_box=\box84
\l_tmpb_box=\box85
\g_tmpa_box=\box86
\g_tmpb_box=\box87
\l__box_top_dim=\dimen309
\l__box_bottom_dim=\dimen310
\l__box_left_dim=\dimen311
\l__box_right_dim=\dimen312
\l__box_top_new_dim=\dimen313
\l__box_bottom_new_dim=\dimen314
\l__box_left_new_dim=\dimen315
\l__box_right_new_dim=\dimen316
\l__box_internal_box=\box88
\l__coffin_internal_box=\box89
\l__coffin_internal_dim=\dimen317
\l__coffin_offset_x_dim=\dimen318
\l__coffin_offset_y_dim=\dimen319
\l__coffin_x_dim=\dimen320
\l__coffin_y_dim=\dimen321
\l__coffin_x_prime_dim=\dimen322
\l__coffin_y_prime_dim=\dimen323
\c_empty_coffin=\box90
\l__coffin_aligned_coffin=\box91
\l__coffin_aligned_internal_coffin=\box92
\l_tmpa_coffin=\box93
\l_tmpb_coffin=\box94
\l__coffin_display_coffin=\box95
\l__coffin_display_coord_coffin=\box96
\l__coffin_display_pole_coffin=\box97
\l__coffin_display_offset_dim=\dimen324
\l__coffin_display_x_dim=\dimen325
\l__coffin_display_y_dim=\dimen326
\l__coffin_bounding_shift_dim=\dimen327
\l__coffin_left_corner_dim=\dimen328
\l__coffin_right_corner_dim=\dimen329
\l__coffin_bottom_corner_dim=\dimen330
\l__coffin_top_corner_dim=\dimen331
\l__coffin_scaled_total_height_dim=\dimen332
\l__coffin_scaled_width_dim=\dimen333
)
("C:\Program Files\MiKTeX 2.9\tex\latex\l3kernel\l3pdfmode.def"
File: l3pdfmode.def 2017/03/18 v L3 Experimental driver: PDF mode
\l__driver_color_stack_int=\count329
))
Package: minibox 2013/06/21 v0.2a Another type of box.
\l_minibox_rule_dim=\dimen334
\l_minibox_pad_dim=\dimen335
)
("C:\Program Files\MiKTeX 2.9\tex\generic\pgf\frontendlayer\tikz\libraries\tikz
librarypatterns.code.tex"
File: tikzlibrarypatterns.code.tex 2008/01/15 v3.0.1a (rcs-revision 1.2)

("C:\Program Files\MiKTeX 2.9\tex\generic\pgf\libraries\pgflibrarypatterns.code
.tex"
File: pgflibrarypatterns.code.tex 2008/03/03 v3.0.1a (rcs-revision 1.13)
)) ("C:\Program Files\MiKTeX 2.9\tex\latex\base\fontenc.sty"
Package: fontenc 2017/04/05 v2.0i Standard LaTeX package

("C:\Program Files\MiKTeX 2.9\tex\latex\base\t1enc.def"
File: t1enc.def 2017/04/05 v2.0i Standard LaTeX file
LaTeX Font Info:    Redeclaring font encoding T1 on input line 48.
))
("C:\Program Files\MiKTeX 2.9\tex\latex\varwidth\varwidth.sty"
Package: varwidth 2009/03/30 ver 0.92;  Variable-width minipages
\@vwid@box=\box98
\sift@deathcycles=\count330
\@vwid@loff=\dimen336
\@vwid@roff=\dimen337
)
("C:\Program Files\MiKTeX 2.9\tex\latex\tools\multicol.sty"
Package: multicol 2018/04/01 v1.8r multicolumn formatting (FMi)
\c@tracingmulticols=\count331
\mult@box=\box99
\multicol@leftmargin=\dimen338
\c@unbalance=\count332
\c@collectmore=\count333
\doublecol@number=\count334
\multicoltolerance=\count335
\multicolpretolerance=\count336
\full@width=\dimen339
\page@free=\dimen340
\premulticols=\dimen341
\postmulticols=\dimen342
\multicolsep=\skip68
\multicolbaselineskip=\skip69
\partial@page=\box100
\last@line=\box101
\maxbalancingoverflow=\dimen343
\mult@rightbox=\box102
\mult@grightbox=\box103
\mult@gfirstbox=\box104
\mult@firstbox=\box105
\@tempa=\box106
\@tempa=\box107
\@tempa=\box108
\@tempa=\box109
\@tempa=\box110
\@tempa=\box111
\@tempa=\box112
\@tempa=\box113
\@tempa=\box114
\@tempa=\box115
\@tempa=\box116
\@tempa=\box117
\@tempa=\box118
\@tempa=\box119
\@tempa=\box120
\@tempa=\box121
\@tempa=\box122
\c@columnbadness=\count337
\c@finalcolumnbadness=\count338
\last@try=\dimen344
\multicolovershoot=\dimen345
\multicolundershoot=\dimen346
\mult@nat@firstbox=\box123
\colbreak@box=\box124
\mc@col@check@num=\count339
)
("C:\Program Files\MiKTeX 2.9\tex\latex\multirow\multirow.sty"
Package: multirow 2016/11/25 v2.2 Span multiple rows of a table
\multirow@colwidth=\skip70
\multirow@cntb=\count340
\multirow@dima=\skip71
\bigstrutjot=\dimen347
)
("C:\Program Files\MiKTeX 2.9\tex\latex\adjustbox\adjustbox.sty"
Package: adjustbox 2018/04/08 v1.1 Adjusting TeX boxes (trim, clip, ...)

("C:\Program Files\MiKTeX 2.9\tex\latex\xkeyval\xkeyval.sty"
Package: xkeyval 2014/12/03 v2.7a package option processing (HA)

("C:\Program Files\MiKTeX 2.9\tex\generic\xkeyval\xkeyval.tex"
("C:\Program Files\MiKTeX 2.9\tex\generic\xkeyval\xkvutils.tex"
\XKV@toks=\toks55
\XKV@tempa@toks=\toks56
)
\XKV@depth=\count341
File: xkeyval.tex 2014/12/03 v2.7a key=value parser (HA)
))
("C:\Program Files\MiKTeX 2.9\tex\latex\adjustbox\adjcalc.sty"
Package: adjcalc 2012/05/16 v1.1 Provides advanced setlength with multiple back
-ends (calc, etex, pgfmath)
)
("C:\Program Files\MiKTeX 2.9\tex\latex\adjustbox\trimclip.sty"
Package: trimclip 2018/04/08 v1.1 Trim and clip general TeX material

("C:\Program Files\MiKTeX 2.9\tex\latex\collectbox\collectbox.sty"
Package: collectbox 2012/05/17 v0.4b Collect macro arguments as boxes
\collectedbox=\box125
)
\tc@llx=\dimen348
\tc@lly=\dimen349
\tc@urx=\dimen350
\tc@ury=\dimen351
Package trimclip Info: Using driver 'tc-pdftex.def'.

("C:\Program Files\MiKTeX 2.9\tex\latex\adjustbox\tc-pdftex.def"
File: tc-pdftex.def 2018/04/08 v2.1 Clipping driver for pdftex
))
\adjbox@Width=\dimen352
\adjbox@Height=\dimen353
\adjbox@Depth=\dimen354
\adjbox@Totalheight=\dimen355
\adjbox@pwidth=\dimen356
\adjbox@pheight=\dimen357
\adjbox@pdepth=\dimen358
\adjbox@ptotalheight=\dimen359

("C:\Program Files\MiKTeX 2.9\tex\latex\ifoddpage\ifoddpage.sty"
Package: ifoddpage 2016/04/23 v1.1 Conditionals for odd/even page detection
\c@checkoddpage=\count342
))
("C:\Program Files\MiKTeX 2.9\tex\latex\wrapfig\wrapfig.sty"
\wrapoverhang=\dimen360
\WF@size=\dimen361
\c@WF@wrappedlines=\count343
\WF@box=\box126
\WF@everypar=\toks57
Package: wrapfig 2003/01/31  v 3.6
)
("C:\Program Files\MiKTeX 2.9\tex\latex\base\textcomp.sty"
Package: textcomp 2017/04/05 v2.0i Standard LaTeX package
Package textcomp Info: Sub-encoding information:
(textcomp)               5 = only ISO-Adobe without \textcurrency
(textcomp)               4 = 5 + \texteuro
(textcomp)               3 = 4 + \textohm
(textcomp)               2 = 3 + \textestimated + \textcurrency
(textcomp)               1 = TS1 - \textcircled - \t
(textcomp)               0 = TS1 (full)
(textcomp)             Font families with sub-encoding setting implement
(textcomp)             only a restricted character set as indicated.
(textcomp)             Family '?' is the default used for unknown fonts.
(textcomp)             See the documentation for details.
Package textcomp Info: Setting ? sub-encoding to TS1/1 on input line 79.

("C:\Program Files\MiKTeX 2.9\tex\latex\base\ts1enc.def"
File: ts1enc.def 2001/06/05 v3.0e (jk/car/fm) Standard LaTeX file
Now handling font encoding TS1 ...
... processing UTF-8 mapping file for font encoding TS1

("C:\Program Files\MiKTeX 2.9\tex\latex\base\ts1enc.dfu"
File: ts1enc.dfu 2018/04/05 v1.2c UTF-8 support for inputenc
   defining Unicode char U+00A2 (decimal 162)
   defining Unicode char U+00A3 (decimal 163)
   defining Unicode char U+00A4 (decimal 164)
   defining Unicode char U+00A5 (decimal 165)
   defining Unicode char U+00A6 (decimal 166)
   defining Unicode char U+00A7 (decimal 167)
   defining Unicode char U+00A8 (decimal 168)
   defining Unicode char U+00A9 (decimal 169)
   defining Unicode char U+00AA (decimal 170)
   defining Unicode char U+00AC (decimal 172)
   defining Unicode char U+00AE (decimal 174)
   defining Unicode char U+00AF (decimal 175)
   defining Unicode char U+00B0 (decimal 176)
   defining Unicode char U+00B1 (decimal 177)
   defining Unicode char U+00B2 (decimal 178)
   defining Unicode char U+00B3 (decimal 179)
   defining Unicode char U+00B4 (decimal 180)
   defining Unicode char U+00B5 (decimal 181)
   defining Unicode char U+00B6 (decimal 182)
   defining Unicode char U+00B7 (decimal 183)
   defining Unicode char U+00B9 (decimal 185)
   defining Unicode char U+00BA (decimal 186)
   defining Unicode char U+00BC (decimal 188)
   defining Unicode char U+00BD (decimal 189)
   defining Unicode char U+00BE (decimal 190)
   defining Unicode char U+00D7 (decimal 215)
   defining Unicode char U+00F7 (decimal 247)
   defining Unicode char U+0192 (decimal 402)
   defining Unicode char U+02C7 (decimal 711)
   defining Unicode char U+02D8 (decimal 728)
   defining Unicode char U+02DD (decimal 733)
   defining Unicode char U+0E3F (decimal 3647)
   defining Unicode char U+2016 (decimal 8214)
   defining Unicode char U+2020 (decimal 8224)
   defining Unicode char U+2021 (decimal 8225)
   defining Unicode char U+2022 (decimal 8226)
   defining Unicode char U+2030 (decimal 8240)
   defining Unicode char U+2031 (decimal 8241)
   defining Unicode char U+203B (decimal 8251)
   defining Unicode char U+203D (decimal 8253)
   defining Unicode char U+2044 (decimal 8260)
   defining Unicode char U+204E (decimal 8270)
   defining Unicode char U+2052 (decimal 8274)
   defining Unicode char U+20A1 (decimal 8353)
   defining Unicode char U+20A4 (decimal 8356)
   defining Unicode char U+20A6 (decimal 8358)
   defining Unicode char U+20A9 (decimal 8361)
   defining Unicode char U+20AB (decimal 8363)
   defining Unicode char U+20AC (decimal 8364)
   defining Unicode char U+20B1 (decimal 8369)
   defining Unicode char U+2103 (decimal 8451)
   defining Unicode char U+2116 (decimal 8470)
   defining Unicode char U+2117 (decimal 8471)
   defining Unicode char U+211E (decimal 8478)
   defining Unicode char U+2120 (decimal 8480)
   defining Unicode char U+2122 (decimal 8482)
   defining Unicode char U+2126 (decimal 8486)
   defining Unicode char U+2127 (decimal 8487)
   defining Unicode char U+212E (decimal 8494)
   defining Unicode char U+2190 (decimal 8592)
   defining Unicode char U+2191 (decimal 8593)
   defining Unicode char U+2192 (decimal 8594)
   defining Unicode char U+2193 (decimal 8595)
   defining Unicode char U+2329 (decimal 9001)
   defining Unicode char U+232A (decimal 9002)
   defining Unicode char U+2422 (decimal 9250)
   defining Unicode char U+25E6 (decimal 9702)
   defining Unicode char U+25EF (decimal 9711)
   defining Unicode char U+266A (decimal 9834)
   defining Unicode char U+FEFF (decimal 65279)
))
LaTeX Info: Redefining \oldstylenums on input line 334.
Package textcomp Info: Setting cmr sub-encoding to TS1/0 on input line 349.
Package textcomp Info: Setting cmss sub-encoding to TS1/0 on input line 350.
Package textcomp Info: Setting cmtt sub-encoding to TS1/0 on input line 351.
Package textcomp Info: Setting cmvtt sub-encoding to TS1/0 on input line 352.
Package textcomp Info: Setting cmbr sub-encoding to TS1/0 on input line 353.
Package textcomp Info: Setting cmtl sub-encoding to TS1/0 on input line 354.
Package textcomp Info: Setting ccr sub-encoding to TS1/0 on input line 355.
Package textcomp Info: Setting ptm sub-encoding to TS1/4 on input line 356.
Package textcomp Info: Setting pcr sub-encoding to TS1/4 on input line 357.
Package textcomp Info: Setting phv sub-encoding to TS1/4 on input line 358.
Package textcomp Info: Setting ppl sub-encoding to TS1/3 on input line 359.
Package textcomp Info: Setting pag sub-encoding to TS1/4 on input line 360.
Package textcomp Info: Setting pbk sub-encoding to TS1/4 on input line 361.
Package textcomp Info: Setting pnc sub-encoding to TS1/4 on input line 362.
Package textcomp Info: Setting pzc sub-encoding to TS1/4 on input line 363.
Package textcomp Info: Setting bch sub-encoding to TS1/4 on input line 364.
Package textcomp Info: Setting put sub-encoding to TS1/5 on input line 365.
Package textcomp Info: Setting uag sub-encoding to TS1/5 on input line 366.
Package textcomp Info: Setting ugq sub-encoding to TS1/5 on input line 367.
Package textcomp Info: Setting ul8 sub-encoding to TS1/4 on input line 368.
Package textcomp Info: Setting ul9 sub-encoding to TS1/4 on input line 369.
Package textcomp Info: Setting augie sub-encoding to TS1/5 on input line 370.
Package textcomp Info: Setting dayrom sub-encoding to TS1/3 on input line 371.
Package textcomp Info: Setting dayroms sub-encoding to TS1/3 on input line 372.

Package textcomp Info: Setting pxr sub-encoding to TS1/0 on input line 373.
Package textcomp Info: Setting pxss sub-encoding to TS1/0 on input line 374.
Package textcomp Info: Setting pxtt sub-encoding to TS1/0 on input line 375.
Package textcomp Info: Setting txr sub-encoding to TS1/0 on input line 376.
Package textcomp Info: Setting txss sub-encoding to TS1/0 on input line 377.
Package textcomp Info: Setting txtt sub-encoding to TS1/0 on input line 378.
Package textcomp Info: Setting lmr sub-encoding to TS1/0 on input line 379.
Package textcomp Info: Setting lmdh sub-encoding to TS1/0 on input line 380.
Package textcomp Info: Setting lmss sub-encoding to TS1/0 on input line 381.
Package textcomp Info: Setting lmssq sub-encoding to TS1/0 on input line 382.
Package textcomp Info: Setting lmvtt sub-encoding to TS1/0 on input line 383.
Package textcomp Info: Setting lmtt sub-encoding to TS1/0 on input line 384.
Package textcomp Info: Setting qhv sub-encoding to TS1/0 on input line 385.
Package textcomp Info: Setting qag sub-encoding to TS1/0 on input line 386.
Package textcomp Info: Setting qbk sub-encoding to TS1/0 on input line 387.
Package textcomp Info: Setting qcr sub-encoding to TS1/0 on input line 388.
Package textcomp Info: Setting qcs sub-encoding to TS1/0 on input line 389.
Package textcomp Info: Setting qpl sub-encoding to TS1/0 on input line 390.
Package textcomp Info: Setting qtm sub-encoding to TS1/0 on input line 391.
Package textcomp Info: Setting qzc sub-encoding to TS1/0 on input line 392.
Package textcomp Info: Setting qhvc sub-encoding to TS1/0 on input line 393.
Package textcomp Info: Setting futs sub-encoding to TS1/4 on input line 394.
Package textcomp Info: Setting futx sub-encoding to TS1/4 on input line 395.
Package textcomp Info: Setting futj sub-encoding to TS1/4 on input line 396.
Package textcomp Info: Setting hlh sub-encoding to TS1/3 on input line 397.
Package textcomp Info: Setting hls sub-encoding to TS1/3 on input line 398.
Package textcomp Info: Setting hlst sub-encoding to TS1/3 on input line 399.
Package textcomp Info: Setting hlct sub-encoding to TS1/5 on input line 400.
Package textcomp Info: Setting hlx sub-encoding to TS1/5 on input line 401.
Package textcomp Info: Setting hlce sub-encoding to TS1/5 on input line 402.
Package textcomp Info: Setting hlcn sub-encoding to TS1/5 on input line 403.
Package textcomp Info: Setting hlcw sub-encoding to TS1/5 on input line 404.
Package textcomp Info: Setting hlcf sub-encoding to TS1/5 on input line 405.
Package textcomp Info: Setting pplx sub-encoding to TS1/3 on input line 406.
Package textcomp Info: Setting pplj sub-encoding to TS1/3 on input line 407.
Package textcomp Info: Setting ptmx sub-encoding to TS1/4 on input line 408.
Package textcomp Info: Setting ptmj sub-encoding to TS1/4 on input line 409.
)
("C:\Program Files\MiKTeX 2.9\tex\latex\tools\longtable.sty"
Package: longtable 2014/10/28 v4.11 Multi-page Table package (DPC)
\LTleft=\skip72
\LTright=\skip73
\LTpre=\skip74
\LTpost=\skip75
\LTchunksize=\count344
\LTcapwidth=\dimen362
\LT@head=\box127
\LT@firsthead=\box128
\LT@foot=\box129
\LT@lastfoot=\box130
\LT@cols=\count345
\LT@rows=\count346
\c@LT@tables=\count347
\c@LT@chunks=\count348
\LT@p@ftn=\toks58
)
("14_Graphical Screen Design.aux")
\openout1 = `"14_Graphical Screen Design.aux"'.

LaTeX Font Info:    Checking defaults for OML/cmm/m/it on input line 116.
LaTeX Font Info:    ... okay on input line 116.
LaTeX Font Info:    Checking defaults for T1/cmr/m/n on input line 116.
LaTeX Font Info:    ... okay on input line 116.
LaTeX Font Info:    Checking defaults for OT1/cmr/m/n on input line 116.
LaTeX Font Info:    ... okay on input line 116.
LaTeX Font Info:    Checking defaults for OMS/cmsy/m/n on input line 116.
LaTeX Font Info:    ... okay on input line 116.
LaTeX Font Info:    Checking defaults for OMX/cmex/m/n on input line 116.
LaTeX Font Info:    ... okay on input line 116.
LaTeX Font Info:    Checking defaults for U/cmr/m/n on input line 116.
LaTeX Font Info:    ... okay on input line 116.
LaTeX Font Info:    Checking defaults for PD1/pdf/m/n on input line 116.
LaTeX Font Info:    ... okay on input line 116.
LaTeX Font Info:    Checking defaults for TS1/cmr/m/n on input line 116.
LaTeX Font Info:    Try loading font information for TS1+cmr on input line 116.


("C:\Program Files\MiKTeX 2.9\tex\latex\base\ts1cmr.fd"
File: ts1cmr.fd 2014/09/29 v2.5h Standard LaTeX font definitions
)
LaTeX Font Info:    ... okay on input line 116.
LaTeX Font Info:    Try loading font information for T1+phv on input line 116.

("C:\Program Files\MiKTeX 2.9\tex\latex\psnfss\t1phv.fd"
File: t1phv.fd 2001/06/04 scalable font definitions for T1/phv.
)
LaTeX Font Info:    Font shape `T1/phv/m/n' will be
(Font)              scaled to size 10.95pt on input line 116.

*geometry* driver: auto-detecting
*geometry* detected driver: pdftex
*geometry* verbose mode - [ preamble ] result:
* driver: pdftex
* paper: custom
* layout: <same size as paper>
* layoutoffset:(h,v)=(0.0pt,0.0pt)
* modes: includehead includefoot 
* h-part:(L,W,R)=(28.45274pt, 307.28987pt, 28.45274pt)
* v-part:(T,H,B)=(0.0pt, 273.14662pt, 0.0pt)
* \paperwidth=364.19536pt
* \paperheight=273.14662pt
* \textwidth=307.28987pt
* \textheight=244.6939pt
* \oddsidemargin=-43.81725pt
* \evensidemargin=-43.81725pt
* \topmargin=-72.26999pt
* \headheight=14.22636pt
* \headsep=0.0pt
* \topskip=11.0pt
* \footskip=14.22636pt
* \marginparwidth=4.0pt
* \marginparsep=10.0pt
* \columnsep=10.0pt
* \skip\footins=10.0pt plus 4.0pt minus 2.0pt
* \hoffset=0.0pt
* \voffset=0.0pt
* \mag=1000
* \@twocolumnfalse
* \@twosidefalse
* \@mparswitchfalse
* \@reversemarginfalse
* (1in=72.27pt=25.4mm, 1cm=28.453pt)

("C:\Program Files\MiKTeX 2.9\tex\context\base\supp-pdf.mkii"
[Loading MPS to PDF converter (version 2006.09.02).]
\scratchcounter=\count349
\scratchdimen=\dimen363
\scratchbox=\box131
\nofMPsegments=\count350
\nofMParguments=\count351
\everyMPshowfont=\toks59
\MPscratchCnt=\count352
\MPscratchDim=\dimen364
\MPnumerator=\count353
\makeMPintoPDFobject=\count354
\everyMPtoPDFconversion=\toks60
) ("C:\Program Files\MiKTeX 2.9\tex\latex\oberdiek\epstopdf-base.sty"
Package: epstopdf-base 2016/05/15 v2.6 Base part for package epstopdf

("C:\Program Files\MiKTeX 2.9\tex\latex\oberdiek\grfext.sty"
Package: grfext 2016/05/16 v1.2 Manage graphics extensions (HO)
)
Package epstopdf-base Info: Redefining graphics rule for `.eps' on input line 4
38.
Package grfext Info: Graphics extension search list:
(grfext)             [.pdf,.png,.jpg,.mps,.jpeg,.jbig2,.jb2,.PDF,.PNG,.JPG,.JPE
G,.JBIG2,.JB2,.eps]
(grfext)             \AppendGraphicsExtensions on input line 456.
)
ABD: EveryShipout initializing macros
\AtBeginShipoutBox=\box132
Package hyperref Info: Link coloring OFF on input line 116.

("C:\Program Files\MiKTeX 2.9\tex\latex\hyperref\nameref.sty"
Package: nameref 2016/05/21 v2.44 Cross-referencing by name of section

("C:\Program Files\MiKTeX 2.9\tex\generic\oberdiek\gettitlestring.sty"
Package: gettitlestring 2016/05/16 v1.5 Cleanup title references (HO)
)
\c@section@level=\count355
)
LaTeX Info: Redefining \ref on input line 116.
LaTeX Info: Redefining \pageref on input line 116.
LaTeX Info: Redefining \nameref on input line 116.

("14_Graphical Screen Design.out") ("14_Graphical Screen Design.out")
\@outlinefile=\write5
\openout5 = `"14_Graphical Screen Design.out"'.

LaTeX Font Info:    Overwriting symbol font `operators' in version `normal'
(Font)                  OT1/cmr/m/n --> OT1/cmss/m/n on input line 116.
LaTeX Font Info:    Overwriting symbol font `operators' in version `bold'
(Font)                  OT1/cmr/bx/n --> OT1/cmss/bx/n on input line 116.
\symnumbers=\mathgroup6
\sympureletters=\mathgroup7
LaTeX Font Info:    Overwriting math alphabet `\mathrm' in version `normal'
(Font)                  OT1/cmss/m/n --> T1/ptm/m/n on input line 116.
LaTeX Font Info:    Redeclaring math alphabet \mathbf on input line 116.
LaTeX Font Info:    Overwriting math alphabet `\mathbf' in version `normal'
(Font)                  OT1/cmr/bx/n --> T1/phv/bx/n on input line 116.
LaTeX Font Info:    Overwriting math alphabet `\mathbf' in version `bold'
(Font)                  OT1/cmr/bx/n --> T1/phv/bx/n on input line 116.
LaTeX Font Info:    Redeclaring math alphabet \mathsf on input line 116.
LaTeX Font Info:    Overwriting math alphabet `\mathsf' in version `normal'
(Font)                  OT1/cmss/m/n --> T1/phv/m/n on input line 116.
LaTeX Font Info:    Overwriting math alphabet `\mathsf' in version `bold'
(Font)                  OT1/cmss/bx/n --> T1/phv/m/n on input line 116.
LaTeX Font Info:    Redeclaring math alphabet \mathit on input line 116.
LaTeX Font Info:    Overwriting math alphabet `\mathit' in version `normal'
(Font)                  OT1/cmr/m/it --> T1/phv/m/it on input line 116.
LaTeX Font Info:    Overwriting math alphabet `\mathit' in version `bold'
(Font)                  OT1/cmr/bx/it --> T1/phv/m/it on input line 116.
LaTeX Font Info:    Redeclaring math alphabet \mathtt on input line 116.
LaTeX Font Info:    Overwriting math alphabet `\mathtt' in version `normal'
(Font)                  OT1/cmtt/m/n --> T1/pcr/m/n on input line 116.
LaTeX Font Info:    Overwriting math alphabet `\mathtt' in version `bold'
(Font)                  OT1/cmtt/m/n --> T1/pcr/m/n on input line 116.
LaTeX Font Info:    Overwriting symbol font `numbers' in version `bold'
(Font)                  T1/phv/m/n --> T1/phv/bx/n on input line 116.
LaTeX Font Info:    Overwriting symbol font `pureletters' in version `bold'
(Font)                  T1/phv/m/it --> T1/phv/bx/it on input line 116.
LaTeX Font Info:    Overwriting math alphabet `\mathrm' in version `bold'
(Font)                  OT1/cmss/bx/n --> T1/ptm/bx/n on input line 116.
LaTeX Font Info:    Overwriting math alphabet `\mathbf' in version `bold'
(Font)                  T1/phv/bx/n --> T1/phv/bx/n on input line 116.
LaTeX Font Info:    Overwriting math alphabet `\mathsf' in version `bold'
(Font)                  T1/phv/m/n --> T1/phv/bx/n on input line 116.
LaTeX Font Info:    Overwriting math alphabet `\mathit' in version `bold'
(Font)                  T1/phv/m/it --> T1/phv/bx/it on input line 116.
LaTeX Font Info:    Overwriting math alphabet `\mathtt' in version `bold'
(Font)                  T1/pcr/m/n --> T1/pcr/bx/n on input line 116.

("C:\Program Files\MiKTeX 2.9\tex\latex\translator\translator-basic-dictionary-
English.dict"
Dictionary: translator-basic-dictionary, Language: English 
)
("C:\Program Files\MiKTeX 2.9\tex\latex\translator\translator-bibliography-dict
ionary-English.dict"
Dictionary: translator-bibliography-dictionary, Language: English 
)
("C:\Program Files\MiKTeX 2.9\tex\latex\translator\translator-environment-dicti
onary-English.dict"
Dictionary: translator-environment-dictionary, Language: English 
)
("C:\Program Files\MiKTeX 2.9\tex\latex\translator\translator-months-dictionary
-English.dict"
Dictionary: translator-months-dictionary, Language: English 
)
("C:\Program Files\MiKTeX 2.9\tex\latex\translator\translator-numbers-dictionar
y-English.dict"
Dictionary: translator-numbers-dictionary, Language: English 
)
("C:\Program Files\MiKTeX 2.9\tex\latex\translator\translator-theorem-dictionar
y-English.dict"
Dictionary: translator-theorem-dictionary, Language: English 
) ("14_Graphical Screen Design.nav")
LaTeX Font Info:    Font shape `T1/phv/m/n' will be
(Font)              scaled to size 6.0pt on input line 116.
LaTeX Font Info:    Font shape `T1/phv/m/n' will be
(Font)              scaled to size 20.74pt on input line 152.
LaTeX Font Info:    Font shape `T1/phv/bx/n' in size <20.74> not available
(Font)              Font shape `T1/phv/b/n' tried instead on input line 152.
LaTeX Font Info:    Font shape `T1/phv/b/n' will be
(Font)              scaled to size 20.74pt on input line 152.
LaTeX Font Info:    Font shape `T1/phv/m/n' will be
(Font)              scaled to size 12.0pt on input line 152.
LaTeX Font Info:    Font shape `T1/phv/m/n' will be
(Font)              scaled to size 7.0pt on input line 152.
LaTeX Font Info:    Font shape `T1/phv/bx/n' in size <7> not available
(Font)              Font shape `T1/phv/b/n' tried instead on input line 152.
LaTeX Font Info:    Font shape `T1/phv/b/n' will be
(Font)              scaled to size 7.0pt on input line 152.
LaTeX Font Info:    Font shape `T1/phv/m/it' in size <7> not available
(Font)              Font shape `T1/phv/m/sl' tried instead on input line 152.
LaTeX Font Info:    Font shape `T1/phv/m/sl' will be
(Font)              scaled to size 7.0pt on input line 152.
LaTeX Font Info:    Font shape `T1/phv/m/n' will be
(Font)              scaled to size 5.0pt on input line 152.
LaTeX Font Info:    Font shape `T1/phv/m/n' will be
(Font)              scaled to size 4.0pt on input line 152.
 [1

{C:/Users/Mihai Lica Pura/AppData/Local/MiKTeX/2.9/pdftex/config/pdftex.map}]
LaTeX Font Info:    Font shape `T1/phv/bx/n' in size <10.95> not available
(Font)              Font shape `T1/phv/b/n' tried instead on input line 183.
LaTeX Font Info:    Font shape `T1/phv/b/n' will be
(Font)              scaled to size 10.95pt on input line 183.
LaTeX Font Info:    Font shape `T1/phv/bx/n' in size <17.28> not available
(Font)              Font shape `T1/phv/b/n' tried instead on input line 183.
LaTeX Font Info:    Font shape `T1/phv/b/n' will be
(Font)              scaled to size 17.28pt on input line 183.

Overfull \hbox (17.89981pt too wide) in alignment at lines 183--183
 [] [] 
 []

[2

]
LaTeX Font Info:    Font shape `T1/phv/m/n' will be
(Font)              scaled to size 14.4pt on input line 220.
LaTeX Font Info:    Font shape `T1/phv/bx/n' in size <14.4> not available
(Font)              Font shape `T1/phv/b/n' tried instead on input line 220.
LaTeX Font Info:    Font shape `T1/phv/b/n' will be
(Font)              scaled to size 14.4pt on input line 220.
LaTeX Font Info:    Font shape `T1/phv/m/n' will be
(Font)              scaled to size 9.0pt on input line 220.
 [3

]
<./img/1.png, id=113, 636.87938pt x 545.78906pt>
File: ./img/1.png Graphic file (type png)
<use ./img/1.png>
Package pdftex.def Info: ./img/1.png  used on input line 235.
(pdftex.def)             Requested size: 318.4389pt x 272.89386pt.
 [4

 <./img/1.png>]
<./img/2.png, id=141, 636.87938pt x 545.78906pt>
File: ./img/2.png Graphic file (type png)
<use ./img/2.png>
Package pdftex.def Info: ./img/2.png  used on input line 250.
(pdftex.def)             Requested size: 318.4389pt x 272.89386pt.
 [5

 <./img/2.png>]
<./img/3.png, id=168, 636.87938pt x 545.78906pt>
File: ./img/3.png Graphic file (type png)
<use ./img/3.png>
Package pdftex.def Info: ./img/3.png  used on input line 265.
(pdftex.def)             Requested size: 318.4389pt x 272.89386pt.
 [6

 <./img/3.png>]
<./img/4.png, id=195, 636.87938pt x 545.78906pt>
File: ./img/4.png Graphic file (type png)
<use ./img/4.png>
Package pdftex.def Info: ./img/4.png  used on input line 280.
(pdftex.def)             Requested size: 318.4389pt x 272.89386pt.
 [7

 <./img/4.png>]
<./img/5.png, id=223, 636.87938pt x 545.78906pt>
File: ./img/5.png Graphic file (type png)
<use ./img/5.png>
Package pdftex.def Info: ./img/5.png  used on input line 295.
(pdftex.def)             Requested size: 318.4389pt x 272.89386pt.
[8

 <./img/5.png>]
<./img/8_picture1.png, id=250, 635.37375pt x 544.28343pt>
File: ./img/8_picture1.png Graphic file (type png)
<use ./img/8_picture1.png>
Package pdftex.def Info: ./img/8_picture1.png  used on input line 312.
(pdftex.def)             Requested size: 317.6861pt x 272.14105pt.
 [9

 <./img/8_picture1.png>]
<./img/9_picture2.png, id=277, 635.37375pt x 544.28343pt>
File: ./img/9_picture2.png Graphic file (type png)
<use ./img/9_picture2.png>
Package pdftex.def Info: ./img/9_picture2.png  used on input line 329.
(pdftex.def)             Requested size: 317.6861pt x 272.14105pt.
 [10

 <./img/9_picture2.png>]
Overfull \vbox (180.53976pt too high) detected at line 425
 []

[11

]
LaTeX Font Info:    Try loading font information for U+ding on input line 527.
 ("C:\Program Files\MiKTeX 2.9\tex\latex\bbding\uding.fd"
File: Uding.fd 1996/02/01 v1.0 BBding font definitions
)
LaTeX Font Info:    Font shape `T1/phv/m/it' in size <10.95> not available
(Font)              Font shape `T1/phv/m/sl' tried instead on input line 527.
LaTeX Font Info:    Font shape `T1/phv/m/sl' will be
(Font)              scaled to size 10.95pt on input line 527.
LaTeX Font Info:    Font shape `T1/phv/bx/it' in size <10.95> not available
(Font)              Font shape `T1/phv/b/it' tried instead on input line 527.
LaTeX Font Info:    Font shape `T1/phv/b/it' in size <10.95> not available
(Font)              Font shape `T1/phv/b/sl' tried instead on input line 527.
LaTeX Font Info:    Font shape `T1/phv/b/sl' will be
(Font)              scaled to size 10.95pt on input line 527.
<./img/11_picture.png, id=329, 42.3984pt x 64.0794pt>
File: ./img/11_picture.png Graphic file (type png)
<use ./img/11_picture.png>
Package pdftex.def Info: ./img/11_picture.png  used on input line 527.
(pdftex.def)             Requested size: 19.07909pt x 28.83545pt.
 [12

 <./img/11_picture.png>]
<./img/12_picture1.png, id=359, 297.36093pt x 273.27094pt>
File: ./img/12_picture1.png Graphic file (type png)
<use ./img/12_picture1.png>
Package pdftex.def Info: ./img/12_picture1.png  used on input line 572.
(pdftex.def)             Requested size: 148.6801pt x 136.63512pt.
<./img/12_picture2.png, id=360, 255.95625pt x 274.77657pt>
File: ./img/12_picture2.png Graphic file (type png)
<use ./img/12_picture2.png>
Package pdftex.def Info: ./img/12_picture2.png  used on input line 572.
(pdftex.def)             Requested size: 127.9778pt x 137.38794pt.
LaTeX Font Info:    Try loading font information for U+msa on input line 572.
 ("C:\Program Files\MiKTeX 2.9\tex\latex\amsfonts\umsa.fd"
File: umsa.fd 2013/01/14 v3.01 AMS symbols A
)
LaTeX Font Info:    Try loading font information for U+msb on input line 572.

("C:\Program Files\MiKTeX 2.9\tex\latex\amsfonts\umsb.fd"
File: umsb.fd 2013/01/14 v3.01 AMS symbols B
)
LaTeX Font Info:    Font shape `T1/phv/m/n' will be
(Font)              scaled to size 8.0pt on input line 572.
LaTeX Font Info:    Font shape `T1/phv/m/it' in size <8> not available
(Font)              Font shape `T1/phv/m/sl' tried instead on input line 572.
LaTeX Font Info:    Font shape `T1/phv/m/sl' will be
(Font)              scaled to size 8.0pt on input line 572.
LaTeX Font Info:    Font shape `T1/phv/m/it' in size <6> not available
(Font)              Font shape `T1/phv/m/sl' tried instead on input line 572.
LaTeX Font Info:    Font shape `T1/phv/m/sl' will be
(Font)              scaled to size 6.0pt on input line 572.
 [13

 <./img/12_picture1.png> <./img/12_picture2.png>]
<./img/13_picture.png, id=390, 536.2434pt x 144.54pt>
File: ./img/13_picture.png Graphic file (type png)
<use ./img/13_picture.png>
Package pdftex.def Info: ./img/13_picture.png  used on input line 613.
(pdftex.def)             Requested size: 294.93477pt x 79.49722pt.
 [14

 <./img/13_picture.png>]
<./img/14_picture.png, id=417, 612.8496pt x 245.718pt>
File: ./img/14_picture.png Graphic file (type png)
<use ./img/14_picture.png>
Package pdftex.def Info: ./img/14_picture.png  used on input line 640.
(pdftex.def)             Requested size: 306.42404pt x 122.85869pt.
 [15

 <./img/14_picture.png>]
<./img/23_picture1.png, id=444, 141.52875pt x 146.04562pt>
File: ./img/23_picture1.png Graphic file (type png)
<use ./img/23_picture1.png>
Package pdftex.def Info: ./img/23_picture1.png  used on input line 666.
(pdftex.def)             Requested size: 94.82376pt x 97.85004pt.
<./img/23_picture2.png, id=445, 202.50656pt x 202.50656pt>
File: ./img/23_picture2.png Graphic file (type png)
<use ./img/23_picture2.png>
Package pdftex.def Info: ./img/23_picture2.png  used on input line 666.
(pdftex.def)             Requested size: 95.17809pt x 95.17809pt.
 [16

 <./img/23_picture1.png> <./img/23_picture2.png>]
<./img/26_picture1.png, id=471, 140.02313pt x 176.15813pt>
File: ./img/26_picture1.png Graphic file (type png)
<use ./img/26_picture1.png>
Package pdftex.def Info: ./img/26_picture1.png  used on input line 702.
(pdftex.def)             Requested size: 93.815pt x 118.02531pt.
<./img/26_picture2.png, id=472, 145.29282pt x 176.15813pt>
File: ./img/26_picture2.png Graphic file (type png)
<use ./img/26_picture2.png>
Package pdftex.def Info: ./img/26_picture2.png  used on input line 702.
(pdftex.def)             Requested size: 97.34567pt x 118.02531pt.
 [17

 <./img/26_picture1.png> <./img/26_picture2.png>]
LaTeX Font Info:    Font shape `T1/phv/m/n' will be
(Font)              scaled to size 10.0pt on input line 756.
LaTeX Font Info:    Font shape `T1/phv/m/it' in size <14.4> not available
(Font)              Font shape `T1/phv/m/sl' tried instead on input line 756.
LaTeX Font Info:    Font shape `T1/phv/m/sl' will be
(Font)              scaled to size 14.4pt on input line 756.
LaTeX Font Info:    Font shape `T1/phv/m/it' in size <10> not available
(Font)              Font shape `T1/phv/m/sl' tried instead on input line 756.
LaTeX Font Info:    Font shape `T1/phv/m/sl' will be
(Font)              scaled to size 10.0pt on input line 756.
LaTeX Font Info:    Font shape `T1/phv/m/n' will be
(Font)              scaled to size 17.28pt on input line 756.
LaTeX Font Info:    Try loading font information for T1+ptm on input line 756.

("C:\Program Files\MiKTeX 2.9\tex\latex\psnfss\t1ptm.fd"
File: t1ptm.fd 2001/06/04 font definitions for T1/ptm.
)
LaTeX Font Info:    Try loading font information for OT1+rtnd on input line 756
.

("C:\Program Files\MiKTeX 2.9\tex\latex\rotunda\ot1rtnd.fd")
LaTeX Font Info:    Try loading font information for OT1+pcr on input line 756.


("C:\Program Files\MiKTeX 2.9\tex\latex\psnfss\ot1pcr.fd"
File: ot1pcr.fd 2001/06/04 font definitions for OT1/pcr.
) [18

]
LaTeX Font Info:    Font shape `T1/phv/bx/n' in size <12> not available
(Font)              Font shape `T1/phv/b/n' tried instead on input line 832.
LaTeX Font Info:    Font shape `T1/phv/b/n' will be
(Font)              scaled to size 12.0pt on input line 832.
LaTeX Font Info:    Font shape `T1/phv/bx/n' in size <10> not available
(Font)              Font shape `T1/phv/b/n' tried instead on input line 832.
LaTeX Font Info:    Font shape `T1/phv/b/n' will be
(Font)              scaled to size 10.0pt on input line 832.

Underfull \hbox (badness 10000) in paragraph at lines 832--832

 []

LaTeX Font Info:    Font shape `T1/phv/m/it' in size <12> not available
(Font)              Font shape `T1/phv/m/sl' tried instead on input line 832.
LaTeX Font Info:    Font shape `T1/phv/m/sl' will be
(Font)              scaled to size 12.0pt on input line 832.

Underfull \hbox (badness 10000) in paragraph at lines 832--832

 []

[19

]
Underfull \hbox (badness 10000) in paragraph at lines 888--888

 []


Overfull \hbox (16.71013pt too wide) in paragraph at lines 888--888
[][]  
 []

[20

]
<./img/15_picture.png, id=578, 716.24731pt x 241.33018pt>
File: ./img/15_picture.png Graphic file (type png)
<use ./img/15_picture.png>
Package pdftex.def Info: ./img/15_picture.png  used on input line 903.
(pdftex.def)             Requested size: 322.3083pt x 108.59756pt.

Overfull \hbox (15.01843pt too wide) in paragraph at lines 903--903
 [] 
 []

[21

 <./img/15_picture.png>] [22

]
<./img/16_picture.png, id=630, 516.0078pt x 479.8728pt>
File: ./img/16_picture.png Graphic file (type png)
<use ./img/16_picture.png>
Package pdftex.def Info: ./img/16_picture.png  used on input line 958.
(pdftex.def)             Requested size: 206.39946pt x 191.94571pt.

Overfull \vbox (5.65622pt too high) detected at line 958
 []

[23

 <./img/16_picture.png>]
<./img/28_picture1.png, id=657, 267.24844pt x 306.39468pt>
File: ./img/28_picture1.png Graphic file (type png)
<use ./img/28_picture1.png>
Package pdftex.def Info: ./img/28_picture1.png  used on input line 985.
(pdftex.def)             Requested size: 133.62389pt x 153.19696pt.
<./img/28_picture2.png, id=658, 279.29344pt x 338.01282pt>
File: ./img/28_picture2.png Graphic file (type png)
<use ./img/28_picture2.png>
Package pdftex.def Info: ./img/28_picture2.png  used on input line 985.
(pdftex.def)             Requested size: 125.68088pt x 152.10435pt.
 [24

 <./img/28_picture1.png> <./img/28_picture2.png>]
Package epstopdf Info: Source file: <./img/33_Time_Chaos_wg.eps>
(epstopdf)                    date: 2018-04-19 08:15:58
(epstopdf)                    size: 260808 bytes
(epstopdf)             Output file: <./img/33_Time_Chaos_wg-eps-converted-to.pd
f>
(epstopdf)                    date: 2018-04-23 20:27:28
(epstopdf)                    size: 5562 bytes
(epstopdf)             Command: <epstopdf --outfile=./img/33_Time_Chaos_wg-eps-
converted-to.pdf ./img/33_Time_Chaos_wg.eps>
(epstopdf)             \includegraphics on input line 1002.
Package epstopdf Info: Output file is already uptodate.
<./img/33_Time_Chaos_wg-eps-converted-to.pdf, id=685, 80.3pt x 30.1125pt>
File: ./img/33_Time_Chaos_wg-eps-converted-to.pdf Graphic file (type pdf)
<use ./img/33_Time_Chaos_wg-eps-converted-to.pdf>
Package pdftex.def Info: ./img/33_Time_Chaos_wg-eps-converted-to.pdf  used on i
nput line 1002.
(pdftex.def)             Requested size: 313.05228pt x 113.82211pt.

Overfull \hbox (5.76097pt too wide) in paragraph at lines 1002--1002
 [][] 
 []

[25

 <./img/33_Time_Chaos_wg-eps-converted-to.pdf>]
Package epstopdf Info: Source file: <./img/34_RpW95.eps>
(epstopdf)                    date: 2018-04-19 08:15:58
(epstopdf)                    size: 258235 bytes
(epstopdf)             Output file: <./img/34_RpW95-eps-converted-to.pdf>
(epstopdf)                    date: 2018-04-23 20:27:30
(epstopdf)                    size: 5040 bytes
(epstopdf)             Command: <epstopdf --outfile=./img/34_RpW95-eps-converte
d-to.pdf ./img/34_RpW95.eps>
(epstopdf)             \includegraphics on input line 1021.
Package epstopdf Info: Output file is already uptodate.
<./img/34_RpW95-eps-converted-to.pdf, id=716, 85.31876pt x 28.105pt>
File: ./img/34_RpW95-eps-converted-to.pdf Graphic file (type pdf)
<use ./img/34_RpW95-eps-converted-to.pdf>
Package pdftex.def Info: ./img/34_RpW95-eps-converted-to.pdf  used on input lin
e 1021.
(pdftex.def)             Requested size: 284.54697pt x 99.59628pt.
 [26

 <./img/34_RpW95-eps-converted-to.pdf>]
Package epstopdf Info: Source file: <./img/35_MsWord.eps>
(epstopdf)                    date: 2018-04-19 08:15:58
(epstopdf)                    size: 186658 bytes
(epstopdf)             Output file: <./img/35_MsWord-eps-converted-to.pdf>
(epstopdf)                    date: 2018-04-23 20:27:31
(epstopdf)                    size: 5435 bytes
(epstopdf)             Command: <epstopdf --outfile=./img/35_MsWord-eps-convert
ed-to.pdf ./img/35_MsWord.eps>
(epstopdf)             \includegraphics on input line 1036.
Package epstopdf Info: Output file is already uptodate.
<./img/35_MsWord-eps-converted-to.pdf, id=745, 22.0825pt x 78.2925pt>
File: ./img/35_MsWord-eps-converted-to.pdf Graphic file (type pdf)
<use ./img/35_MsWord-eps-converted-to.pdf>
Package pdftex.def Info: ./img/35_MsWord-eps-converted-to.pdf  used on input li
ne 1036.
(pdftex.def)             Requested size: 62.59674pt x 213.42464pt.
 [27

 <./img/35_MsWord-eps-converted-to.pdf>]
<./img/36_picture1.png, id=774, 97.11281pt x 216.81pt>
File: ./img/36_picture1.png Graphic file (type png)
<use ./img/36_picture1.png>
Package pdftex.def Info: ./img/36_picture1.png  used on input line 1075.
(pdftex.def)             Requested size: 48.55627pt x 108.40472pt.
<./img/36_picture2.png, id=775, 451.6875pt x 124.21407pt>
File: ./img/36_picture2.png Graphic file (type png)
<use ./img/36_picture2.png>
Package pdftex.def Info: ./img/36_picture2.png  used on input line 1075.
(pdftex.def)             Requested size: 225.84319pt x 62.10687pt.
 [28

 <./img/36_picture1.png> <./img/36_picture2.png>]
<./img/39_picture.png, id=802, 359.3425pt x 239.89626pt>
File: ./img/39_picture.png Graphic file (type png)
<use ./img/39_picture.png>
Package pdftex.def Info: ./img/39_picture.png  used on input line 1103.
(pdftex.def)             Requested size: 215.60715pt x 143.93886pt.
LaTeX Font Info:    Try loading font information for TS1+phv on input line 1103
.

("C:\Program Files\MiKTeX 2.9\tex\latex\psnfss\ts1phv.fd"
File: ts1phv.fd 2001/06/04 scalable font definitions for TS1/phv.
)
LaTeX Font Info:    Font shape `TS1/phv/m/n' will be
(Font)              scaled to size 10.95pt on input line 1103.
 [29

 <./img/39_picture.png>]
<./img/40_picture.png, id=829, 756.57657pt x 353.06906pt>
File: ./img/40_picture.png Graphic file (type png)
<use ./img/40_picture.png>
Package pdftex.def Info: ./img/40_picture.png  used on input line 1128.
(pdftex.def)             Requested size: 340.45631pt x 158.87961pt.
 [30

 <./img/40_picture.png>]
Overfull \vbox (19.89273pt too high) detected at line 1164
 []

[31

]
<./img/43_picture.png, id=881, 286.1892pt x 343.0416pt>
File: ./img/43_picture.png Graphic file (type png)
<use ./img/43_picture.png>
Package pdftex.def Info: ./img/43_picture.png  used on input line 1188.
(pdftex.def)             Requested size: 143.09424pt x 171.52037pt.
 [32

 <./img/43_picture.png>]
Overfull \vbox (16.41774pt too high) detected at line 1237
 []

[33

]
<./img/49_picture.png, id=933, 565.6332pt x 404.712pt>
File: ./img/49_picture.png Graphic file (type png)
<use ./img/49_picture.png>
Package pdftex.def Info: ./img/49_picture.png  used on input line 1515.
(pdftex.def)             Requested size: 299.78416pt x 214.49634pt.
LaTeX Font Info:    Font shape `T1/phv/bx/it' in size <9> not available
(Font)              Font shape `T1/phv/b/it' tried instead on input line 1515.
LaTeX Font Info:    Font shape `T1/phv/b/it' in size <9> not available
(Font)              Font shape `T1/phv/b/sl' tried instead on input line 1515.
LaTeX Font Info:    Font shape `T1/phv/b/sl' will be
(Font)              scaled to size 9.0pt on input line 1515.
LaTeX Font Info:    Font shape `T1/phv/bx/n' in size <6> not available
(Font)              Font shape `T1/phv/b/n' tried instead on input line 1515.
LaTeX Font Info:    Font shape `T1/phv/b/n' will be
(Font)              scaled to size 6.0pt on input line 1515.
LaTeX Font Info:    Font shape `TS1/phv/bx/n' in size <6> not available
(Font)              Font shape `TS1/phv/b/n' tried instead on input line 1515.
LaTeX Font Info:    Font shape `TS1/phv/b/n' will be
(Font)              scaled to size 6.0pt on input line 1515.
LaTeX Font Info:    Font shape `T1/phv/bx/it' in size <8.5> not available
(Font)              Font shape `T1/phv/b/it' tried instead on input line 1515.
LaTeX Font Info:    Font shape `T1/phv/b/it' in size <8.5> not available
(Font)              Font shape `T1/phv/b/sl' tried instead on input line 1515.
LaTeX Font Info:    Font shape `T1/phv/b/sl' will be
(Font)              scaled to size 8.5pt on input line 1515.

Overfull \hbox (6.68483pt too wide) in paragraph at lines 1515--1515
[][]\T1/phv/b/n/6 Representation 
 []


Overfull \vbox (73.80988pt too high) detected at line 1515
 []

[34

 <./img/49_picture.png>]
LaTeX Font Info:    Try loading font information for T1+pcr on input line 1534.


("C:\Program Files\MiKTeX 2.9\tex\latex\psnfss\t1pcr.fd"
File: t1pcr.fd 2001/06/04 font definitions for T1/pcr.
) [35

]
Overfull \hbox (480.65927pt too wide) in paragraph at lines 1555--1555
\T1/pcr/m/n/10.95 bad-[]design-[]vs-[]good-[]design-[]5-[]examples-[]we-[]can-[
]learn-[]frombad-[]design-[]vs-[]good-[]design-[]5-[]examples-[]we-[]can-[]lear
n-[]from-[]130706$[]  
 []

[36

]
\tf@nav=\write6
\openout6 = `"14_Graphical Screen Design.nav"'.

\tf@toc=\write7
\openout7 = `"14_Graphical Screen Design.toc"'.

\tf@snm=\write8
\openout8 = `"14_Graphical Screen Design.snm"'.

Package atveryend Info: Empty hook `BeforeClearDocument' on input line 1559.
Package atveryend Info: Empty hook `AfterLastShipout' on input line 1559.
 ("14_Graphical Screen Design.aux")
Package atveryend Info: Executing hook `AtVeryEndDocument' on input line 1559.
Package atveryend Info: Executing hook `AtEndAfterFileList' on input line 1559.

Package rerunfilecheck Info: File `"14_Graphical Screen Design".out' has not ch
anged.
(rerunfilecheck)             Checksum: D41D8CD98F00B204E9800998ECF8427E;0.
 )
(\end occurred inside a group at level 17)

### simple group (level 17) entered at line 1538 ({)
### simple group (level 16) entered at line 1519 ({)
### simple group (level 15) entered at line 946 ({)
### simple group (level 14) entered at line 907 ({)
### simple group (level 13) entered at line 894 ({)
### simple group (level 12) entered at line 619 ({)
### simple group (level 11) entered at line 578 ({)
### simple group (level 10) entered at line 534 ({)
### simple group (level 9) entered at line 431 ({)
### simple group (level 8) entered at line 335 ({)
### simple group (level 7) entered at line 318 ({)
### simple group (level 6) entered at line 301 ({)
### simple group (level 5) entered at line 284 ({)
### simple group (level 4) entered at line 269 ({)
### simple group (level 3) entered at line 254 ({)
### simple group (level 2) entered at line 239 ({)
### simple group (level 1) entered at line 224 ({)
### bottom level 
Here is how much of TeX's memory you used:
 34343 strings out of 492976
 691172 string characters out of 3135959
 820551 words of memory out of 3000000
 37375 multiletter control sequences out of 15000+200000
 628497 words of font info for 126 fonts, out of 3000000 for 9000
 1141 hyphenation exceptions out of 8191
 56i,14n,67p,10392b,2387s stack positions out of 5000i,500n,10000p,200000b,50000s
{C:/Program Files/MiKTeX 2.9/fonts/enc/dvips/base/8r.enc} <C:\U
sers\Mihai Lica Pura\AppData\Local\MiKTeX\2.9\fonts\pk\ljfour\public\rotunda\dp
i600\rtnd17.pk> <C:\Users\Mihai Lica Pura\AppData\Local\MiKTeX\2.9\fonts\pk\ljf
our\public\bbding\dpi657\bbding10.pk><C:/Program Files/MiKTeX 2.9/fonts/type1/p
ublic/amsfonts/cm/cmsy10.pfb><C:/Program Files/MiKTeX 2.9/fonts/type1/public/am
sfonts/latxfont/line10.pfb><C:/Program Files/MiKTeX 2.9/fonts/type1/public/amsf
onts/symbols/msam10.pfb><C:/Program Files/MiKTeX 2.9/fonts/type1/urw/courier/uc
rr8a.pfb><C:/Program Files/MiKTeX 2.9/fonts/type1/urw/helvetic/uhvb8a.pfb><C:/P
rogram Files/MiKTeX 2.9/fonts/type1/urw/helvetic/uhvbo8a.pfb><C:/Program Files/
MiKTeX 2.9/fonts/type1/urw/helvetic/uhvr8a.pfb><C:/Program Files/MiKTeX 2.9/fon
ts/type1/urw/helvetic/uhvro8a.pfb><C:/Program Files/MiKTeX 2.9/fonts/type1/urw/
times/utmr8a.pfb><C:/Program Files/MiKTeX 2.9/fonts/type1/urw/zapfding/uzdr.pfb
>
Output written on "14_Graphical Screen Design.pdf" (36 pages, 1049903 bytes).
PDF statistics:
 1087 PDF objects out of 1200 (max. 8388607)
 73 named destinations out of 1000 (max. 500000)
 188 words of extra memory for PDF output out of 10000 (max. 10000000)

